[0.256s] DEBUG:colcon:Command line arguments: ['/usr/bin/colcon', 'build']
[0.256s] DEBUG:colcon:Parsed command line arguments: Namespace(log_base=None, log_level=None, verb_name='build', build_base='build', install_base='install', merge_install=False, symlink_install=False, test_result_base=None, continue_on_error=False, executor='parallel', parallel_workers=4, event_handlers=None, ignore_user_meta=False, metas=['./colcon.meta'], base_paths=['.'], packages_ignore=None, packages_ignore_regex=None, paths=None, packages_up_to=None, packages_up_to_regex=None, packages_above=None, packages_above_and_dependencies=None, packages_above_depth=None, packages_select_by_dep=None, packages_skip_by_dep=None, packages_skip_up_to=None, packages_select_build_failed=False, packages_skip_build_finished=False, packages_select_test_failures=False, packages_skip_test_passed=False, packages_select=None, packages_skip=None, packages_select_regex=None, packages_skip_regex=None, packages_start=None, packages_end=None, allow_overriding=[], cmake_args=None, cmake_target=None, cmake_target_skip_unavailable=False, cmake_clean_cache=False, cmake_clean_first=False, cmake_force_configure=False, ament_cmake_args=None, catkin_cmake_args=None, catkin_skip_building_tests=False, mixin_files=None, mixin=None, verb_parser=<colcon_mixin.mixin.mixin_argument.MixinArgumentDecorator object at 0x7ba0e9777470>, verb_extension=<colcon_core.verb.build.BuildVerb object at 0x7ba0e9776a20>, main=<bound method BuildVerb.main of <colcon_core.verb.build.BuildVerb object at 0x7ba0e9776a20>>, mixin_verb=('build',))
[0.294s] Level 1:colcon.colcon_core.package_discovery:discover_packages(colcon_meta) check parameters
[0.294s] Level 1:colcon.colcon_core.package_discovery:discover_packages(recursive) check parameters
[0.294s] Level 1:colcon.colcon_core.package_discovery:discover_packages(ignore) check parameters
[0.294s] Level 1:colcon.colcon_core.package_discovery:discover_packages(path) check parameters
[0.294s] Level 1:colcon.colcon_core.package_discovery:discover_packages(colcon_meta) discover
[0.294s] Level 1:colcon.colcon_core.package_discovery:discover_packages(recursive) discover
[0.295s] INFO:colcon.colcon_core.package_discovery:Crawling recursively for packages in '/home/gregory3/ros2_ws'
[0.295s] Level 1:colcon.colcon_core.package_identification:_identify(.) by extensions ['ignore', 'ignore_ament_install']
[0.295s] Level 1:colcon.colcon_core.package_identification:_identify(.) by extension 'ignore'
[0.295s] Level 1:colcon.colcon_core.package_identification:_identify(.) by extension 'ignore_ament_install'
[0.295s] Level 1:colcon.colcon_core.package_identification:_identify(.) by extensions ['colcon_pkg']
[0.295s] Level 1:colcon.colcon_core.package_identification:_identify(.) by extension 'colcon_pkg'
[0.295s] Level 1:colcon.colcon_core.package_identification:_identify(.) by extensions ['colcon_meta']
[0.295s] Level 1:colcon.colcon_core.package_identification:_identify(.) by extension 'colcon_meta'
[0.295s] Level 1:colcon.colcon_core.package_identification:_identify(.) by extensions ['ros']
[0.295s] Level 1:colcon.colcon_core.package_identification:_identify(.) by extension 'ros'
[0.322s] Level 1:colcon.colcon_core.package_identification:_identify(.) by extensions ['cmake', 'python']
[0.322s] Level 1:colcon.colcon_core.package_identification:_identify(.) by extension 'cmake'
[0.322s] Level 1:colcon.colcon_core.package_identification:_identify(.) by extension 'python'
[0.322s] Level 1:colcon.colcon_core.package_identification:_identify(.) by extensions ['python_setup_py']
[0.322s] Level 1:colcon.colcon_core.package_identification:_identify(.) by extension 'python_setup_py'
[0.322s] Level 1:colcon.colcon_core.package_identification:_identify(build) by extensions ['ignore', 'ignore_ament_install']
[0.322s] Level 1:colcon.colcon_core.package_identification:_identify(build) by extension 'ignore'
[0.322s] Level 1:colcon.colcon_core.package_identification:_identify(build) ignored
[0.322s] Level 1:colcon.colcon_core.package_identification:_identify(install) by extensions ['ignore', 'ignore_ament_install']
[0.322s] Level 1:colcon.colcon_core.package_identification:_identify(install) by extension 'ignore'
[0.322s] Level 1:colcon.colcon_core.package_identification:_identify(install) ignored
[0.322s] Level 1:colcon.colcon_core.package_identification:_identify(log) by extensions ['ignore', 'ignore_ament_install']
[0.323s] Level 1:colcon.colcon_core.package_identification:_identify(log) by extension 'ignore'
[0.323s] Level 1:colcon.colcon_core.package_identification:_identify(log) ignored
[0.323s] Level 1:colcon.colcon_core.package_identification:_identify(src) by extensions ['ignore', 'ignore_ament_install']
[0.323s] Level 1:colcon.colcon_core.package_identification:_identify(src) by extension 'ignore'
[0.323s] Level 1:colcon.colcon_core.package_identification:_identify(src) by extension 'ignore_ament_install'
[0.323s] Level 1:colcon.colcon_core.package_identification:_identify(src) by extensions ['colcon_pkg']
[0.323s] Level 1:colcon.colcon_core.package_identification:_identify(src) by extension 'colcon_pkg'
[0.323s] Level 1:colcon.colcon_core.package_identification:_identify(src) by extensions ['colcon_meta']
[0.323s] Level 1:colcon.colcon_core.package_identification:_identify(src) by extension 'colcon_meta'
[0.323s] Level 1:colcon.colcon_core.package_identification:_identify(src) by extensions ['ros']
[0.323s] Level 1:colcon.colcon_core.package_identification:_identify(src) by extension 'ros'
[0.323s] Level 1:colcon.colcon_core.package_identification:_identify(src) by extensions ['cmake', 'python']
[0.323s] Level 1:colcon.colcon_core.package_identification:_identify(src) by extension 'cmake'
[0.323s] Level 1:colcon.colcon_core.package_identification:_identify(src) by extension 'python'
[0.323s] Level 1:colcon.colcon_core.package_identification:_identify(src) by extensions ['python_setup_py']
[0.323s] Level 1:colcon.colcon_core.package_identification:_identify(src) by extension 'python_setup_py'
[0.323s] Level 1:colcon.colcon_core.package_identification:_identify(src/my_robot_bringup) by extensions ['ignore', 'ignore_ament_install']
[0.323s] Level 1:colcon.colcon_core.package_identification:_identify(src/my_robot_bringup) by extension 'ignore'
[0.323s] Level 1:colcon.colcon_core.package_identification:_identify(src/my_robot_bringup) by extension 'ignore_ament_install'
[0.323s] Level 1:colcon.colcon_core.package_identification:_identify(src/my_robot_bringup) by extensions ['colcon_pkg']
[0.323s] Level 1:colcon.colcon_core.package_identification:_identify(src/my_robot_bringup) by extension 'colcon_pkg'
[0.323s] Level 1:colcon.colcon_core.package_identification:_identify(src/my_robot_bringup) by extensions ['colcon_meta']
[0.323s] Level 1:colcon.colcon_core.package_identification:_identify(src/my_robot_bringup) by extension 'colcon_meta'
[0.323s] Level 1:colcon.colcon_core.package_identification:_identify(src/my_robot_bringup) by extensions ['ros']
[0.323s] Level 1:colcon.colcon_core.package_identification:_identify(src/my_robot_bringup) by extension 'ros'
[0.327s] DEBUG:colcon.colcon_core.package_identification:Package 'src/my_robot_bringup' with type 'ros.ament_cmake' and name 'my_robot_bringup'
[0.327s] Level 1:colcon.colcon_core.package_identification:_identify(src/my_robot_controller) by extensions ['ignore', 'ignore_ament_install']
[0.327s] Level 1:colcon.colcon_core.package_identification:_identify(src/my_robot_controller) by extension 'ignore'
[0.327s] Level 1:colcon.colcon_core.package_identification:_identify(src/my_robot_controller) by extension 'ignore_ament_install'
[0.327s] Level 1:colcon.colcon_core.package_identification:_identify(src/my_robot_controller) by extensions ['colcon_pkg']
[0.327s] Level 1:colcon.colcon_core.package_identification:_identify(src/my_robot_controller) by extension 'colcon_pkg'
[0.327s] Level 1:colcon.colcon_core.package_identification:_identify(src/my_robot_controller) by extensions ['colcon_meta']
[0.327s] Level 1:colcon.colcon_core.package_identification:_identify(src/my_robot_controller) by extension 'colcon_meta'
[0.327s] Level 1:colcon.colcon_core.package_identification:_identify(src/my_robot_controller) by extensions ['ros']
[0.327s] Level 1:colcon.colcon_core.package_identification:_identify(src/my_robot_controller) by extension 'ros'
[0.328s] DEBUG:colcon.colcon_core.package_identification:Package 'src/my_robot_controller' with type 'ros.ament_python' and name 'my_robot_controller'
[0.328s] Level 1:colcon.colcon_core.package_identification:_identify(src/my_robot_description) by extensions ['ignore', 'ignore_ament_install']
[0.328s] Level 1:colcon.colcon_core.package_identification:_identify(src/my_robot_description) by extension 'ignore'
[0.328s] Level 1:colcon.colcon_core.package_identification:_identify(src/my_robot_description) by extension 'ignore_ament_install'
[0.328s] Level 1:colcon.colcon_core.package_identification:_identify(src/my_robot_description) by extensions ['colcon_pkg']
[0.328s] Level 1:colcon.colcon_core.package_identification:_identify(src/my_robot_description) by extension 'colcon_pkg'
[0.328s] Level 1:colcon.colcon_core.package_identification:_identify(src/my_robot_description) by extensions ['colcon_meta']
[0.328s] Level 1:colcon.colcon_core.package_identification:_identify(src/my_robot_description) by extension 'colcon_meta'
[0.329s] Level 1:colcon.colcon_core.package_identification:_identify(src/my_robot_description) by extensions ['ros']
[0.329s] Level 1:colcon.colcon_core.package_identification:_identify(src/my_robot_description) by extension 'ros'
[0.329s] DEBUG:colcon.colcon_core.package_identification:Package 'src/my_robot_description' with type 'ros.ament_cmake' and name 'my_robot_description'
[0.329s] Level 1:colcon.colcon_core.package_identification:_identify(src/rplidar_ros) by extensions ['ignore', 'ignore_ament_install']
[0.329s] Level 1:colcon.colcon_core.package_identification:_identify(src/rplidar_ros) by extension 'ignore'
[0.329s] Level 1:colcon.colcon_core.package_identification:_identify(src/rplidar_ros) by extension 'ignore_ament_install'
[0.329s] Level 1:colcon.colcon_core.package_identification:_identify(src/rplidar_ros) by extensions ['colcon_pkg']
[0.329s] Level 1:colcon.colcon_core.package_identification:_identify(src/rplidar_ros) by extension 'colcon_pkg'
[0.329s] Level 1:colcon.colcon_core.package_identification:_identify(src/rplidar_ros) by extensions ['colcon_meta']
[0.329s] Level 1:colcon.colcon_core.package_identification:_identify(src/rplidar_ros) by extension 'colcon_meta'
[0.329s] Level 1:colcon.colcon_core.package_identification:_identify(src/rplidar_ros) by extensions ['ros']
[0.329s] Level 1:colcon.colcon_core.package_identification:_identify(src/rplidar_ros) by extension 'ros'
[0.330s] DEBUG:colcon.colcon_core.package_identification:Package 'src/rplidar_ros' with type 'ros.ament_cmake' and name 'rplidar_ros'
[0.330s] Level 1:colcon.colcon_core.package_discovery:discover_packages(recursive) using defaults
[0.330s] Level 1:colcon.colcon_core.package_discovery:discover_packages(ignore) discover
[0.330s] Level 1:colcon.colcon_core.package_discovery:discover_packages(ignore) using defaults
[0.330s] Level 1:colcon.colcon_core.package_discovery:discover_packages(path) discover
[0.330s] Level 1:colcon.colcon_core.package_discovery:discover_packages(path) using defaults
[0.358s] Level 1:colcon.colcon_core.package_discovery:discover_packages(prefix_path) check parameters
[0.358s] Level 1:colcon.colcon_core.package_discovery:discover_packages(prefix_path) discover
[0.361s] DEBUG:colcon.colcon_installed_package_information.package_discovery:Found 1 installed packages in /home/gregory3/rplidar_ros/install
[0.363s] DEBUG:colcon.colcon_installed_package_information.package_discovery:Found 3 installed packages in /home/gregory3/ros2_ws/install
[0.364s] DEBUG:colcon.colcon_installed_package_information.package_discovery:Found 1 installed packages in /home/gregory3/led_control/install
[0.365s] DEBUG:colcon.colcon_installed_package_information.package_discovery:Found 351 installed packages in /opt/ros/jazzy
[0.367s] Level 1:colcon.colcon_core.package_discovery:discover_packages(prefix_path) using defaults
[0.436s] Level 5:colcon.colcon_core.verb:set package 'my_robot_controller' build argument 'cmake_args' from command line to 'None'
[0.436s] Level 5:colcon.colcon_core.verb:set package 'my_robot_controller' build argument 'cmake_target' from command line to 'None'
[0.436s] Level 5:colcon.colcon_core.verb:set package 'my_robot_controller' build argument 'cmake_target_skip_unavailable' from command line to 'False'
[0.436s] Level 5:colcon.colcon_core.verb:set package 'my_robot_controller' build argument 'cmake_clean_cache' from command line to 'False'
[0.436s] Level 5:colcon.colcon_core.verb:set package 'my_robot_controller' build argument 'cmake_clean_first' from command line to 'False'
[0.436s] Level 5:colcon.colcon_core.verb:set package 'my_robot_controller' build argument 'cmake_force_configure' from command line to 'False'
[0.436s] Level 5:colcon.colcon_core.verb:set package 'my_robot_controller' build argument 'ament_cmake_args' from command line to 'None'
[0.436s] Level 5:colcon.colcon_core.verb:set package 'my_robot_controller' build argument 'catkin_cmake_args' from command line to 'None'
[0.436s] Level 5:colcon.colcon_core.verb:set package 'my_robot_controller' build argument 'catkin_skip_building_tests' from command line to 'False'
[0.436s] DEBUG:colcon.colcon_core.verb:Building package 'my_robot_controller' with the following arguments: {'ament_cmake_args': None, 'build_base': '/home/gregory3/ros2_ws/build/my_robot_controller', 'catkin_cmake_args': None, 'catkin_skip_building_tests': False, 'cmake_args': None, 'cmake_clean_cache': False, 'cmake_clean_first': False, 'cmake_force_configure': False, 'cmake_target': None, 'cmake_target_skip_unavailable': False, 'install_base': '/home/gregory3/ros2_ws/install/my_robot_controller', 'merge_install': False, 'path': '/home/gregory3/ros2_ws/src/my_robot_controller', 'symlink_install': False, 'test_result_base': None}
[0.437s] Level 5:colcon.colcon_core.verb:set package 'my_robot_description' build argument 'cmake_args' from command line to 'None'
[0.437s] Level 5:colcon.colcon_core.verb:set package 'my_robot_description' build argument 'cmake_target' from command line to 'None'
[0.437s] Level 5:colcon.colcon_core.verb:set package 'my_robot_description' build argument 'cmake_target_skip_unavailable' from command line to 'False'
[0.437s] Level 5:colcon.colcon_core.verb:set package 'my_robot_description' build argument 'cmake_clean_cache' from command line to 'False'
[0.437s] Level 5:colcon.colcon_core.verb:set package 'my_robot_description' build argument 'cmake_clean_first' from command line to 'False'
[0.437s] Level 5:colcon.colcon_core.verb:set package 'my_robot_description' build argument 'cmake_force_configure' from command line to 'False'
[0.437s] Level 5:colcon.colcon_core.verb:set package 'my_robot_description' build argument 'ament_cmake_args' from command line to 'None'
[0.437s] Level 5:colcon.colcon_core.verb:set package 'my_robot_description' build argument 'catkin_cmake_args' from command line to 'None'
[0.437s] Level 5:colcon.colcon_core.verb:set package 'my_robot_description' build argument 'catkin_skip_building_tests' from command line to 'False'
[0.437s] DEBUG:colcon.colcon_core.verb:Building package 'my_robot_description' with the following arguments: {'ament_cmake_args': None, 'build_base': '/home/gregory3/ros2_ws/build/my_robot_description', 'catkin_cmake_args': None, 'catkin_skip_building_tests': False, 'cmake_args': None, 'cmake_clean_cache': False, 'cmake_clean_first': False, 'cmake_force_configure': False, 'cmake_target': None, 'cmake_target_skip_unavailable': False, 'install_base': '/home/gregory3/ros2_ws/install/my_robot_description', 'merge_install': False, 'path': '/home/gregory3/ros2_ws/src/my_robot_description', 'symlink_install': False, 'test_result_base': None}
[0.437s] Level 5:colcon.colcon_core.verb:set package 'rplidar_ros' build argument 'cmake_args' from command line to 'None'
[0.437s] Level 5:colcon.colcon_core.verb:set package 'rplidar_ros' build argument 'cmake_target' from command line to 'None'
[0.437s] Level 5:colcon.colcon_core.verb:set package 'rplidar_ros' build argument 'cmake_target_skip_unavailable' from command line to 'False'
[0.437s] Level 5:colcon.colcon_core.verb:set package 'rplidar_ros' build argument 'cmake_clean_cache' from command line to 'False'
[0.437s] Level 5:colcon.colcon_core.verb:set package 'rplidar_ros' build argument 'cmake_clean_first' from command line to 'False'
[0.437s] Level 5:colcon.colcon_core.verb:set package 'rplidar_ros' build argument 'cmake_force_configure' from command line to 'False'
[0.437s] Level 5:colcon.colcon_core.verb:set package 'rplidar_ros' build argument 'ament_cmake_args' from command line to 'None'
[0.437s] Level 5:colcon.colcon_core.verb:set package 'rplidar_ros' build argument 'catkin_cmake_args' from command line to 'None'
[0.437s] Level 5:colcon.colcon_core.verb:set package 'rplidar_ros' build argument 'catkin_skip_building_tests' from command line to 'False'
[0.437s] DEBUG:colcon.colcon_core.verb:Building package 'rplidar_ros' with the following arguments: {'ament_cmake_args': None, 'build_base': '/home/gregory3/ros2_ws/build/rplidar_ros', 'catkin_cmake_args': None, 'catkin_skip_building_tests': False, 'cmake_args': None, 'cmake_clean_cache': False, 'cmake_clean_first': False, 'cmake_force_configure': False, 'cmake_target': None, 'cmake_target_skip_unavailable': False, 'install_base': '/home/gregory3/ros2_ws/install/rplidar_ros', 'merge_install': False, 'path': '/home/gregory3/ros2_ws/src/rplidar_ros', 'symlink_install': False, 'test_result_base': None}
[0.437s] Level 5:colcon.colcon_core.verb:set package 'my_robot_bringup' build argument 'cmake_args' from command line to 'None'
[0.437s] Level 5:colcon.colcon_core.verb:set package 'my_robot_bringup' build argument 'cmake_target' from command line to 'None'
[0.437s] Level 5:colcon.colcon_core.verb:set package 'my_robot_bringup' build argument 'cmake_target_skip_unavailable' from command line to 'False'
[0.437s] Level 5:colcon.colcon_core.verb:set package 'my_robot_bringup' build argument 'cmake_clean_cache' from command line to 'False'
[0.437s] Level 5:colcon.colcon_core.verb:set package 'my_robot_bringup' build argument 'cmake_clean_first' from command line to 'False'
[0.437s] Level 5:colcon.colcon_core.verb:set package 'my_robot_bringup' build argument 'cmake_force_configure' from command line to 'False'
[0.437s] Level 5:colcon.colcon_core.verb:set package 'my_robot_bringup' build argument 'ament_cmake_args' from command line to 'None'
[0.437s] Level 5:colcon.colcon_core.verb:set package 'my_robot_bringup' build argument 'catkin_cmake_args' from command line to 'None'
[0.437s] Level 5:colcon.colcon_core.verb:set package 'my_robot_bringup' build argument 'catkin_skip_building_tests' from command line to 'False'
[0.438s] DEBUG:colcon.colcon_core.verb:Building package 'my_robot_bringup' with the following arguments: {'ament_cmake_args': None, 'build_base': '/home/gregory3/ros2_ws/build/my_robot_bringup', 'catkin_cmake_args': None, 'catkin_skip_building_tests': False, 'cmake_args': None, 'cmake_clean_cache': False, 'cmake_clean_first': False, 'cmake_force_configure': False, 'cmake_target': None, 'cmake_target_skip_unavailable': False, 'install_base': '/home/gregory3/ros2_ws/install/my_robot_bringup', 'merge_install': False, 'path': '/home/gregory3/ros2_ws/src/my_robot_bringup', 'symlink_install': False, 'test_result_base': None}
[0.438s] INFO:colcon.colcon_core.executor:Executing jobs using 'parallel' executor
[0.438s] DEBUG:colcon.colcon_parallel_executor.executor.parallel:run_until_complete
[0.439s] INFO:colcon.colcon_ros.task.ament_python.build:Building ROS package in '/home/gregory3/ros2_ws/src/my_robot_controller' with build type 'ament_python'
[0.439s] Level 1:colcon.colcon_core.shell:create_environment_hook('my_robot_controller', 'ament_prefix_path')
[0.446s] INFO:colcon.colcon_core.plugin_system:Skipping extension 'colcon_core.shell.bat': Not used on non-Windows systems
[0.446s] INFO:colcon.colcon_core.shell:Creating environment hook '/home/gregory3/ros2_ws/install/my_robot_controller/share/my_robot_controller/hook/ament_prefix_path.ps1'
[0.448s] INFO:colcon.colcon_core.shell:Creating environment descriptor '/home/gregory3/ros2_ws/install/my_robot_controller/share/my_robot_controller/hook/ament_prefix_path.dsv'
[0.449s] INFO:colcon.colcon_core.shell:Creating environment hook '/home/gregory3/ros2_ws/install/my_robot_controller/share/my_robot_controller/hook/ament_prefix_path.sh'
[0.450s] INFO:colcon.colcon_core.shell:Skip shell extension 'powershell' for command environment: Not usable outside of PowerShell
[0.450s] DEBUG:colcon.colcon_core.shell:Skip shell extension 'dsv' for command environment
[0.454s] INFO:colcon.colcon_ros.task.ament_cmake.build:Building ROS package in '/home/gregory3/ros2_ws/src/my_robot_description' with build type 'ament_cmake'
[0.454s] INFO:colcon.colcon_cmake.task.cmake.build:Building CMake package in '/home/gregory3/ros2_ws/src/my_robot_description'
[0.454s] INFO:colcon.colcon_core.shell:Skip shell extension 'powershell' for command environment: Not usable outside of PowerShell
[0.454s] DEBUG:colcon.colcon_core.shell:Skip shell extension 'dsv' for command environment
[0.458s] INFO:colcon.colcon_ros.task.ament_cmake.build:Building ROS package in '/home/gregory3/ros2_ws/src/rplidar_ros' with build type 'ament_cmake'
[0.458s] INFO:colcon.colcon_cmake.task.cmake.build:Building CMake package in '/home/gregory3/ros2_ws/src/rplidar_ros'
[0.459s] INFO:colcon.colcon_core.shell:Skip shell extension 'powershell' for command environment: Not usable outside of PowerShell
[0.459s] DEBUG:colcon.colcon_core.shell:Skip shell extension 'dsv' for command environment
[0.678s] INFO:colcon.colcon_core.task.python.build:Building Python package in '/home/gregory3/ros2_ws/src/my_robot_controller'
[0.678s] INFO:colcon.colcon_core.shell:Skip shell extension 'powershell' for command environment: Not usable outside of PowerShell
[0.678s] DEBUG:colcon.colcon_core.shell:Skip shell extension 'dsv' for command environment
[0.684s] DEBUG:colcon.colcon_core.event_handler.log_command:Invoking command in '/home/gregory3/ros2_ws/build/my_robot_description': CMAKE_PREFIX_PATH=${CMAKE_PREFIX_PATH}:/home/gregory3/ros2_ws/install/my_robot_controller:/home/gregory3/led_control/install/led_control:/opt/ros/jazzy DEBUGINFOD_URLS=https://debuginfod.ubuntu.com /usr/bin/cmake --build /home/gregory3/ros2_ws/build/my_robot_description -- -j4 -l4
[0.689s] DEBUG:colcon.colcon_core.event_handler.log_command:Invoking command in '/home/gregory3/ros2_ws/build/rplidar_ros': CMAKE_PREFIX_PATH=${CMAKE_PREFIX_PATH}:/home/gregory3/ros2_ws/install/my_robot_controller:/home/gregory3/led_control/install/led_control:/opt/ros/jazzy DEBUGINFOD_URLS=https://debuginfod.ubuntu.com /usr/bin/cmake /home/gregory3/ros2_ws/src/rplidar_ros -DCMAKE_INSTALL_PREFIX=/home/gregory3/ros2_ws/install/rplidar_ros
[0.741s] DEBUG:colcon.colcon_core.event_handler.log_command:Invoked command in '/home/gregory3/ros2_ws/build/my_robot_description' returned '0': CMAKE_PREFIX_PATH=${CMAKE_PREFIX_PATH}:/home/gregory3/ros2_ws/install/my_robot_controller:/home/gregory3/led_control/install/led_control:/opt/ros/jazzy DEBUGINFOD_URLS=https://debuginfod.ubuntu.com /usr/bin/cmake --build /home/gregory3/ros2_ws/build/my_robot_description -- -j4 -l4
[0.779s] DEBUG:colcon.colcon_core.event_handler.log_command:Invoking command in '/home/gregory3/ros2_ws/build/my_robot_description': CMAKE_PREFIX_PATH=${CMAKE_PREFIX_PATH}:/home/gregory3/ros2_ws/install/my_robot_controller:/home/gregory3/led_control/install/led_control:/opt/ros/jazzy DEBUGINFOD_URLS=https://debuginfod.ubuntu.com /usr/bin/cmake --install /home/gregory3/ros2_ws/build/my_robot_description
[0.792s] Level 1:colcon.colcon_core.environment:create_environment_scripts_only(my_robot_description)
[0.792s] DEBUG:colcon.colcon_core.event_handler.log_command:Invoked command in '/home/gregory3/ros2_ws/build/my_robot_description' returned '0': CMAKE_PREFIX_PATH=${CMAKE_PREFIX_PATH}:/home/gregory3/ros2_ws/install/my_robot_controller:/home/gregory3/led_control/install/led_control:/opt/ros/jazzy DEBUGINFOD_URLS=https://debuginfod.ubuntu.com /usr/bin/cmake --install /home/gregory3/ros2_ws/build/my_robot_description
[0.803s] Level 1:colcon.colcon_core.environment:checking '/home/gregory3/ros2_ws/install/my_robot_description' for CMake module files
[0.804s] Level 1:colcon.colcon_core.environment:checking '/home/gregory3/ros2_ws/install/my_robot_description' for CMake config files
[0.805s] Level 1:colcon.colcon_core.shell:create_environment_hook('my_robot_description', 'cmake_prefix_path')
[0.805s] INFO:colcon.colcon_core.shell:Creating environment hook '/home/gregory3/ros2_ws/install/my_robot_description/share/my_robot_description/hook/cmake_prefix_path.ps1'
[0.805s] INFO:colcon.colcon_core.shell:Creating environment descriptor '/home/gregory3/ros2_ws/install/my_robot_description/share/my_robot_description/hook/cmake_prefix_path.dsv'
[0.806s] INFO:colcon.colcon_core.shell:Creating environment hook '/home/gregory3/ros2_ws/install/my_robot_description/share/my_robot_description/hook/cmake_prefix_path.sh'
[0.807s] Level 1:colcon.colcon_core.environment:checking '/home/gregory3/ros2_ws/install/my_robot_description/bin'
[0.807s] Level 1:colcon.colcon_core.environment:checking '/home/gregory3/ros2_ws/install/my_robot_description/lib/pkgconfig/my_robot_description.pc'
[0.807s] Level 1:colcon.colcon_core.environment:checking '/home/gregory3/ros2_ws/install/my_robot_description/lib/python3.12/site-packages'
[0.807s] Level 1:colcon.colcon_core.environment:checking '/home/gregory3/ros2_ws/install/my_robot_description/bin'
[0.808s] INFO:colcon.colcon_core.shell:Creating package script '/home/gregory3/ros2_ws/install/my_robot_description/share/my_robot_description/package.ps1'
[0.809s] INFO:colcon.colcon_core.shell:Creating package descriptor '/home/gregory3/ros2_ws/install/my_robot_description/share/my_robot_description/package.dsv'
[0.810s] INFO:colcon.colcon_core.shell:Creating package script '/home/gregory3/ros2_ws/install/my_robot_description/share/my_robot_description/package.sh'
[0.811s] INFO:colcon.colcon_core.shell:Creating package script '/home/gregory3/ros2_ws/install/my_robot_description/share/my_robot_description/package.bash'
[0.812s] INFO:colcon.colcon_core.shell:Creating package script '/home/gregory3/ros2_ws/install/my_robot_description/share/my_robot_description/package.zsh'
[0.814s] Level 1:colcon.colcon_core.environment:create_file_with_runtime_dependencies(/home/gregory3/ros2_ws/install/my_robot_description/share/colcon-core/packages/my_robot_description)
[0.835s] Level 1:colcon.colcon_core.environment:create_environment_scripts_only(my_robot_description)
[0.836s] Level 1:colcon.colcon_core.environment:checking '/home/gregory3/ros2_ws/install/my_robot_description' for CMake module files
[0.836s] Level 1:colcon.colcon_core.environment:checking '/home/gregory3/ros2_ws/install/my_robot_description' for CMake config files
[0.836s] Level 1:colcon.colcon_core.shell:create_environment_hook('my_robot_description', 'cmake_prefix_path')
[0.836s] INFO:colcon.colcon_core.shell:Creating environment hook '/home/gregory3/ros2_ws/install/my_robot_description/share/my_robot_description/hook/cmake_prefix_path.ps1'
[0.837s] INFO:colcon.colcon_core.shell:Creating environment descriptor '/home/gregory3/ros2_ws/install/my_robot_description/share/my_robot_description/hook/cmake_prefix_path.dsv'
[0.837s] INFO:colcon.colcon_core.shell:Creating environment hook '/home/gregory3/ros2_ws/install/my_robot_description/share/my_robot_description/hook/cmake_prefix_path.sh'
[0.838s] Level 1:colcon.colcon_core.environment:checking '/home/gregory3/ros2_ws/install/my_robot_description/bin'
[0.838s] Level 1:colcon.colcon_core.environment:checking '/home/gregory3/ros2_ws/install/my_robot_description/lib/pkgconfig/my_robot_description.pc'
[0.838s] Level 1:colcon.colcon_core.environment:checking '/home/gregory3/ros2_ws/install/my_robot_description/lib/python3.12/site-packages'
[0.838s] Level 1:colcon.colcon_core.environment:checking '/home/gregory3/ros2_ws/install/my_robot_description/bin'
[0.838s] INFO:colcon.colcon_core.shell:Creating package script '/home/gregory3/ros2_ws/install/my_robot_description/share/my_robot_description/package.ps1'
[0.839s] INFO:colcon.colcon_core.shell:Creating package descriptor '/home/gregory3/ros2_ws/install/my_robot_description/share/my_robot_description/package.dsv'
[0.839s] INFO:colcon.colcon_core.shell:Creating package script '/home/gregory3/ros2_ws/install/my_robot_description/share/my_robot_description/package.sh'
[0.840s] INFO:colcon.colcon_core.shell:Creating package script '/home/gregory3/ros2_ws/install/my_robot_description/share/my_robot_description/package.bash'
[0.841s] INFO:colcon.colcon_core.shell:Creating package script '/home/gregory3/ros2_ws/install/my_robot_description/share/my_robot_description/package.zsh'
[0.841s] Level 1:colcon.colcon_core.environment:create_file_with_runtime_dependencies(/home/gregory3/ros2_ws/install/my_robot_description/share/colcon-core/packages/my_robot_description)
[1.584s] DEBUG:colcon.colcon_core.event_handler.log_command:Invoking command in '/home/gregory3/ros2_ws/src/my_robot_controller': DEBUGINFOD_URLS=https://debuginfod.ubuntu.com PYTHONPATH=/home/gregory3/ros2_ws/build/my_robot_controller/prefix_override:/usr/lib/python3/dist-packages/colcon_core/task/python/colcon_distutils_commands:/home/gregory3/ros2_ws/install/my_robot_controller/lib/python3.12/site-packages:${PYTHONPATH} /usr/bin/python3 -W ignore:setup.py install is deprecated setup.py egg_info --egg-base ../../build/my_robot_controller build --build-base /home/gregory3/ros2_ws/build/my_robot_controller/build install --record /home/gregory3/ros2_ws/build/my_robot_controller/install.log --single-version-externally-managed install_data
[2.171s] Level 1:colcon.colcon_core.environment:checking '/home/gregory3/ros2_ws/install/my_robot_controller' for CMake module files
[2.171s] DEBUG:colcon.colcon_core.event_handler.log_command:Invoked command in '/home/gregory3/ros2_ws/src/my_robot_controller' returned '0': DEBUGINFOD_URLS=https://debuginfod.ubuntu.com PYTHONPATH=/home/gregory3/ros2_ws/build/my_robot_controller/prefix_override:/usr/lib/python3/dist-packages/colcon_core/task/python/colcon_distutils_commands:/home/gregory3/ros2_ws/install/my_robot_controller/lib/python3.12/site-packages:${PYTHONPATH} /usr/bin/python3 -W ignore:setup.py install is deprecated setup.py egg_info --egg-base ../../build/my_robot_controller build --build-base /home/gregory3/ros2_ws/build/my_robot_controller/build install --record /home/gregory3/ros2_ws/build/my_robot_controller/install.log --single-version-externally-managed install_data
[2.172s] Level 1:colcon.colcon_core.environment:checking '/home/gregory3/ros2_ws/install/my_robot_controller' for CMake config files
[2.172s] Level 1:colcon.colcon_core.environment:checking '/home/gregory3/ros2_ws/install/my_robot_controller/lib'
[2.172s] Level 1:colcon.colcon_core.environment:checking '/home/gregory3/ros2_ws/install/my_robot_controller/bin'
[2.172s] Level 1:colcon.colcon_core.environment:checking '/home/gregory3/ros2_ws/install/my_robot_controller/lib/pkgconfig/my_robot_controller.pc'
[2.173s] Level 1:colcon.colcon_core.environment:checking '/home/gregory3/ros2_ws/install/my_robot_controller/lib/python3.12/site-packages'
[2.173s] Level 1:colcon.colcon_core.shell:create_environment_hook('my_robot_controller', 'pythonpath')
[2.173s] INFO:colcon.colcon_core.shell:Creating environment hook '/home/gregory3/ros2_ws/install/my_robot_controller/share/my_robot_controller/hook/pythonpath.ps1'
[2.173s] INFO:colcon.colcon_core.shell:Creating environment descriptor '/home/gregory3/ros2_ws/install/my_robot_controller/share/my_robot_controller/hook/pythonpath.dsv'
[2.173s] INFO:colcon.colcon_core.shell:Creating environment hook '/home/gregory3/ros2_ws/install/my_robot_controller/share/my_robot_controller/hook/pythonpath.sh'
[2.174s] Level 1:colcon.colcon_core.environment:checking '/home/gregory3/ros2_ws/install/my_robot_controller/bin'
[2.174s] Level 1:colcon.colcon_core.environment:create_environment_scripts_only(my_robot_controller)
[2.174s] INFO:colcon.colcon_core.shell:Creating package script '/home/gregory3/ros2_ws/install/my_robot_controller/share/my_robot_controller/package.ps1'
[2.175s] INFO:colcon.colcon_core.shell:Creating package descriptor '/home/gregory3/ros2_ws/install/my_robot_controller/share/my_robot_controller/package.dsv'
[2.175s] INFO:colcon.colcon_core.shell:Creating package script '/home/gregory3/ros2_ws/install/my_robot_controller/share/my_robot_controller/package.sh'
[2.175s] INFO:colcon.colcon_core.shell:Creating package script '/home/gregory3/ros2_ws/install/my_robot_controller/share/my_robot_controller/package.bash'
[2.176s] INFO:colcon.colcon_core.shell:Creating package script '/home/gregory3/ros2_ws/install/my_robot_controller/share/my_robot_controller/package.zsh'
[2.176s] Level 1:colcon.colcon_core.environment:create_file_with_runtime_dependencies(/home/gregory3/ros2_ws/install/my_robot_controller/share/colcon-core/packages/my_robot_controller)
[2.176s] INFO:colcon.colcon_ros.task.ament_cmake.build:Building ROS package in '/home/gregory3/ros2_ws/src/my_robot_bringup' with build type 'ament_cmake'
[2.176s] INFO:colcon.colcon_cmake.task.cmake.build:Building CMake package in '/home/gregory3/ros2_ws/src/my_robot_bringup'
[2.176s] INFO:colcon.colcon_core.shell:Skip shell extension 'powershell' for command environment: Not usable outside of PowerShell
[2.176s] DEBUG:colcon.colcon_core.shell:Skip shell extension 'dsv' for command environment
[2.194s] DEBUG:colcon.colcon_core.event_handler.log_command:Invoking command in '/home/gregory3/ros2_ws/build/my_robot_bringup': AMENT_PREFIX_PATH=/home/gregory3/ros2_ws/install/my_robot_controller:/home/gregory3/rplidar_ros/install/rplidar_ros:/home/gregory3/ros2_ws/install/my_robot_description:/home/gregory3/ros2_ws/install/my_robot_bringup:/home/gregory3/led_control/install/led_control:/opt/ros/jazzy CMAKE_PREFIX_PATH=/home/gregory3/ros2_ws/install/my_robot_description:/home/gregory3/rplidar_ros/install/rplidar_ros:/home/gregory3/ros2_ws/install/my_robot_bringup:/opt/ros/jazzy/opt/gz_sim_vendor:/opt/ros/jazzy/opt/gz_sensors_vendor:/opt/ros/jazzy/opt/gz_physics_vendor:/opt/ros/jazzy/opt/sdformat_vendor:/opt/ros/jazzy/opt/gz_gui_vendor:/opt/ros/jazzy/opt/gz_transport_vendor:/opt/ros/jazzy/opt/gz_rendering_vendor:/opt/ros/jazzy/opt/gz_plugin_vendor:/opt/ros/jazzy/opt/gz_fuel_tools_vendor:/opt/ros/jazzy/opt/gz_msgs_vendor:/opt/ros/jazzy/opt/gz_common_vendor:/opt/ros/jazzy/opt/gz_math_vendor:/opt/ros/jazzy/opt/gz_utils_vendor:/opt/ros/jazzy/opt/gz_tools_vendor:/opt/ros/jazzy/opt/gz_ogre_next_vendor:/opt/ros/jazzy/opt/gz_dartsim_vendor:/opt/ros/jazzy/opt/gz_cmake_vendor:/home/gregory3/ros2_ws/install/my_robot_controller:/home/gregory3/led_control/install/led_control:/opt/ros/jazzy DEBUGINFOD_URLS=https://debuginfod.ubuntu.com /usr/bin/cmake --build /home/gregory3/ros2_ws/build/my_robot_bringup -- -j4 -l4
[2.232s] DEBUG:colcon.colcon_core.event_handler.log_command:Invoked command in '/home/gregory3/ros2_ws/build/my_robot_bringup' returned '0': AMENT_PREFIX_PATH=/home/gregory3/ros2_ws/install/my_robot_controller:/home/gregory3/rplidar_ros/install/rplidar_ros:/home/gregory3/ros2_ws/install/my_robot_description:/home/gregory3/ros2_ws/install/my_robot_bringup:/home/gregory3/led_control/install/led_control:/opt/ros/jazzy CMAKE_PREFIX_PATH=/home/gregory3/ros2_ws/install/my_robot_description:/home/gregory3/rplidar_ros/install/rplidar_ros:/home/gregory3/ros2_ws/install/my_robot_bringup:/opt/ros/jazzy/opt/gz_sim_vendor:/opt/ros/jazzy/opt/gz_sensors_vendor:/opt/ros/jazzy/opt/gz_physics_vendor:/opt/ros/jazzy/opt/sdformat_vendor:/opt/ros/jazzy/opt/gz_gui_vendor:/opt/ros/jazzy/opt/gz_transport_vendor:/opt/ros/jazzy/opt/gz_rendering_vendor:/opt/ros/jazzy/opt/gz_plugin_vendor:/opt/ros/jazzy/opt/gz_fuel_tools_vendor:/opt/ros/jazzy/opt/gz_msgs_vendor:/opt/ros/jazzy/opt/gz_common_vendor:/opt/ros/jazzy/opt/gz_math_vendor:/opt/ros/jazzy/opt/gz_utils_vendor:/opt/ros/jazzy/opt/gz_tools_vendor:/opt/ros/jazzy/opt/gz_ogre_next_vendor:/opt/ros/jazzy/opt/gz_dartsim_vendor:/opt/ros/jazzy/opt/gz_cmake_vendor:/home/gregory3/ros2_ws/install/my_robot_controller:/home/gregory3/led_control/install/led_control:/opt/ros/jazzy DEBUGINFOD_URLS=https://debuginfod.ubuntu.com /usr/bin/cmake --build /home/gregory3/ros2_ws/build/my_robot_bringup -- -j4 -l4
[2.257s] DEBUG:colcon.colcon_core.event_handler.log_command:Invoking command in '/home/gregory3/ros2_ws/build/my_robot_bringup': AMENT_PREFIX_PATH=/home/gregory3/ros2_ws/install/my_robot_controller:/home/gregory3/rplidar_ros/install/rplidar_ros:/home/gregory3/ros2_ws/install/my_robot_description:/home/gregory3/ros2_ws/install/my_robot_bringup:/home/gregory3/led_control/install/led_control:/opt/ros/jazzy CMAKE_PREFIX_PATH=/home/gregory3/ros2_ws/install/my_robot_description:/home/gregory3/rplidar_ros/install/rplidar_ros:/home/gregory3/ros2_ws/install/my_robot_bringup:/opt/ros/jazzy/opt/gz_sim_vendor:/opt/ros/jazzy/opt/gz_sensors_vendor:/opt/ros/jazzy/opt/gz_physics_vendor:/opt/ros/jazzy/opt/sdformat_vendor:/opt/ros/jazzy/opt/gz_gui_vendor:/opt/ros/jazzy/opt/gz_transport_vendor:/opt/ros/jazzy/opt/gz_rendering_vendor:/opt/ros/jazzy/opt/gz_plugin_vendor:/opt/ros/jazzy/opt/gz_fuel_tools_vendor:/opt/ros/jazzy/opt/gz_msgs_vendor:/opt/ros/jazzy/opt/gz_common_vendor:/opt/ros/jazzy/opt/gz_math_vendor:/opt/ros/jazzy/opt/gz_utils_vendor:/opt/ros/jazzy/opt/gz_tools_vendor:/opt/ros/jazzy/opt/gz_ogre_next_vendor:/opt/ros/jazzy/opt/gz_dartsim_vendor:/opt/ros/jazzy/opt/gz_cmake_vendor:/home/gregory3/ros2_ws/install/my_robot_controller:/home/gregory3/led_control/install/led_control:/opt/ros/jazzy DEBUGINFOD_URLS=https://debuginfod.ubuntu.com /usr/bin/cmake --install /home/gregory3/ros2_ws/build/my_robot_bringup
[2.271s] Level 1:colcon.colcon_core.environment:create_environment_scripts_only(my_robot_bringup)
[2.271s] Level 1:colcon.colcon_core.environment:checking '/home/gregory3/ros2_ws/install/my_robot_bringup' for CMake module files
[2.272s] DEBUG:colcon.colcon_core.event_handler.log_command:Invoked command in '/home/gregory3/ros2_ws/build/my_robot_bringup' returned '0': AMENT_PREFIX_PATH=/home/gregory3/ros2_ws/install/my_robot_controller:/home/gregory3/rplidar_ros/install/rplidar_ros:/home/gregory3/ros2_ws/install/my_robot_description:/home/gregory3/ros2_ws/install/my_robot_bringup:/home/gregory3/led_control/install/led_control:/opt/ros/jazzy CMAKE_PREFIX_PATH=/home/gregory3/ros2_ws/install/my_robot_description:/home/gregory3/rplidar_ros/install/rplidar_ros:/home/gregory3/ros2_ws/install/my_robot_bringup:/opt/ros/jazzy/opt/gz_sim_vendor:/opt/ros/jazzy/opt/gz_sensors_vendor:/opt/ros/jazzy/opt/gz_physics_vendor:/opt/ros/jazzy/opt/sdformat_vendor:/opt/ros/jazzy/opt/gz_gui_vendor:/opt/ros/jazzy/opt/gz_transport_vendor:/opt/ros/jazzy/opt/gz_rendering_vendor:/opt/ros/jazzy/opt/gz_plugin_vendor:/opt/ros/jazzy/opt/gz_fuel_tools_vendor:/opt/ros/jazzy/opt/gz_msgs_vendor:/opt/ros/jazzy/opt/gz_common_vendor:/opt/ros/jazzy/opt/gz_math_vendor:/opt/ros/jazzy/opt/gz_utils_vendor:/opt/ros/jazzy/opt/gz_tools_vendor:/opt/ros/jazzy/opt/gz_ogre_next_vendor:/opt/ros/jazzy/opt/gz_dartsim_vendor:/opt/ros/jazzy/opt/gz_cmake_vendor:/home/gregory3/ros2_ws/install/my_robot_controller:/home/gregory3/led_control/install/led_control:/opt/ros/jazzy DEBUGINFOD_URLS=https://debuginfod.ubuntu.com /usr/bin/cmake --install /home/gregory3/ros2_ws/build/my_robot_bringup
[2.272s] Level 1:colcon.colcon_core.environment:checking '/home/gregory3/ros2_ws/install/my_robot_bringup' for CMake config files
[2.273s] Level 1:colcon.colcon_core.shell:create_environment_hook('my_robot_bringup', 'cmake_prefix_path')
[2.273s] INFO:colcon.colcon_core.shell:Creating environment hook '/home/gregory3/ros2_ws/install/my_robot_bringup/share/my_robot_bringup/hook/cmake_prefix_path.ps1'
[2.273s] INFO:colcon.colcon_core.shell:Creating environment descriptor '/home/gregory3/ros2_ws/install/my_robot_bringup/share/my_robot_bringup/hook/cmake_prefix_path.dsv'
[2.273s] INFO:colcon.colcon_core.shell:Creating environment hook '/home/gregory3/ros2_ws/install/my_robot_bringup/share/my_robot_bringup/hook/cmake_prefix_path.sh'
[2.274s] Level 1:colcon.colcon_core.environment:checking '/home/gregory3/ros2_ws/install/my_robot_bringup/bin'
[2.274s] Level 1:colcon.colcon_core.environment:checking '/home/gregory3/ros2_ws/install/my_robot_bringup/lib/pkgconfig/my_robot_bringup.pc'
[2.274s] Level 1:colcon.colcon_core.environment:checking '/home/gregory3/ros2_ws/install/my_robot_bringup/lib/python3.12/site-packages'
[2.274s] Level 1:colcon.colcon_core.environment:checking '/home/gregory3/ros2_ws/install/my_robot_bringup/bin'
[2.274s] INFO:colcon.colcon_core.shell:Creating package script '/home/gregory3/ros2_ws/install/my_robot_bringup/share/my_robot_bringup/package.ps1'
[2.275s] INFO:colcon.colcon_core.shell:Creating package descriptor '/home/gregory3/ros2_ws/install/my_robot_bringup/share/my_robot_bringup/package.dsv'
[2.275s] INFO:colcon.colcon_core.shell:Creating package script '/home/gregory3/ros2_ws/install/my_robot_bringup/share/my_robot_bringup/package.sh'
[2.275s] INFO:colcon.colcon_core.shell:Creating package script '/home/gregory3/ros2_ws/install/my_robot_bringup/share/my_robot_bringup/package.bash'
[2.276s] INFO:colcon.colcon_core.shell:Creating package script '/home/gregory3/ros2_ws/install/my_robot_bringup/share/my_robot_bringup/package.zsh'
[2.276s] Level 1:colcon.colcon_core.environment:create_file_with_runtime_dependencies(/home/gregory3/ros2_ws/install/my_robot_bringup/share/colcon-core/packages/my_robot_bringup)
[2.295s] Level 1:colcon.colcon_core.environment:create_environment_scripts_only(my_robot_bringup)
[2.295s] Level 1:colcon.colcon_core.environment:checking '/home/gregory3/ros2_ws/install/my_robot_bringup' for CMake module files
[2.296s] Level 1:colcon.colcon_core.environment:checking '/home/gregory3/ros2_ws/install/my_robot_bringup' for CMake config files
[2.296s] Level 1:colcon.colcon_core.shell:create_environment_hook('my_robot_bringup', 'cmake_prefix_path')
[2.296s] INFO:colcon.colcon_core.shell:Creating environment hook '/home/gregory3/ros2_ws/install/my_robot_bringup/share/my_robot_bringup/hook/cmake_prefix_path.ps1'
[2.296s] INFO:colcon.colcon_core.shell:Creating environment descriptor '/home/gregory3/ros2_ws/install/my_robot_bringup/share/my_robot_bringup/hook/cmake_prefix_path.dsv'
[2.297s] INFO:colcon.colcon_core.shell:Creating environment hook '/home/gregory3/ros2_ws/install/my_robot_bringup/share/my_robot_bringup/hook/cmake_prefix_path.sh'
[2.297s] Level 1:colcon.colcon_core.environment:checking '/home/gregory3/ros2_ws/install/my_robot_bringup/bin'
[2.297s] Level 1:colcon.colcon_core.environment:checking '/home/gregory3/ros2_ws/install/my_robot_bringup/lib/pkgconfig/my_robot_bringup.pc'
[2.297s] Level 1:colcon.colcon_core.environment:checking '/home/gregory3/ros2_ws/install/my_robot_bringup/lib/python3.12/site-packages'
[2.297s] Level 1:colcon.colcon_core.environment:checking '/home/gregory3/ros2_ws/install/my_robot_bringup/bin'
[2.298s] INFO:colcon.colcon_core.shell:Creating package script '/home/gregory3/ros2_ws/install/my_robot_bringup/share/my_robot_bringup/package.ps1'
[2.298s] INFO:colcon.colcon_core.shell:Creating package descriptor '/home/gregory3/ros2_ws/install/my_robot_bringup/share/my_robot_bringup/package.dsv'
[2.299s] INFO:colcon.colcon_core.shell:Creating package script '/home/gregory3/ros2_ws/install/my_robot_bringup/share/my_robot_bringup/package.sh'
[2.299s] INFO:colcon.colcon_core.shell:Creating package script '/home/gregory3/ros2_ws/install/my_robot_bringup/share/my_robot_bringup/package.bash'
[2.299s] INFO:colcon.colcon_core.shell:Creating package script '/home/gregory3/ros2_ws/install/my_robot_bringup/share/my_robot_bringup/package.zsh'
[2.299s] Level 1:colcon.colcon_core.environment:create_file_with_runtime_dependencies(/home/gregory3/ros2_ws/install/my_robot_bringup/share/colcon-core/packages/my_robot_bringup)
[2.426s] DEBUG:colcon.colcon_core.event_handler.log_command:Invoked command in '/home/gregory3/ros2_ws/build/rplidar_ros' returned '0': CMAKE_PREFIX_PATH=${CMAKE_PREFIX_PATH}:/home/gregory3/ros2_ws/install/my_robot_controller:/home/gregory3/led_control/install/led_control:/opt/ros/jazzy DEBUGINFOD_URLS=https://debuginfod.ubuntu.com /usr/bin/cmake /home/gregory3/ros2_ws/src/rplidar_ros -DCMAKE_INSTALL_PREFIX=/home/gregory3/ros2_ws/install/rplidar_ros
[2.427s] DEBUG:colcon.colcon_core.event_handler.log_command:Invoking command in '/home/gregory3/ros2_ws/build/rplidar_ros': CMAKE_PREFIX_PATH=${CMAKE_PREFIX_PATH}:/home/gregory3/ros2_ws/install/my_robot_controller:/home/gregory3/led_control/install/led_control:/opt/ros/jazzy DEBUGINFOD_URLS=https://debuginfod.ubuntu.com /usr/bin/cmake --build /home/gregory3/ros2_ws/build/rplidar_ros -- -j4 -l4
[12.375s] DEBUG:colcon.colcon_core.event_handler.log_command:Invoked command in '/home/gregory3/ros2_ws/build/rplidar_ros' returned '0': CMAKE_PREFIX_PATH=${CMAKE_PREFIX_PATH}:/home/gregory3/ros2_ws/install/my_robot_controller:/home/gregory3/led_control/install/led_control:/opt/ros/jazzy DEBUGINFOD_URLS=https://debuginfod.ubuntu.com /usr/bin/cmake --build /home/gregory3/ros2_ws/build/rplidar_ros -- -j4 -l4
[12.408s] DEBUG:colcon.colcon_core.event_handler.log_command:Invoking command in '/home/gregory3/ros2_ws/build/rplidar_ros': CMAKE_PREFIX_PATH=${CMAKE_PREFIX_PATH}:/home/gregory3/ros2_ws/install/my_robot_controller:/home/gregory3/led_control/install/led_control:/opt/ros/jazzy DEBUGINFOD_URLS=https://debuginfod.ubuntu.com /usr/bin/cmake --install /home/gregory3/ros2_ws/build/rplidar_ros
[12.422s] Level 1:colcon.colcon_core.environment:create_environment_scripts_only(rplidar_ros)
[12.422s] Level 1:colcon.colcon_core.environment:checking '/home/gregory3/ros2_ws/install/rplidar_ros' for CMake module files
[12.423s] DEBUG:colcon.colcon_core.event_handler.log_command:Invoked command in '/home/gregory3/ros2_ws/build/rplidar_ros' returned '0': CMAKE_PREFIX_PATH=${CMAKE_PREFIX_PATH}:/home/gregory3/ros2_ws/install/my_robot_controller:/home/gregory3/led_control/install/led_control:/opt/ros/jazzy DEBUGINFOD_URLS=https://debuginfod.ubuntu.com /usr/bin/cmake --install /home/gregory3/ros2_ws/build/rplidar_ros
[12.423s] Level 1:colcon.colcon_core.environment:checking '/home/gregory3/ros2_ws/install/rplidar_ros' for CMake config files
[12.423s] Level 1:colcon.colcon_core.shell:create_environment_hook('rplidar_ros', 'cmake_prefix_path')
[12.423s] INFO:colcon.colcon_core.shell:Creating environment hook '/home/gregory3/ros2_ws/install/rplidar_ros/share/rplidar_ros/hook/cmake_prefix_path.ps1'
[12.424s] INFO:colcon.colcon_core.shell:Creating environment descriptor '/home/gregory3/ros2_ws/install/rplidar_ros/share/rplidar_ros/hook/cmake_prefix_path.dsv'
[12.424s] INFO:colcon.colcon_core.shell:Creating environment hook '/home/gregory3/ros2_ws/install/rplidar_ros/share/rplidar_ros/hook/cmake_prefix_path.sh'
[12.424s] Level 1:colcon.colcon_core.environment:checking '/home/gregory3/ros2_ws/install/rplidar_ros/lib'
[12.424s] Level 1:colcon.colcon_core.shell:create_environment_hook('rplidar_ros', 'ld_library_path_lib')
[12.424s] INFO:colcon.colcon_core.shell:Creating environment hook '/home/gregory3/ros2_ws/install/rplidar_ros/share/rplidar_ros/hook/ld_library_path_lib.ps1'
[12.425s] INFO:colcon.colcon_core.shell:Creating environment descriptor '/home/gregory3/ros2_ws/install/rplidar_ros/share/rplidar_ros/hook/ld_library_path_lib.dsv'
[12.425s] INFO:colcon.colcon_core.shell:Creating environment hook '/home/gregory3/ros2_ws/install/rplidar_ros/share/rplidar_ros/hook/ld_library_path_lib.sh'
[12.425s] Level 1:colcon.colcon_core.environment:checking '/home/gregory3/ros2_ws/install/rplidar_ros/bin'
[12.425s] Level 1:colcon.colcon_core.environment:checking '/home/gregory3/ros2_ws/install/rplidar_ros/lib/pkgconfig/rplidar_ros.pc'
[12.425s] Level 1:colcon.colcon_core.environment:checking '/home/gregory3/ros2_ws/install/rplidar_ros/lib/python3.12/site-packages'
[12.426s] Level 1:colcon.colcon_core.environment:checking '/home/gregory3/ros2_ws/install/rplidar_ros/bin'
[12.426s] INFO:colcon.colcon_core.shell:Creating package script '/home/gregory3/ros2_ws/install/rplidar_ros/share/rplidar_ros/package.ps1'
[12.426s] INFO:colcon.colcon_core.shell:Creating package descriptor '/home/gregory3/ros2_ws/install/rplidar_ros/share/rplidar_ros/package.dsv'
[12.426s] INFO:colcon.colcon_core.shell:Creating package script '/home/gregory3/ros2_ws/install/rplidar_ros/share/rplidar_ros/package.sh'
[12.427s] INFO:colcon.colcon_core.shell:Creating package script '/home/gregory3/ros2_ws/install/rplidar_ros/share/rplidar_ros/package.bash'
[12.427s] INFO:colcon.colcon_core.shell:Creating package script '/home/gregory3/ros2_ws/install/rplidar_ros/share/rplidar_ros/package.zsh'
[12.427s] Level 1:colcon.colcon_core.environment:create_file_with_runtime_dependencies(/home/gregory3/ros2_ws/install/rplidar_ros/share/colcon-core/packages/rplidar_ros)
[12.456s] Level 1:colcon.colcon_core.environment:create_environment_scripts_only(rplidar_ros)
[12.457s] Level 1:colcon.colcon_core.environment:checking '/home/gregory3/ros2_ws/install/rplidar_ros' for CMake module files
[12.457s] Level 1:colcon.colcon_core.environment:checking '/home/gregory3/ros2_ws/install/rplidar_ros' for CMake config files
[12.457s] Level 1:colcon.colcon_core.shell:create_environment_hook('rplidar_ros', 'cmake_prefix_path')
[12.457s] INFO:colcon.colcon_core.shell:Creating environment hook '/home/gregory3/ros2_ws/install/rplidar_ros/share/rplidar_ros/hook/cmake_prefix_path.ps1'
[12.458s] INFO:colcon.colcon_core.shell:Creating environment descriptor '/home/gregory3/ros2_ws/install/rplidar_ros/share/rplidar_ros/hook/cmake_prefix_path.dsv'
[12.458s] INFO:colcon.colcon_core.shell:Creating environment hook '/home/gregory3/ros2_ws/install/rplidar_ros/share/rplidar_ros/hook/cmake_prefix_path.sh'
[12.458s] Level 1:colcon.colcon_core.environment:checking '/home/gregory3/ros2_ws/install/rplidar_ros/lib'
[12.459s] Level 1:colcon.colcon_core.shell:create_environment_hook('rplidar_ros', 'ld_library_path_lib')
[12.459s] INFO:colcon.colcon_core.shell:Creating environment hook '/home/gregory3/ros2_ws/install/rplidar_ros/share/rplidar_ros/hook/ld_library_path_lib.ps1'
[12.459s] INFO:colcon.colcon_core.shell:Creating environment descriptor '/home/gregory3/ros2_ws/install/rplidar_ros/share/rplidar_ros/hook/ld_library_path_lib.dsv'
[12.459s] INFO:colcon.colcon_core.shell:Creating environment hook '/home/gregory3/ros2_ws/install/rplidar_ros/share/rplidar_ros/hook/ld_library_path_lib.sh'
[12.459s] Level 1:colcon.colcon_core.environment:checking '/home/gregory3/ros2_ws/install/rplidar_ros/bin'
[12.459s] Level 1:colcon.colcon_core.environment:checking '/home/gregory3/ros2_ws/install/rplidar_ros/lib/pkgconfig/rplidar_ros.pc'
[12.460s] Level 1:colcon.colcon_core.environment:checking '/home/gregory3/ros2_ws/install/rplidar_ros/lib/python3.12/site-packages'
[12.460s] Level 1:colcon.colcon_core.environment:checking '/home/gregory3/ros2_ws/install/rplidar_ros/bin'
[12.460s] INFO:colcon.colcon_core.shell:Creating package script '/home/gregory3/ros2_ws/install/rplidar_ros/share/rplidar_ros/package.ps1'
[12.460s] INFO:colcon.colcon_core.shell:Creating package descriptor '/home/gregory3/ros2_ws/install/rplidar_ros/share/rplidar_ros/package.dsv'
[12.461s] INFO:colcon.colcon_core.shell:Creating package script '/home/gregory3/ros2_ws/install/rplidar_ros/share/rplidar_ros/package.sh'
[12.461s] INFO:colcon.colcon_core.shell:Creating package script '/home/gregory3/ros2_ws/install/rplidar_ros/share/rplidar_ros/package.bash'
[12.461s] INFO:colcon.colcon_core.shell:Creating package script '/home/gregory3/ros2_ws/install/rplidar_ros/share/rplidar_ros/package.zsh'
[12.462s] Level 1:colcon.colcon_core.environment:create_file_with_runtime_dependencies(/home/gregory3/ros2_ws/install/rplidar_ros/share/colcon-core/packages/rplidar_ros)
[12.462s] DEBUG:colcon.colcon_parallel_executor.executor.parallel:closing loop
[12.462s] DEBUG:colcon.colcon_parallel_executor.executor.parallel:loop closed
[12.462s] DEBUG:colcon.colcon_parallel_executor.executor.parallel:run_until_complete finished with '0'
[12.462s] DEBUG:colcon.colcon_core.event_reactor:joining thread
[12.473s] INFO:colcon.colcon_core.plugin_system:Skipping extension 'colcon_notification.desktop_notification.terminal_notifier': Not used on non-Darwin systems
[12.473s] INFO:colcon.colcon_core.plugin_system:Skipping extension 'colcon_notification.desktop_notification.win32': Not used on non-Windows systems
[12.473s] INFO:colcon.colcon_notification.desktop_notification:Sending desktop notification using 'notify2'
[12.501s] DEBUG:colcon.colcon_core.event_reactor:joined thread
[12.501s] INFO:colcon.colcon_core.shell:Creating prefix script '/home/gregory3/ros2_ws/install/local_setup.ps1'
[12.502s] INFO:colcon.colcon_core.shell:Creating prefix util module '/home/gregory3/ros2_ws/install/_local_setup_util_ps1.py'
[12.503s] INFO:colcon.colcon_core.shell:Creating prefix chain script '/home/gregory3/ros2_ws/install/setup.ps1'
[12.505s] INFO:colcon.colcon_core.shell:Creating prefix script '/home/gregory3/ros2_ws/install/local_setup.sh'
[12.506s] INFO:colcon.colcon_core.shell:Creating prefix util module '/home/gregory3/ros2_ws/install/_local_setup_util_sh.py'
[12.506s] INFO:colcon.colcon_core.shell:Creating prefix chain script '/home/gregory3/ros2_ws/install/setup.sh'
[12.507s] INFO:colcon.colcon_core.shell:Creating prefix script '/home/gregory3/ros2_ws/install/local_setup.bash'
[12.508s] INFO:colcon.colcon_core.shell:Creating prefix chain script '/home/gregory3/ros2_ws/install/setup.bash'
[12.509s] INFO:colcon.colcon_core.shell:Creating prefix script '/home/gregory3/ros2_ws/install/local_setup.zsh'
[12.510s] INFO:colcon.colcon_core.shell:Creating prefix chain script '/home/gregory3/ros2_ws/install/setup.zsh'
