[1.128s] Invoking command in '/home/gregory3/ros2_ws/src/my_robot_controller': DEBUGINFOD_URLS=https://debuginfod.ubuntu.com PYTHONPATH=/home/gregory3/ros2_ws/build/my_robot_controller/prefix_override:/usr/lib/python3/dist-packages/colcon_core/task/python/colcon_distutils_commands:/home/gregory3/ros2_ws/install/my_robot_controller/lib/python3.12/site-packages:${PYTHONPATH} /usr/bin/python3 -W ignore:setup.py install is deprecated setup.py egg_info --egg-base ../../build/my_robot_controller build --build-base /home/gregory3/ros2_ws/build/my_robot_controller/build install --record /home/gregory3/ros2_ws/build/my_robot_controller/install.log --single-version-externally-managed install_data
[1.509s] running egg_info
[1.509s] creating ../../build/my_robot_controller/my_robot_controller.egg-info
[1.532s] writing ../../build/my_robot_controller/my_robot_controller.egg-info/PKG-INFO
[1.532s] writing dependency_links to ../../build/my_robot_controller/my_robot_controller.egg-info/dependency_links.txt
[1.532s] writing entry points to ../../build/my_robot_controller/my_robot_controller.egg-info/entry_points.txt
[1.533s] writing requirements to ../../build/my_robot_controller/my_robot_controller.egg-info/requires.txt
[1.533s] writing top-level names to ../../build/my_robot_controller/my_robot_controller.egg-info/top_level.txt
[1.533s] writing manifest file '../../build/my_robot_controller/my_robot_controller.egg-info/SOURCES.txt'
[1.573s] reading manifest file '../../build/my_robot_controller/my_robot_controller.egg-info/SOURCES.txt'
[1.574s] writing manifest file '../../build/my_robot_controller/my_robot_controller.egg-info/SOURCES.txt'
[1.574s] running build
[1.574s] running build_py
[1.575s] creating /home/gregory3/ros2_ws/build/my_robot_controller/build
[1.575s] creating /home/gregory3/ros2_ws/build/my_robot_controller/build/lib
[1.575s] creating /home/gregory3/ros2_ws/build/my_robot_controller/build/lib/my_robot_controller
[1.575s] copying my_robot_controller/diff_drive_robot.py -> /home/gregory3/ros2_ws/build/my_robot_controller/build/lib/my_robot_controller
[1.575s] copying my_robot_controller/__init__.py -> /home/gregory3/ros2_ws/build/my_robot_controller/build/lib/my_robot_controller
[1.575s] creating /home/gregory3/ros2_ws/build/my_robot_controller/build/lib/my_robot_controller/submodules
[1.575s] copying my_robot_controller/submodules/encoder_wrap.py -> /home/gregory3/ros2_ws/build/my_robot_controller/build/lib/my_robot_controller/submodules
[1.576s] copying my_robot_controller/submodules/pid.py -> /home/gregory3/ros2_ws/build/my_robot_controller/build/lib/my_robot_controller/submodules
[1.576s] copying my_robot_controller/submodules/encoder_to_wheel_jointstate.py -> /home/gregory3/ros2_ws/build/my_robot_controller/build/lib/my_robot_controller/submodules
[1.576s] copying my_robot_controller/submodules/__init__.py -> /home/gregory3/ros2_ws/build/my_robot_controller/build/lib/my_robot_controller/submodules
[1.576s] running install
[1.583s] running install_lib
[1.606s] creating /home/gregory3/ros2_ws/install/my_robot_controller/lib/python3.12/site-packages/my_robot_controller
[1.606s] copying /home/gregory3/ros2_ws/build/my_robot_controller/build/lib/my_robot_controller/diff_drive_robot.py -> /home/gregory3/ros2_ws/install/my_robot_controller/lib/python3.12/site-packages/my_robot_controller
[1.607s] copying /home/gregory3/ros2_ws/build/my_robot_controller/build/lib/my_robot_controller/__init__.py -> /home/gregory3/ros2_ws/install/my_robot_controller/lib/python3.12/site-packages/my_robot_controller
[1.608s] creating /home/gregory3/ros2_ws/install/my_robot_controller/lib/python3.12/site-packages/my_robot_controller/submodules
[1.608s] copying /home/gregory3/ros2_ws/build/my_robot_controller/build/lib/my_robot_controller/submodules/encoder_wrap.py -> /home/gregory3/ros2_ws/install/my_robot_controller/lib/python3.12/site-packages/my_robot_controller/submodules
[1.608s] copying /home/gregory3/ros2_ws/build/my_robot_controller/build/lib/my_robot_controller/submodules/pid.py -> /home/gregory3/ros2_ws/install/my_robot_controller/lib/python3.12/site-packages/my_robot_controller/submodules
[1.609s] copying /home/gregory3/ros2_ws/build/my_robot_controller/build/lib/my_robot_controller/submodules/encoder_to_wheel_jointstate.py -> /home/gregory3/ros2_ws/install/my_robot_controller/lib/python3.12/site-packages/my_robot_controller/submodules
[1.609s] copying /home/gregory3/ros2_ws/build/my_robot_controller/build/lib/my_robot_controller/submodules/__init__.py -> /home/gregory3/ros2_ws/install/my_robot_controller/lib/python3.12/site-packages/my_robot_controller/submodules
[1.609s] byte-compiling /home/gregory3/ros2_ws/install/my_robot_controller/lib/python3.12/site-packages/my_robot_controller/diff_drive_robot.py to diff_drive_robot.cpython-312.pyc
[1.613s] byte-compiling /home/gregory3/ros2_ws/install/my_robot_controller/lib/python3.12/site-packages/my_robot_controller/__init__.py to __init__.cpython-312.pyc
[1.613s] byte-compiling /home/gregory3/ros2_ws/install/my_robot_controller/lib/python3.12/site-packages/my_robot_controller/submodules/encoder_wrap.py to encoder_wrap.cpython-312.pyc
[1.613s] byte-compiling /home/gregory3/ros2_ws/install/my_robot_controller/lib/python3.12/site-packages/my_robot_controller/submodules/pid.py to pid.cpython-312.pyc
[1.614s] byte-compiling /home/gregory3/ros2_ws/install/my_robot_controller/lib/python3.12/site-packages/my_robot_controller/submodules/encoder_to_wheel_jointstate.py to encoder_to_wheel_jointstate.cpython-312.pyc
[1.615s] byte-compiling /home/gregory3/ros2_ws/install/my_robot_controller/lib/python3.12/site-packages/my_robot_controller/submodules/__init__.py to __init__.cpython-312.pyc
[1.615s] running install_data
[1.615s] creating /home/gregory3/ros2_ws/install/my_robot_controller/share/ament_index
[1.615s] creating /home/gregory3/ros2_ws/install/my_robot_controller/share/ament_index/resource_index
[1.615s] creating /home/gregory3/ros2_ws/install/my_robot_controller/share/ament_index/resource_index/packages
[1.615s] copying resource/my_robot_controller -> /home/gregory3/ros2_ws/install/my_robot_controller/share/ament_index/resource_index/packages
[1.616s] copying package.xml -> /home/gregory3/ros2_ws/install/my_robot_controller/share/my_robot_controller
[1.616s] running install_egg_info
[1.647s] Copying ../../build/my_robot_controller/my_robot_controller.egg-info to /home/gregory3/ros2_ws/install/my_robot_controller/lib/python3.12/site-packages/my_robot_controller-0.0.1-py3.12.egg-info
[1.648s] running install_scripts
[1.782s] Installing diff_drive_robot script to /home/gregory3/ros2_ws/install/my_robot_controller/lib/my_robot_controller
[1.783s] writing list of installed files to '/home/gregory3/ros2_ws/build/my_robot_controller/install.log'
[1.823s] Invoked command in '/home/gregory3/ros2_ws/src/my_robot_controller' returned '0': DEBUGINFOD_URLS=https://debuginfod.ubuntu.com PYTHONPATH=/home/gregory3/ros2_ws/build/my_robot_controller/prefix_override:/usr/lib/python3/dist-packages/colcon_core/task/python/colcon_distutils_commands:/home/gregory3/ros2_ws/install/my_robot_controller/lib/python3.12/site-packages:${PYTHONPATH} /usr/bin/python3 -W ignore:setup.py install is deprecated setup.py egg_info --egg-base ../../build/my_robot_controller build --build-base /home/gregory3/ros2_ws/build/my_robot_controller/build install --record /home/gregory3/ros2_ws/build/my_robot_controller/install.log --single-version-externally-managed install_data
