[0.237s] Invoking command in '/home/gregory3/ros2_ws/build/my_robot_description': CMAKE_PREFIX_PATH=${CMAKE_PREFIX_PATH}:/home/gregory3/ros2_ws/install/my_robot_controller:/home/gregory3/led_control/install/led_control:/opt/ros/jazzy DEBUGINFOD_URLS=https://debuginfod.ubuntu.com /usr/bin/cmake /home/gregory3/ros2_ws/src/my_robot_description -DCMAKE_INSTALL_PREFIX=/home/gregory3/ros2_ws/install/my_robot_description
[0.319s] -- The C compiler identification is GNU 13.2.0
[0.379s] -- The CXX compiler identification is GNU 13.2.0
[0.406s] -- Detecting C compiler ABI info
[0.506s] -- Detecting C compiler ABI info - done
[0.520s] -- Check for working C compiler: /usr/bin/cc - skipped
[0.520s] -- Detecting C compile features
[0.520s] -- Detecting C compile features - done
[0.532s] -- Detecting CXX compiler ABI info
[0.639s] -- Detecting CXX compiler ABI info - done
[0.649s] -- Check for working CXX compiler: /usr/bin/c++ - skipped
[0.649s] -- Detecting CXX compile features
[0.650s] -- Detecting CXX compile features - done
[0.654s] -- Found ament_cmake: 2.5.2 (/opt/ros/jazzy/share/ament_cmake/cmake)
[0.876s] -- Found Python3: /usr/bin/python3 (found version "3.12.3") found components: Interpreter 
[1.146s] -- Configuring done (0.9s)
[1.149s] -- Generating done (0.0s)
[1.150s] -- Build files have been written to: /home/gregory3/ros2_ws/build/my_robot_description
[1.158s] Invoked command in '/home/gregory3/ros2_ws/build/my_robot_description' returned '0': CMAKE_PREFIX_PATH=${CMAKE_PREFIX_PATH}:/home/gregory3/ros2_ws/install/my_robot_controller:/home/gregory3/led_control/install/led_control:/opt/ros/jazzy DEBUGINFOD_URLS=https://debuginfod.ubuntu.com /usr/bin/cmake /home/gregory3/ros2_ws/src/my_robot_description -DCMAKE_INSTALL_PREFIX=/home/gregory3/ros2_ws/install/my_robot_description
[1.158s] Invoking command in '/home/gregory3/ros2_ws/build/my_robot_description': CMAKE_PREFIX_PATH=${CMAKE_PREFIX_PATH}:/home/gregory3/ros2_ws/install/my_robot_controller:/home/gregory3/led_control/install/led_control:/opt/ros/jazzy DEBUGINFOD_URLS=https://debuginfod.ubuntu.com /usr/bin/cmake --build /home/gregory3/ros2_ws/build/my_robot_description -- -j4 -l4
[1.215s] Invoked command in '/home/gregory3/ros2_ws/build/my_robot_description' returned '0': CMAKE_PREFIX_PATH=${CMAKE_PREFIX_PATH}:/home/gregory3/ros2_ws/install/my_robot_controller:/home/gregory3/led_control/install/led_control:/opt/ros/jazzy DEBUGINFOD_URLS=https://debuginfod.ubuntu.com /usr/bin/cmake --build /home/gregory3/ros2_ws/build/my_robot_description -- -j4 -l4
[1.255s] Invoking command in '/home/gregory3/ros2_ws/build/my_robot_description': CMAKE_PREFIX_PATH=${CMAKE_PREFIX_PATH}:/home/gregory3/ros2_ws/install/my_robot_controller:/home/gregory3/led_control/install/led_control:/opt/ros/jazzy DEBUGINFOD_URLS=https://debuginfod.ubuntu.com /usr/bin/cmake --install /home/gregory3/ros2_ws/build/my_robot_description
[1.263s] -- Install configuration: ""
[1.263s] -- Installing: /home/gregory3/ros2_ws/install/my_robot_description/share/my_robot_description//urdf
[1.263s] -- Installing: /home/gregory3/ros2_ws/install/my_robot_description/share/my_robot_description//urdf/my_robot.urdf.xacro
[1.263s] -- Installing: /home/gregory3/ros2_ws/install/my_robot_description/share/my_robot_description//launch
[1.263s] -- Installing: /home/gregory3/ros2_ws/install/my_robot_description/share/my_robot_description//launch/display.launch.py
[1.264s] -- Installing: /home/gregory3/ros2_ws/install/my_robot_description/share/my_robot_description//rviz
[1.264s] -- Installing: /home/gregory3/ros2_ws/install/my_robot_description/share/my_robot_description//rviz/urdf_config.rviz
[1.264s] -- Installing: /home/gregory3/ros2_ws/install/my_robot_description/share/ament_index/resource_index/package_run_dependencies/my_robot_description
[1.264s] -- Installing: /home/gregory3/ros2_ws/install/my_robot_description/share/ament_index/resource_index/parent_prefix_path/my_robot_description
[1.264s] -- Installing: /home/gregory3/ros2_ws/install/my_robot_description/share/my_robot_description/environment/ament_prefix_path.sh
[1.264s] -- Installing: /home/gregory3/ros2_ws/install/my_robot_description/share/my_robot_description/environment/ament_prefix_path.dsv
[1.265s] -- Installing: /home/gregory3/ros2_ws/install/my_robot_description/share/my_robot_description/environment/path.sh
[1.265s] -- Installing: /home/gregory3/ros2_ws/install/my_robot_description/share/my_robot_description/environment/path.dsv
[1.265s] -- Installing: /home/gregory3/ros2_ws/install/my_robot_description/share/my_robot_description/local_setup.bash
[1.265s] -- Installing: /home/gregory3/ros2_ws/install/my_robot_description/share/my_robot_description/local_setup.sh
[1.265s] -- Installing: /home/gregory3/ros2_ws/install/my_robot_description/share/my_robot_description/local_setup.zsh
[1.265s] -- Installing: /home/gregory3/ros2_ws/install/my_robot_description/share/my_robot_description/local_setup.dsv
[1.265s] -- Installing: /home/gregory3/ros2_ws/install/my_robot_description/share/my_robot_description/package.dsv
[1.265s] -- Installing: /home/gregory3/ros2_ws/install/my_robot_description/share/ament_index/resource_index/packages/my_robot_description
[1.266s] -- Installing: /home/gregory3/ros2_ws/install/my_robot_description/share/my_robot_description/cmake/my_robot_descriptionConfig.cmake
[1.266s] -- Installing: /home/gregory3/ros2_ws/install/my_robot_description/share/my_robot_description/cmake/my_robot_descriptionConfig-version.cmake
[1.266s] -- Installing: /home/gregory3/ros2_ws/install/my_robot_description/share/my_robot_description/package.xml
[1.267s] Invoked command in '/home/gregory3/ros2_ws/build/my_robot_description' returned '0': CMAKE_PREFIX_PATH=${CMAKE_PREFIX_PATH}:/home/gregory3/ros2_ws/install/my_robot_controller:/home/gregory3/led_control/install/led_control:/opt/ros/jazzy DEBUGINFOD_URLS=https://debuginfod.ubuntu.com /usr/bin/cmake --install /home/gregory3/ros2_ws/build/my_robot_description
