running egg_info
creating ../../build/camera_feed/camera_feed.egg-info
writing ../../build/camera_feed/camera_feed.egg-info/PKG-INFO
writing dependency_links to ../../build/camera_feed/camera_feed.egg-info/dependency_links.txt
writing entry points to ../../build/camera_feed/camera_feed.egg-info/entry_points.txt
writing requirements to ../../build/camera_feed/camera_feed.egg-info/requires.txt
writing top-level names to ../../build/camera_feed/camera_feed.egg-info/top_level.txt
writing manifest file '../../build/camera_feed/camera_feed.egg-info/SOURCES.txt'
reading manifest file '../../build/camera_feed/camera_feed.egg-info/SOURCES.txt'
writing manifest file '../../build/camera_feed/camera_feed.egg-info/SOURCES.txt'
running build
running build_py
creating /home/gregory3/ros2_ws/build/camera_feed/build
creating /home/gregory3/ros2_ws/build/camera_feed/build/lib
creating /home/gregory3/ros2_ws/build/camera_feed/build/lib/camera_feed
copying camera_feed/camera_stream.py -> /home/gregory3/ros2_ws/build/camera_feed/build/lib/camera_feed
copying camera_feed/__init__.py -> /home/gregory3/ros2_ws/build/camera_feed/build/lib/camera_feed
running install
running install_lib
creating /home/gregory3/ros2_ws/install/camera_feed/lib/python3.12/site-packages/camera_feed
copying /home/gregory3/ros2_ws/build/camera_feed/build/lib/camera_feed/camera_stream.py -> /home/gregory3/ros2_ws/install/camera_feed/lib/python3.12/site-packages/camera_feed
copying /home/gregory3/ros2_ws/build/camera_feed/build/lib/camera_feed/__init__.py -> /home/gregory3/ros2_ws/install/camera_feed/lib/python3.12/site-packages/camera_feed
byte-compiling /home/gregory3/ros2_ws/install/camera_feed/lib/python3.12/site-packages/camera_feed/camera_stream.py to camera_stream.cpython-312.pyc
byte-compiling /home/gregory3/ros2_ws/install/camera_feed/lib/python3.12/site-packages/camera_feed/__init__.py to __init__.cpython-312.pyc
running install_data
creating /home/gregory3/ros2_ws/install/camera_feed/share/ament_index
creating /home/gregory3/ros2_ws/install/camera_feed/share/ament_index/resource_index
creating /home/gregory3/ros2_ws/install/camera_feed/share/ament_index/resource_index/packages
copying resource/camera_feed -> /home/gregory3/ros2_ws/install/camera_feed/share/ament_index/resource_index/packages
copying package.xml -> /home/gregory3/ros2_ws/install/camera_feed/share/camera_feed
running install_egg_info
Copying ../../build/camera_feed/camera_feed.egg-info to /home/gregory3/ros2_ws/install/camera_feed/lib/python3.12/site-packages/camera_feed-0.0.1-py3.12.egg-info
running install_scripts
Installing camera_stream script to /home/gregory3/ros2_ws/install/camera_feed/lib/camera_feed
writing list of installed files to '/home/gregory3/ros2_ws/build/camera_feed/install.log'
