[0.233s] Invoking command in '/home/gregory3/ros2_ws/build/my_robot_description': CMAKE_PREFIX_PATH=${CMAKE_PREFIX_PATH}:/home/gregory3/ros2_ws/install/my_robot_controller:/home/gregory3/led_control/install/led_control:/opt/ros/jazzy DEBUGINFOD_URLS=https://debuginfod.ubuntu.com /usr/bin/cmake --build /home/gregory3/ros2_ws/build/my_robot_description -- -j4 -l4
[0.287s] Invoked command in '/home/gregory3/ros2_ws/build/my_robot_description' returned '0': CMAKE_PREFIX_PATH=${CMAKE_PREFIX_PATH}:/home/gregory3/ros2_ws/install/my_robot_controller:/home/gregory3/led_control/install/led_control:/opt/ros/jazzy DEBUGINFOD_URLS=https://debuginfod.ubuntu.com /usr/bin/cmake --build /home/gregory3/ros2_ws/build/my_robot_description -- -j4 -l4
[0.323s] Invoking command in '/home/gregory3/ros2_ws/build/my_robot_description': CMAKE_PREFIX_PATH=${CMAKE_PREFIX_PATH}:/home/gregory3/ros2_ws/install/my_robot_controller:/home/gregory3/led_control/install/led_control:/opt/ros/jazzy DEBUGINFOD_URLS=https://debuginfod.ubuntu.com /usr/bin/cmake --install /home/gregory3/ros2_ws/build/my_robot_description
[0.336s] -- Install configuration: ""
[0.337s] -- Up-to-date: /home/gregory3/ros2_ws/install/my_robot_description/share/my_robot_description//urdf
[0.337s] -- Up-to-date: /home/gregory3/ros2_ws/install/my_robot_description/share/my_robot_description//urdf/dodobot.urdf
[0.337s] -- Up-to-date: /home/gregory3/ros2_ws/install/my_robot_description/share/my_robot_description//launch
[0.337s] -- Up-to-date: /home/gregory3/ros2_ws/install/my_robot_description/share/my_robot_description//launch/display.launch.py
[0.337s] -- Up-to-date: /home/gregory3/ros2_ws/install/my_robot_description/share/my_robot_description//rviz
[0.337s] -- Up-to-date: /home/gregory3/ros2_ws/install/my_robot_description/share/my_robot_description//rviz/urdf_config.rviz
[0.337s] -- Up-to-date: /home/gregory3/ros2_ws/install/my_robot_description/share/ament_index/resource_index/package_run_dependencies/my_robot_description
[0.337s] -- Up-to-date: /home/gregory3/ros2_ws/install/my_robot_description/share/ament_index/resource_index/parent_prefix_path/my_robot_description
[0.337s] -- Up-to-date: /home/gregory3/ros2_ws/install/my_robot_description/share/my_robot_description/environment/ament_prefix_path.sh
[0.337s] -- Up-to-date: /home/gregory3/ros2_ws/install/my_robot_description/share/my_robot_description/environment/ament_prefix_path.dsv
[0.337s] -- Up-to-date: /home/gregory3/ros2_ws/install/my_robot_description/share/my_robot_description/environment/path.sh
[0.338s] -- Up-to-date: /home/gregory3/ros2_ws/install/my_robot_description/share/my_robot_description/environment/path.dsv
[0.338s] -- Up-to-date: /home/gregory3/ros2_ws/install/my_robot_description/share/my_robot_description/local_setup.bash
[0.338s] -- Up-to-date: /home/gregory3/ros2_ws/install/my_robot_description/share/my_robot_description/local_setup.sh
[0.338s] -- Up-to-date: /home/gregory3/ros2_ws/install/my_robot_description/share/my_robot_description/local_setup.zsh
[0.338s] -- Up-to-date: /home/gregory3/ros2_ws/install/my_robot_description/share/my_robot_description/local_setup.dsv
[0.338s] -- Installing: /home/gregory3/ros2_ws/install/my_robot_description/share/my_robot_description/package.dsv
[0.338s] -- Up-to-date: /home/gregory3/ros2_ws/install/my_robot_description/share/ament_index/resource_index/packages/my_robot_description
[0.338s] -- Up-to-date: /home/gregory3/ros2_ws/install/my_robot_description/share/my_robot_description/cmake/my_robot_descriptionConfig.cmake
[0.338s] -- Up-to-date: /home/gregory3/ros2_ws/install/my_robot_description/share/my_robot_description/cmake/my_robot_descriptionConfig-version.cmake
[0.338s] -- Up-to-date: /home/gregory3/ros2_ws/install/my_robot_description/share/my_robot_description/package.xml
[0.340s] Invoked command in '/home/gregory3/ros2_ws/build/my_robot_description' returned '0': CMAKE_PREFIX_PATH=${CMAKE_PREFIX_PATH}:/home/gregory3/ros2_ws/install/my_robot_controller:/home/gregory3/led_control/install/led_control:/opt/ros/jazzy DEBUGINFOD_URLS=https://debuginfod.ubuntu.com /usr/bin/cmake --install /home/gregory3/ros2_ws/build/my_robot_description
