[0.238s] Invoking command in '/home/gregory3/ros2_ws/build/my_robot_description': CMAKE_PREFIX_PATH=${CMAKE_PREFIX_PATH}:/home/gregory3/ros2_ws/install/my_robot_controller:/home/gregory3/led_control/install/led_control:/opt/ros/jazzy DEBUGINFOD_URLS=https://debuginfod.ubuntu.com /usr/bin/cmake --build /home/gregory3/ros2_ws/build/my_robot_description -- -j4 -l4
[0.270s] -- Found ament_cmake: 2.5.2 (/opt/ros/jazzy/share/ament_cmake/cmake)
[0.628s] -- Configuring done (0.4s)
[0.632s] -- Generating done (0.0s)
[0.633s] -- Build files have been written to: /home/gregory3/ros2_ws/build/my_robot_description
[0.654s] Invoked command in '/home/gregory3/ros2_ws/build/my_robot_description' returned '0': CMAKE_PREFIX_PATH=${CMAKE_PREFIX_PATH}:/home/gregory3/ros2_ws/install/my_robot_controller:/home/gregory3/led_control/install/led_control:/opt/ros/jazzy DEBUGINFOD_URLS=https://debuginfod.ubuntu.com /usr/bin/cmake --build /home/gregory3/ros2_ws/build/my_robot_description -- -j4 -l4
[0.675s] Invoking command in '/home/gregory3/ros2_ws/build/my_robot_description': CMAKE_PREFIX_PATH=${CMAKE_PREFIX_PATH}:/home/gregory3/ros2_ws/install/my_robot_controller:/home/gregory3/led_control/install/led_control:/opt/ros/jazzy DEBUGINFOD_URLS=https://debuginfod.ubuntu.com /usr/bin/cmake --install /home/gregory3/ros2_ws/build/my_robot_description
[0.682s] -- Install configuration: ""
[0.682s] -- Installing: /home/gregory3/ros2_ws/install/my_robot_description/share/my_robot_description//urdf
[0.682s] -- Installing: /home/gregory3/ros2_ws/install/my_robot_description/share/my_robot_description//urdf/dodobot.urdf
[0.682s] -- Installing: /home/gregory3/ros2_ws/install/my_robot_description/share/my_robot_description//launch
[0.683s] -- Installing: /home/gregory3/ros2_ws/install/my_robot_description/share/my_robot_description//launch/display.launch.py
[0.683s] -- Installing: /home/gregory3/ros2_ws/install/my_robot_description/share/my_robot_description//rviz
[0.683s] -- Installing: /home/gregory3/ros2_ws/install/my_robot_description/share/my_robot_description//rviz/urdf_config.rviz
[0.683s] -- Installing: /home/gregory3/ros2_ws/install/my_robot_description/share/ament_index/resource_index/package_run_dependencies/my_robot_description
[0.683s] -- Up-to-date: /home/gregory3/ros2_ws/install/my_robot_description/share/ament_index/resource_index/parent_prefix_path/my_robot_description
[0.683s] -- Up-to-date: /home/gregory3/ros2_ws/install/my_robot_description/share/my_robot_description/environment/ament_prefix_path.sh
[0.683s] -- Up-to-date: /home/gregory3/ros2_ws/install/my_robot_description/share/my_robot_description/environment/ament_prefix_path.dsv
[0.684s] -- Up-to-date: /home/gregory3/ros2_ws/install/my_robot_description/share/my_robot_description/environment/path.sh
[0.684s] -- Up-to-date: /home/gregory3/ros2_ws/install/my_robot_description/share/my_robot_description/environment/path.dsv
[0.684s] -- Up-to-date: /home/gregory3/ros2_ws/install/my_robot_description/share/my_robot_description/local_setup.bash
[0.684s] -- Up-to-date: /home/gregory3/ros2_ws/install/my_robot_description/share/my_robot_description/local_setup.sh
[0.684s] -- Up-to-date: /home/gregory3/ros2_ws/install/my_robot_description/share/my_robot_description/local_setup.zsh
[0.684s] -- Up-to-date: /home/gregory3/ros2_ws/install/my_robot_description/share/my_robot_description/local_setup.dsv
[0.684s] -- Installing: /home/gregory3/ros2_ws/install/my_robot_description/share/my_robot_description/package.dsv
[0.684s] -- Up-to-date: /home/gregory3/ros2_ws/install/my_robot_description/share/ament_index/resource_index/packages/my_robot_description
[0.684s] -- Installing: /home/gregory3/ros2_ws/install/my_robot_description/share/my_robot_description/cmake/my_robot_descriptionConfig.cmake
[0.685s] -- Installing: /home/gregory3/ros2_ws/install/my_robot_description/share/my_robot_description/cmake/my_robot_descriptionConfig-version.cmake
[0.685s] -- Installing: /home/gregory3/ros2_ws/install/my_robot_description/share/my_robot_description/package.xml
[0.687s] Invoked command in '/home/gregory3/ros2_ws/build/my_robot_description' returned '0': CMAKE_PREFIX_PATH=${CMAKE_PREFIX_PATH}:/home/gregory3/ros2_ws/install/my_robot_controller:/home/gregory3/led_control/install/led_control:/opt/ros/jazzy DEBUGINFOD_URLS=https://debuginfod.ubuntu.com /usr/bin/cmake --install /home/gregory3/ros2_ws/build/my_robot_description
