[1.077s] Invoking command in '/home/gregory3/ros2_ws/src/my_robot_controller': DEBUGINFOD_URLS=https://debuginfod.ubuntu.com PYTHONPATH=/home/gregory3/ros2_ws/build/my_robot_controller/prefix_override:/usr/lib/python3/dist-packages/colcon_core/task/python/colcon_distutils_commands:/home/gregory3/ros2_ws/install/my_robot_controller/lib/python3.12/site-packages:${PYTHONPATH} /usr/bin/python3 -W ignore:setup.py install is deprecated setup.py egg_info --egg-base ../../build/my_robot_controller build --build-base /home/gregory3/ros2_ws/build/my_robot_controller/build install --record /home/gregory3/ros2_ws/build/my_robot_controller/install.log --single-version-externally-managed install_data
[1.341s] running egg_info
[1.359s] writing ../../build/my_robot_controller/my_robot_controller.egg-info/PKG-INFO
[1.360s] writing dependency_links to ../../build/my_robot_controller/my_robot_controller.egg-info/dependency_links.txt
[1.361s] writing entry points to ../../build/my_robot_controller/my_robot_controller.egg-info/entry_points.txt
[1.361s] writing requirements to ../../build/my_robot_controller/my_robot_controller.egg-info/requires.txt
[1.361s] writing top-level names to ../../build/my_robot_controller/my_robot_controller.egg-info/top_level.txt
[1.401s] reading manifest file '../../build/my_robot_controller/my_robot_controller.egg-info/SOURCES.txt'
[1.402s] writing manifest file '../../build/my_robot_controller/my_robot_controller.egg-info/SOURCES.txt'
[1.402s] running build
[1.403s] running build_py
[1.403s] copying my_robot_controller/diff_drive_robot.py -> /home/gregory3/ros2_ws/build/my_robot_controller/build/lib/my_robot_controller
[1.404s] running install
[1.410s] running install_lib
[1.429s] copying /home/gregory3/ros2_ws/build/my_robot_controller/build/lib/my_robot_controller/diff_drive_robot.py -> /home/gregory3/ros2_ws/install/my_robot_controller/lib/python3.12/site-packages/my_robot_controller
[1.430s] byte-compiling /home/gregory3/ros2_ws/install/my_robot_controller/lib/python3.12/site-packages/my_robot_controller/diff_drive_robot.py to diff_drive_robot.cpython-312.pyc
[1.433s] running install_data
[1.433s] running install_egg_info
[1.452s] removing '/home/gregory3/ros2_ws/install/my_robot_controller/lib/python3.12/site-packages/my_robot_controller-0.0.1-py3.12.egg-info' (and everything under it)
[1.453s] Copying ../../build/my_robot_controller/my_robot_controller.egg-info to /home/gregory3/ros2_ws/install/my_robot_controller/lib/python3.12/site-packages/my_robot_controller-0.0.1-py3.12.egg-info
[1.453s] running install_scripts
[1.580s] Installing diff_drive_robot script to /home/gregory3/ros2_ws/install/my_robot_controller/lib/my_robot_controller
[1.580s] writing list of installed files to '/home/gregory3/ros2_ws/build/my_robot_controller/install.log'
[1.617s] Invoked command in '/home/gregory3/ros2_ws/src/my_robot_controller' returned '0': DEBUGINFOD_URLS=https://debuginfod.ubuntu.com PYTHONPATH=/home/gregory3/ros2_ws/build/my_robot_controller/prefix_override:/usr/lib/python3/dist-packages/colcon_core/task/python/colcon_distutils_commands:/home/gregory3/ros2_ws/install/my_robot_controller/lib/python3.12/site-packages:${PYTHONPATH} /usr/bin/python3 -W ignore:setup.py install is deprecated setup.py egg_info --egg-base ../../build/my_robot_controller build --build-base /home/gregory3/ros2_ws/build/my_robot_controller/build install --record /home/gregory3/ros2_ws/build/my_robot_controller/install.log --single-version-externally-managed install_data
