[0.012s] Invoking command in '/home/gregory3/ros2_ws/build/my_robot_bringup': AMENT_PREFIX_PATH=/home/gregory3/ros2_ws/install/my_robot_controller:/home/gregory3/ros2_ws/install/rplidar_ros:/home/gregory3/rplidar_ros/install/rplidar_ros:/home/gregory3/ros2_ws/install/my_robot_description:/home/gregory3/ros2_ws/install/my_robot_bringup:/home/gregory3/led_control/install/led_control:/opt/ros/jazzy CMAKE_PREFIX_PATH=/home/gregory3/ros2_ws/install/my_robot_description:/home/gregory3/ros2_ws/install/rplidar_ros:/home/gregory3/rplidar_ros/install/rplidar_ros:/home/gregory3/ros2_ws/install/my_robot_bringup:/opt/ros/jazzy/opt/gz_sim_vendor:/opt/ros/jazzy/opt/gz_sensors_vendor:/opt/ros/jazzy/opt/gz_physics_vendor:/opt/ros/jazzy/opt/sdformat_vendor:/opt/ros/jazzy/opt/gz_gui_vendor:/opt/ros/jazzy/opt/gz_transport_vendor:/opt/ros/jazzy/opt/gz_rendering_vendor:/opt/ros/jazzy/opt/gz_plugin_vendor:/opt/ros/jazzy/opt/gz_fuel_tools_vendor:/opt/ros/jazzy/opt/gz_msgs_vendor:/opt/ros/jazzy/opt/gz_common_vendor:/opt/ros/jazzy/opt/gz_math_vendor:/opt/ros/jazzy/opt/gz_utils_vendor:/opt/ros/jazzy/opt/gz_tools_vendor:/opt/ros/jazzy/opt/gz_ogre_next_vendor:/opt/ros/jazzy/opt/gz_dartsim_vendor:/opt/ros/jazzy/opt/gz_cmake_vendor:/home/gregory3/ros2_ws/install/my_robot_controller:/home/gregory3/led_control/install/led_control:/opt/ros/jazzy DEBUGINFOD_URLS=https://debuginfod.ubuntu.com /usr/bin/cmake /home/gregory3/ros2_ws/src/my_robot_bringup -DCMAKE_INSTALL_PREFIX=/home/gregory3/ros2_ws/install/my_robot_bringup
[0.080s] -- The C compiler identification is GNU 13.2.0
[0.242s] -- The CXX compiler identification is GNU 13.2.0
[0.291s] -- Detecting C compiler ABI info
[0.552s] -- Detecting C compiler ABI info - done
[0.590s] -- Check for working C compiler: /usr/bin/cc - skipped
[0.590s] -- Detecting C compile features
[0.590s] -- Detecting C compile features - done
[0.617s] -- Detecting CXX compiler ABI info
[0.856s] -- Detecting CXX compiler ABI info - done
[0.891s] -- Check for working CXX compiler: /usr/bin/c++ - skipped
[0.895s] -- Detecting CXX compile features
[0.897s] -- Detecting CXX compile features - done
[0.903s] -- Found ament_cmake: 2.5.2 (/opt/ros/jazzy/share/ament_cmake/cmake)
[1.491s] -- Found Python3: /usr/bin/python3 (found version "3.12.3") found components: Interpreter 
[2.418s] -- Configuring done (2.4s)
[2.427s] -- Generating done (0.0s)
[2.439s] -- Build files have been written to: /home/gregory3/ros2_ws/build/my_robot_bringup
[2.453s] Invoked command in '/home/gregory3/ros2_ws/build/my_robot_bringup' returned '0': AMENT_PREFIX_PATH=/home/gregory3/ros2_ws/install/my_robot_controller:/home/gregory3/ros2_ws/install/rplidar_ros:/home/gregory3/rplidar_ros/install/rplidar_ros:/home/gregory3/ros2_ws/install/my_robot_description:/home/gregory3/ros2_ws/install/my_robot_bringup:/home/gregory3/led_control/install/led_control:/opt/ros/jazzy CMAKE_PREFIX_PATH=/home/gregory3/ros2_ws/install/my_robot_description:/home/gregory3/ros2_ws/install/rplidar_ros:/home/gregory3/rplidar_ros/install/rplidar_ros:/home/gregory3/ros2_ws/install/my_robot_bringup:/opt/ros/jazzy/opt/gz_sim_vendor:/opt/ros/jazzy/opt/gz_sensors_vendor:/opt/ros/jazzy/opt/gz_physics_vendor:/opt/ros/jazzy/opt/sdformat_vendor:/opt/ros/jazzy/opt/gz_gui_vendor:/opt/ros/jazzy/opt/gz_transport_vendor:/opt/ros/jazzy/opt/gz_rendering_vendor:/opt/ros/jazzy/opt/gz_plugin_vendor:/opt/ros/jazzy/opt/gz_fuel_tools_vendor:/opt/ros/jazzy/opt/gz_msgs_vendor:/opt/ros/jazzy/opt/gz_common_vendor:/opt/ros/jazzy/opt/gz_math_vendor:/opt/ros/jazzy/opt/gz_utils_vendor:/opt/ros/jazzy/opt/gz_tools_vendor:/opt/ros/jazzy/opt/gz_ogre_next_vendor:/opt/ros/jazzy/opt/gz_dartsim_vendor:/opt/ros/jazzy/opt/gz_cmake_vendor:/home/gregory3/ros2_ws/install/my_robot_controller:/home/gregory3/led_control/install/led_control:/opt/ros/jazzy DEBUGINFOD_URLS=https://debuginfod.ubuntu.com /usr/bin/cmake /home/gregory3/ros2_ws/src/my_robot_bringup -DCMAKE_INSTALL_PREFIX=/home/gregory3/ros2_ws/install/my_robot_bringup
[2.454s] Invoking command in '/home/gregory3/ros2_ws/build/my_robot_bringup': AMENT_PREFIX_PATH=/home/gregory3/ros2_ws/install/my_robot_controller:/home/gregory3/ros2_ws/install/rplidar_ros:/home/gregory3/rplidar_ros/install/rplidar_ros:/home/gregory3/ros2_ws/install/my_robot_description:/home/gregory3/ros2_ws/install/my_robot_bringup:/home/gregory3/led_control/install/led_control:/opt/ros/jazzy CMAKE_PREFIX_PATH=/home/gregory3/ros2_ws/install/my_robot_description:/home/gregory3/ros2_ws/install/rplidar_ros:/home/gregory3/rplidar_ros/install/rplidar_ros:/home/gregory3/ros2_ws/install/my_robot_bringup:/opt/ros/jazzy/opt/gz_sim_vendor:/opt/ros/jazzy/opt/gz_sensors_vendor:/opt/ros/jazzy/opt/gz_physics_vendor:/opt/ros/jazzy/opt/sdformat_vendor:/opt/ros/jazzy/opt/gz_gui_vendor:/opt/ros/jazzy/opt/gz_transport_vendor:/opt/ros/jazzy/opt/gz_rendering_vendor:/opt/ros/jazzy/opt/gz_plugin_vendor:/opt/ros/jazzy/opt/gz_fuel_tools_vendor:/opt/ros/jazzy/opt/gz_msgs_vendor:/opt/ros/jazzy/opt/gz_common_vendor:/opt/ros/jazzy/opt/gz_math_vendor:/opt/ros/jazzy/opt/gz_utils_vendor:/opt/ros/jazzy/opt/gz_tools_vendor:/opt/ros/jazzy/opt/gz_ogre_next_vendor:/opt/ros/jazzy/opt/gz_dartsim_vendor:/opt/ros/jazzy/opt/gz_cmake_vendor:/home/gregory3/ros2_ws/install/my_robot_controller:/home/gregory3/led_control/install/led_control:/opt/ros/jazzy DEBUGINFOD_URLS=https://debuginfod.ubuntu.com /usr/bin/cmake --build /home/gregory3/ros2_ws/build/my_robot_bringup -- -j4 -l4
[2.589s] Invoked command in '/home/gregory3/ros2_ws/build/my_robot_bringup' returned '0': AMENT_PREFIX_PATH=/home/gregory3/ros2_ws/install/my_robot_controller:/home/gregory3/ros2_ws/install/rplidar_ros:/home/gregory3/rplidar_ros/install/rplidar_ros:/home/gregory3/ros2_ws/install/my_robot_description:/home/gregory3/ros2_ws/install/my_robot_bringup:/home/gregory3/led_control/install/led_control:/opt/ros/jazzy CMAKE_PREFIX_PATH=/home/gregory3/ros2_ws/install/my_robot_description:/home/gregory3/ros2_ws/install/rplidar_ros:/home/gregory3/rplidar_ros/install/rplidar_ros:/home/gregory3/ros2_ws/install/my_robot_bringup:/opt/ros/jazzy/opt/gz_sim_vendor:/opt/ros/jazzy/opt/gz_sensors_vendor:/opt/ros/jazzy/opt/gz_physics_vendor:/opt/ros/jazzy/opt/sdformat_vendor:/opt/ros/jazzy/opt/gz_gui_vendor:/opt/ros/jazzy/opt/gz_transport_vendor:/opt/ros/jazzy/opt/gz_rendering_vendor:/opt/ros/jazzy/opt/gz_plugin_vendor:/opt/ros/jazzy/opt/gz_fuel_tools_vendor:/opt/ros/jazzy/opt/gz_msgs_vendor:/opt/ros/jazzy/opt/gz_common_vendor:/opt/ros/jazzy/opt/gz_math_vendor:/opt/ros/jazzy/opt/gz_utils_vendor:/opt/ros/jazzy/opt/gz_tools_vendor:/opt/ros/jazzy/opt/gz_ogre_next_vendor:/opt/ros/jazzy/opt/gz_dartsim_vendor:/opt/ros/jazzy/opt/gz_cmake_vendor:/home/gregory3/ros2_ws/install/my_robot_controller:/home/gregory3/led_control/install/led_control:/opt/ros/jazzy DEBUGINFOD_URLS=https://debuginfod.ubuntu.com /usr/bin/cmake --build /home/gregory3/ros2_ws/build/my_robot_bringup -- -j4 -l4
[2.629s] Invoking command in '/home/gregory3/ros2_ws/build/my_robot_bringup': AMENT_PREFIX_PATH=/home/gregory3/ros2_ws/install/my_robot_controller:/home/gregory3/ros2_ws/install/rplidar_ros:/home/gregory3/rplidar_ros/install/rplidar_ros:/home/gregory3/ros2_ws/install/my_robot_description:/home/gregory3/ros2_ws/install/my_robot_bringup:/home/gregory3/led_control/install/led_control:/opt/ros/jazzy CMAKE_PREFIX_PATH=/home/gregory3/ros2_ws/install/my_robot_description:/home/gregory3/ros2_ws/install/rplidar_ros:/home/gregory3/rplidar_ros/install/rplidar_ros:/home/gregory3/ros2_ws/install/my_robot_bringup:/opt/ros/jazzy/opt/gz_sim_vendor:/opt/ros/jazzy/opt/gz_sensors_vendor:/opt/ros/jazzy/opt/gz_physics_vendor:/opt/ros/jazzy/opt/sdformat_vendor:/opt/ros/jazzy/opt/gz_gui_vendor:/opt/ros/jazzy/opt/gz_transport_vendor:/opt/ros/jazzy/opt/gz_rendering_vendor:/opt/ros/jazzy/opt/gz_plugin_vendor:/opt/ros/jazzy/opt/gz_fuel_tools_vendor:/opt/ros/jazzy/opt/gz_msgs_vendor:/opt/ros/jazzy/opt/gz_common_vendor:/opt/ros/jazzy/opt/gz_math_vendor:/opt/ros/jazzy/opt/gz_utils_vendor:/opt/ros/jazzy/opt/gz_tools_vendor:/opt/ros/jazzy/opt/gz_ogre_next_vendor:/opt/ros/jazzy/opt/gz_dartsim_vendor:/opt/ros/jazzy/opt/gz_cmake_vendor:/home/gregory3/ros2_ws/install/my_robot_controller:/home/gregory3/led_control/install/led_control:/opt/ros/jazzy DEBUGINFOD_URLS=https://debuginfod.ubuntu.com /usr/bin/cmake --install /home/gregory3/ros2_ws/build/my_robot_bringup
[2.641s] -- Install configuration: ""
[2.642s] -- Installing: /home/gregory3/ros2_ws/install/my_robot_bringup/share/my_robot_bringup/launch
[2.642s] -- Installing: /home/gregory3/ros2_ws/install/my_robot_bringup/share/my_robot_bringup/launch/my_robot.launch.py
[2.643s] -- Installing: /home/gregory3/ros2_ws/install/my_robot_bringup/share/ament_index/resource_index/package_run_dependencies/my_robot_bringup
[2.643s] -- Installing: /home/gregory3/ros2_ws/install/my_robot_bringup/share/ament_index/resource_index/parent_prefix_path/my_robot_bringup
[2.644s] -- Installing: /home/gregory3/ros2_ws/install/my_robot_bringup/share/my_robot_bringup/environment/ament_prefix_path.sh
[2.645s] -- Installing: /home/gregory3/ros2_ws/install/my_robot_bringup/share/my_robot_bringup/environment/ament_prefix_path.dsv
[2.645s] -- Installing: /home/gregory3/ros2_ws/install/my_robot_bringup/share/my_robot_bringup/environment/path.sh
[2.646s] -- Installing: /home/gregory3/ros2_ws/install/my_robot_bringup/share/my_robot_bringup/environment/path.dsv
[2.647s] -- Installing: /home/gregory3/ros2_ws/install/my_robot_bringup/share/my_robot_bringup/local_setup.bash
[2.647s] -- Installing: /home/gregory3/ros2_ws/install/my_robot_bringup/share/my_robot_bringup/local_setup.sh
[2.647s] -- Installing: /home/gregory3/ros2_ws/install/my_robot_bringup/share/my_robot_bringup/local_setup.zsh
[2.648s] -- Installing: /home/gregory3/ros2_ws/install/my_robot_bringup/share/my_robot_bringup/local_setup.dsv
[2.649s] -- Installing: /home/gregory3/ros2_ws/install/my_robot_bringup/share/my_robot_bringup/package.dsv
[2.649s] -- Installing: /home/gregory3/ros2_ws/install/my_robot_bringup/share/ament_index/resource_index/packages/my_robot_bringup
[2.650s] -- Installing: /home/gregory3/ros2_ws/install/my_robot_bringup/share/my_robot_bringup/cmake/my_robot_bringupConfig.cmake
[2.650s] -- Installing: /home/gregory3/ros2_ws/install/my_robot_bringup/share/my_robot_bringup/cmake/my_robot_bringupConfig-version.cmake
[2.651s] -- Installing: /home/gregory3/ros2_ws/install/my_robot_bringup/share/my_robot_bringup/package.xml
[2.657s] Invoked command in '/home/gregory3/ros2_ws/build/my_robot_bringup' returned '0': AMENT_PREFIX_PATH=/home/gregory3/ros2_ws/install/my_robot_controller:/home/gregory3/ros2_ws/install/rplidar_ros:/home/gregory3/rplidar_ros/install/rplidar_ros:/home/gregory3/ros2_ws/install/my_robot_description:/home/gregory3/ros2_ws/install/my_robot_bringup:/home/gregory3/led_control/install/led_control:/opt/ros/jazzy CMAKE_PREFIX_PATH=/home/gregory3/ros2_ws/install/my_robot_description:/home/gregory3/ros2_ws/install/rplidar_ros:/home/gregory3/rplidar_ros/install/rplidar_ros:/home/gregory3/ros2_ws/install/my_robot_bringup:/opt/ros/jazzy/opt/gz_sim_vendor:/opt/ros/jazzy/opt/gz_sensors_vendor:/opt/ros/jazzy/opt/gz_physics_vendor:/opt/ros/jazzy/opt/sdformat_vendor:/opt/ros/jazzy/opt/gz_gui_vendor:/opt/ros/jazzy/opt/gz_transport_vendor:/opt/ros/jazzy/opt/gz_rendering_vendor:/opt/ros/jazzy/opt/gz_plugin_vendor:/opt/ros/jazzy/opt/gz_fuel_tools_vendor:/opt/ros/jazzy/opt/gz_msgs_vendor:/opt/ros/jazzy/opt/gz_common_vendor:/opt/ros/jazzy/opt/gz_math_vendor:/opt/ros/jazzy/opt/gz_utils_vendor:/opt/ros/jazzy/opt/gz_tools_vendor:/opt/ros/jazzy/opt/gz_ogre_next_vendor:/opt/ros/jazzy/opt/gz_dartsim_vendor:/opt/ros/jazzy/opt/gz_cmake_vendor:/home/gregory3/ros2_ws/install/my_robot_controller:/home/gregory3/led_control/install/led_control:/opt/ros/jazzy DEBUGINFOD_URLS=https://debuginfod.ubuntu.com /usr/bin/cmake --install /home/gregory3/ros2_ws/build/my_robot_bringup
