running egg_info
writing build/camera_feed/camera_feed.egg-info/PKG-INFO
writing dependency_links to build/camera_feed/camera_feed.egg-info/dependency_links.txt
writing entry points to build/camera_feed/camera_feed.egg-info/entry_points.txt
writing requirements to build/camera_feed/camera_feed.egg-info/requires.txt
writing top-level names to build/camera_feed/camera_feed.egg-info/top_level.txt
reading manifest file 'build/camera_feed/camera_feed.egg-info/SOURCES.txt'
writing manifest file 'build/camera_feed/camera_feed.egg-info/SOURCES.txt'
running build
running build_py
copying camera_feed/camera_stream.py -> /home/gregory3/camera_feed/build/camera_feed/build/lib/camera_feed
running install
running install_lib
copying /home/gregory3/camera_feed/build/camera_feed/build/lib/camera_feed/camera_stream.py -> /home/gregory3/camera_feed/install/camera_feed/lib/python3.12/site-packages/camera_feed
byte-compiling /home/gregory3/camera_feed/install/camera_feed/lib/python3.12/site-packages/camera_feed/camera_stream.py to camera_stream.cpython-312.pyc
running install_data
running install_egg_info
removing '/home/gregory3/camera_feed/install/camera_feed/lib/python3.12/site-packages/camera_feed-0.0.1-py3.12.egg-info' (and everything under it)
Copying build/camera_feed/camera_feed.egg-info to /home/gregory3/camera_feed/install/camera_feed/lib/python3.12/site-packages/camera_feed-0.0.1-py3.12.egg-info
running install_scripts
Installing camera_stream script to /home/gregory3/camera_feed/install/camera_feed/lib/camera_feed
writing list of installed files to '/home/gregory3/camera_feed/build/camera_feed/install.log'
