[0.014s] Invoking command in '/home/gregory3/ros2_ws/build/my_robot_bringup': AMENT_PREFIX_PATH=/home/gregory3/ros2_ws/install/my_robot_controller:/home/gregory3/ros2_ws/install/my_robot_description:/home/gregory3/ros2_ws/install/my_robot_bringup:/home/gregory3/led_control/install/led_control:/opt/ros/jazzy CMAKE_PREFIX_PATH=${CMAKE_PREFIX_PATH}:/home/gregory3/ros2_ws/install/my_robot_controller:/home/gregory3/led_control/install/led_control:/opt/ros/jazzy DEBUGINFOD_URLS=https://debuginfod.ubuntu.com /usr/bin/cmake --build /home/gregory3/ros2_ws/build/my_robot_bringup -- -j4 -l4
[0.047s] -- Found ament_cmake: 2.5.2 (/opt/ros/jazzy/share/ament_cmake/cmake)
[0.368s] -- Configuring done (0.3s)
[0.375s] -- Generating done (0.0s)
[0.375s] -- Build files have been written to: /home/gregory3/ros2_ws/build/my_robot_bringup
[0.395s] Invoked command in '/home/gregory3/ros2_ws/build/my_robot_bringup' returned '0': AMENT_PREFIX_PATH=/home/gregory3/ros2_ws/install/my_robot_controller:/home/gregory3/ros2_ws/install/my_robot_description:/home/gregory3/ros2_ws/install/my_robot_bringup:/home/gregory3/led_control/install/led_control:/opt/ros/jazzy CMAKE_PREFIX_PATH=${CMAKE_PREFIX_PATH}:/home/gregory3/ros2_ws/install/my_robot_controller:/home/gregory3/led_control/install/led_control:/opt/ros/jazzy DEBUGINFOD_URLS=https://debuginfod.ubuntu.com /usr/bin/cmake --build /home/gregory3/ros2_ws/build/my_robot_bringup -- -j4 -l4
[0.418s] Invoking command in '/home/gregory3/ros2_ws/build/my_robot_bringup': AMENT_PREFIX_PATH=/home/gregory3/ros2_ws/install/my_robot_controller:/home/gregory3/ros2_ws/install/my_robot_description:/home/gregory3/ros2_ws/install/my_robot_bringup:/home/gregory3/led_control/install/led_control:/opt/ros/jazzy CMAKE_PREFIX_PATH=${CMAKE_PREFIX_PATH}:/home/gregory3/ros2_ws/install/my_robot_controller:/home/gregory3/led_control/install/led_control:/opt/ros/jazzy DEBUGINFOD_URLS=https://debuginfod.ubuntu.com /usr/bin/cmake --install /home/gregory3/ros2_ws/build/my_robot_bringup
[0.427s] -- Install configuration: ""
[0.427s] -- Installing: /home/gregory3/ros2_ws/install/my_robot_bringup/share/my_robot_bringup/launch
[0.427s] -- Installing: /home/gregory3/ros2_ws/install/my_robot_bringup/share/my_robot_bringup/launch/my_robot.launch.py
[0.427s] -- Installing: /home/gregory3/ros2_ws/install/my_robot_bringup/share/ament_index/resource_index/package_run_dependencies/my_robot_bringup
[0.427s] -- Installing: /home/gregory3/ros2_ws/install/my_robot_bringup/share/ament_index/resource_index/parent_prefix_path/my_robot_bringup
[0.428s] -- Up-to-date: /home/gregory3/ros2_ws/install/my_robot_bringup/share/my_robot_bringup/environment/ament_prefix_path.sh
[0.428s] -- Up-to-date: /home/gregory3/ros2_ws/install/my_robot_bringup/share/my_robot_bringup/environment/ament_prefix_path.dsv
[0.428s] -- Up-to-date: /home/gregory3/ros2_ws/install/my_robot_bringup/share/my_robot_bringup/environment/path.sh
[0.428s] -- Up-to-date: /home/gregory3/ros2_ws/install/my_robot_bringup/share/my_robot_bringup/environment/path.dsv
[0.428s] -- Up-to-date: /home/gregory3/ros2_ws/install/my_robot_bringup/share/my_robot_bringup/local_setup.bash
[0.428s] -- Up-to-date: /home/gregory3/ros2_ws/install/my_robot_bringup/share/my_robot_bringup/local_setup.sh
[0.428s] -- Up-to-date: /home/gregory3/ros2_ws/install/my_robot_bringup/share/my_robot_bringup/local_setup.zsh
[0.428s] -- Up-to-date: /home/gregory3/ros2_ws/install/my_robot_bringup/share/my_robot_bringup/local_setup.dsv
[0.428s] -- Installing: /home/gregory3/ros2_ws/install/my_robot_bringup/share/my_robot_bringup/package.dsv
[0.428s] -- Up-to-date: /home/gregory3/ros2_ws/install/my_robot_bringup/share/ament_index/resource_index/packages/my_robot_bringup
[0.428s] -- Installing: /home/gregory3/ros2_ws/install/my_robot_bringup/share/my_robot_bringup/cmake/my_robot_bringupConfig.cmake
[0.428s] -- Installing: /home/gregory3/ros2_ws/install/my_robot_bringup/share/my_robot_bringup/cmake/my_robot_bringupConfig-version.cmake
[0.428s] -- Installing: /home/gregory3/ros2_ws/install/my_robot_bringup/share/my_robot_bringup/package.xml
[0.430s] Invoked command in '/home/gregory3/ros2_ws/build/my_robot_bringup' returned '0': AMENT_PREFIX_PATH=/home/gregory3/ros2_ws/install/my_robot_controller:/home/gregory3/ros2_ws/install/my_robot_description:/home/gregory3/ros2_ws/install/my_robot_bringup:/home/gregory3/led_control/install/led_control:/opt/ros/jazzy CMAKE_PREFIX_PATH=${CMAKE_PREFIX_PATH}:/home/gregory3/ros2_ws/install/my_robot_controller:/home/gregory3/led_control/install/led_control:/opt/ros/jazzy DEBUGINFOD_URLS=https://debuginfod.ubuntu.com /usr/bin/cmake --install /home/gregory3/ros2_ws/build/my_robot_bringup
