[0.229s] Invoking command in '/home/gregory3/ros2_ws/build/my_robot_description': CMAKE_PREFIX_PATH=${CMAKE_PREFIX_PATH}:/home/gregory3/ros2_ws/install/my_robot_controller:/home/gregory3/led_control/install/led_control:/opt/ros/jazzy DEBUGINFOD_URLS=https://debuginfod.ubuntu.com /usr/bin/cmake /home/gregory3/ros2_ws/src/my_robot_description -DCMAKE_INSTALL_PREFIX=/home/gregory3/ros2_ws/install/my_robot_description
[0.298s] -- The C compiler identification is GNU 13.2.0
[0.366s] -- The CXX compiler identification is GNU 13.2.0
[0.380s] -- Detecting C compiler ABI info
[0.467s] -- Detecting C compiler ABI info - done
[0.476s] -- Check for working C compiler: /usr/bin/cc - skipped
[0.476s] -- Detecting C compile features
[0.477s] -- Detecting C compile features - done
[0.485s] -- Detecting CXX compiler ABI info
[0.581s] -- Detecting CXX compiler ABI info - done
[0.599s] -- Check for working CXX compiler: /usr/bin/c++ - skipped
[0.599s] -- Detecting CXX compile features
[0.600s] -- Detecting CXX compile features - done
[0.605s] -- Found ament_cmake: 2.5.2 (/opt/ros/jazzy/share/ament_cmake/cmake)
[0.755s] -- Found Python3: /usr/bin/python3 (found version "3.12.3") found components: Interpreter 
[0.879s] -- Found rclcpp: 28.1.3 (/opt/ros/jazzy/share/rclcpp/cmake)
[0.934s] -- Found rosidl_generator_c: 4.6.3 (/opt/ros/jazzy/share/rosidl_generator_c/cmake)
[0.951s] -- Found rosidl_generator_cpp: 4.6.3 (/opt/ros/jazzy/share/rosidl_generator_cpp/cmake)
[0.971s] -- Using all available rosidl_typesupport_c: rosidl_typesupport_fastrtps_c;rosidl_typesupport_introspection_c
[0.995s] -- Using all available rosidl_typesupport_cpp: rosidl_typesupport_fastrtps_cpp;rosidl_typesupport_introspection_cpp
[1.081s] -- Found rmw_implementation_cmake: 7.3.1 (/opt/ros/jazzy/share/rmw_implementation_cmake/cmake)
[1.085s] -- Found rmw_fastrtps_cpp: 8.4.1 (/opt/ros/jazzy/share/rmw_fastrtps_cpp/cmake)
[1.174s] -- Found OpenSSL: /usr/lib/x86_64-linux-gnu/libcrypto.so (found version "3.0.13")  
[1.197s] -- Found FastRTPS: /opt/ros/jazzy/include (Required is at least version "2.13") 
[1.220s] -- Using RMW implementation 'rmw_fastrtps_cpp' as default
[1.311s] -- Found ament_lint_auto: 0.17.1 (/opt/ros/jazzy/share/ament_lint_auto/cmake)
[1.430s] -- Added test 'lint_cmake' to check CMake code style
[1.432s] -- Added test 'xmllint' to check XML markup files
[1.433s] -- Configuring done (1.2s)
[1.437s] -- Generating done (0.0s)
[1.438s] -- Build files have been written to: /home/gregory3/ros2_ws/build/my_robot_description
[1.447s] Invoked command in '/home/gregory3/ros2_ws/build/my_robot_description' returned '0': CMAKE_PREFIX_PATH=${CMAKE_PREFIX_PATH}:/home/gregory3/ros2_ws/install/my_robot_controller:/home/gregory3/led_control/install/led_control:/opt/ros/jazzy DEBUGINFOD_URLS=https://debuginfod.ubuntu.com /usr/bin/cmake /home/gregory3/ros2_ws/src/my_robot_description -DCMAKE_INSTALL_PREFIX=/home/gregory3/ros2_ws/install/my_robot_description
[1.449s] Invoking command in '/home/gregory3/ros2_ws/build/my_robot_description': CMAKE_PREFIX_PATH=${CMAKE_PREFIX_PATH}:/home/gregory3/ros2_ws/install/my_robot_controller:/home/gregory3/led_control/install/led_control:/opt/ros/jazzy DEBUGINFOD_URLS=https://debuginfod.ubuntu.com /usr/bin/cmake --build /home/gregory3/ros2_ws/build/my_robot_description -- -j4 -l4
[1.497s] Invoked command in '/home/gregory3/ros2_ws/build/my_robot_description' returned '0': CMAKE_PREFIX_PATH=${CMAKE_PREFIX_PATH}:/home/gregory3/ros2_ws/install/my_robot_controller:/home/gregory3/led_control/install/led_control:/opt/ros/jazzy DEBUGINFOD_URLS=https://debuginfod.ubuntu.com /usr/bin/cmake --build /home/gregory3/ros2_ws/build/my_robot_description -- -j4 -l4
[1.519s] Invoking command in '/home/gregory3/ros2_ws/build/my_robot_description': CMAKE_PREFIX_PATH=${CMAKE_PREFIX_PATH}:/home/gregory3/ros2_ws/install/my_robot_controller:/home/gregory3/led_control/install/led_control:/opt/ros/jazzy DEBUGINFOD_URLS=https://debuginfod.ubuntu.com /usr/bin/cmake --install /home/gregory3/ros2_ws/build/my_robot_description
[1.526s] -- Install configuration: ""
[1.526s] -- Installing: /home/gregory3/ros2_ws/install/my_robot_description/share/ament_index/resource_index/package_run_dependencies/my_robot_description
[1.526s] -- Installing: /home/gregory3/ros2_ws/install/my_robot_description/share/ament_index/resource_index/parent_prefix_path/my_robot_description
[1.527s] -- Installing: /home/gregory3/ros2_ws/install/my_robot_description/share/my_robot_description/environment/ament_prefix_path.sh
[1.527s] -- Installing: /home/gregory3/ros2_ws/install/my_robot_description/share/my_robot_description/environment/ament_prefix_path.dsv
[1.527s] -- Installing: /home/gregory3/ros2_ws/install/my_robot_description/share/my_robot_description/environment/path.sh
[1.527s] -- Installing: /home/gregory3/ros2_ws/install/my_robot_description/share/my_robot_description/environment/path.dsv
[1.527s] -- Installing: /home/gregory3/ros2_ws/install/my_robot_description/share/my_robot_description/local_setup.bash
[1.527s] -- Installing: /home/gregory3/ros2_ws/install/my_robot_description/share/my_robot_description/local_setup.sh
[1.527s] -- Installing: /home/gregory3/ros2_ws/install/my_robot_description/share/my_robot_description/local_setup.zsh
[1.527s] -- Installing: /home/gregory3/ros2_ws/install/my_robot_description/share/my_robot_description/local_setup.dsv
[1.527s] -- Installing: /home/gregory3/ros2_ws/install/my_robot_description/share/my_robot_description/package.dsv
[1.528s] -- Installing: /home/gregory3/ros2_ws/install/my_robot_description/share/ament_index/resource_index/packages/my_robot_description
[1.528s] -- Installing: /home/gregory3/ros2_ws/install/my_robot_description/share/my_robot_description/cmake/my_robot_descriptionConfig.cmake
[1.528s] -- Installing: /home/gregory3/ros2_ws/install/my_robot_description/share/my_robot_description/cmake/my_robot_descriptionConfig-version.cmake
[1.528s] -- Installing: /home/gregory3/ros2_ws/install/my_robot_description/share/my_robot_description/package.xml
[1.530s] Invoked command in '/home/gregory3/ros2_ws/build/my_robot_description' returned '0': CMAKE_PREFIX_PATH=${CMAKE_PREFIX_PATH}:/home/gregory3/ros2_ws/install/my_robot_controller:/home/gregory3/led_control/install/led_control:/opt/ros/jazzy DEBUGINFOD_URLS=https://debuginfod.ubuntu.com /usr/bin/cmake --install /home/gregory3/ros2_ws/build/my_robot_description
