running egg_info
writing ../../build/my_robot_controller/my_robot_controller.egg-info/PKG-INFO
writing dependency_links to ../../build/my_robot_controller/my_robot_controller.egg-info/dependency_links.txt
writing entry points to ../../build/my_robot_controller/my_robot_controller.egg-info/entry_points.txt
writing requirements to ../../build/my_robot_controller/my_robot_controller.egg-info/requires.txt
writing top-level names to ../../build/my_robot_controller/my_robot_controller.egg-info/top_level.txt
reading manifest file '../../build/my_robot_controller/my_robot_controller.egg-info/SOURCES.txt'
writing manifest file '../../build/my_robot_controller/my_robot_controller.egg-info/SOURCES.txt'
running build
running build_py
copying my_robot_controller/submodules/encoder_wrap.py -> /home/gregory3/ros2_ws/build/my_robot_controller/build/lib/my_robot_controller/submodules
copying my_robot_controller/submodules/pid.py -> /home/gregory3/ros2_ws/build/my_robot_controller/build/lib/my_robot_controller/submodules
copying my_robot_controller/submodules/encoder_to_wheel_jointstate.py -> /home/gregory3/ros2_ws/build/my_robot_controller/build/lib/my_robot_controller/submodules
running install
running install_lib
copying /home/gregory3/ros2_ws/build/my_robot_controller/build/lib/my_robot_controller/submodules/encoder_wrap.py -> /home/gregory3/ros2_ws/install/my_robot_controller/lib/python3.12/site-packages/my_robot_controller/submodules
copying /home/gregory3/ros2_ws/build/my_robot_controller/build/lib/my_robot_controller/submodules/pid.py -> /home/gregory3/ros2_ws/install/my_robot_controller/lib/python3.12/site-packages/my_robot_controller/submodules
copying /home/gregory3/ros2_ws/build/my_robot_controller/build/lib/my_robot_controller/submodules/encoder_to_wheel_jointstate.py -> /home/gregory3/ros2_ws/install/my_robot_controller/lib/python3.12/site-packages/my_robot_controller/submodules
byte-compiling /home/gregory3/ros2_ws/install/my_robot_controller/lib/python3.12/site-packages/my_robot_controller/submodules/encoder_wrap.py to encoder_wrap.cpython-312.pyc
byte-compiling /home/gregory3/ros2_ws/install/my_robot_controller/lib/python3.12/site-packages/my_robot_controller/submodules/pid.py to pid.cpython-312.pyc
byte-compiling /home/gregory3/ros2_ws/install/my_robot_controller/lib/python3.12/site-packages/my_robot_controller/submodules/encoder_to_wheel_jointstate.py to encoder_to_wheel_jointstate.cpython-312.pyc
running install_data
copying package.xml -> /home/gregory3/ros2_ws/install/my_robot_controller/share/my_robot_controller
running install_egg_info
removing '/home/gregory3/ros2_ws/install/my_robot_controller/lib/python3.12/site-packages/my_robot_controller-0.0.1-py3.12.egg-info' (and everything under it)
Copying ../../build/my_robot_controller/my_robot_controller.egg-info to /home/gregory3/ros2_ws/install/my_robot_controller/lib/python3.12/site-packages/my_robot_controller-0.0.1-py3.12.egg-info
running install_scripts
Installing diff_drive_robot script to /home/gregory3/ros2_ws/install/my_robot_controller/lib/my_robot_controller
writing list of installed files to '/home/gregory3/ros2_ws/build/my_robot_controller/install.log'
