[0.098s] DEBUG:colcon:Command line arguments: ['/usr/bin/colcon', 'build']
[0.098s] DEBUG:colcon:Parsed command line arguments: Namespace(log_base=None, log_level=None, verb_name='build', build_base='build', install_base='install', merge_install=False, symlink_install=False, test_result_base=None, continue_on_error=False, executor='parallel', parallel_workers=4, event_handlers=None, ignore_user_meta=False, metas=['./colcon.meta'], base_paths=['.'], packages_ignore=None, packages_ignore_regex=None, paths=None, packages_up_to=None, packages_up_to_regex=None, packages_above=None, packages_above_and_dependencies=None, packages_above_depth=None, packages_select_by_dep=None, packages_skip_by_dep=None, packages_skip_up_to=None, packages_select_build_failed=False, packages_skip_build_finished=False, packages_select_test_failures=False, packages_skip_test_passed=False, packages_select=None, packages_skip=None, packages_select_regex=None, packages_skip_regex=None, packages_start=None, packages_end=None, allow_overriding=[], cmake_args=None, cmake_target=None, cmake_target_skip_unavailable=False, cmake_clean_cache=False, cmake_clean_first=False, cmake_force_configure=False, ament_cmake_args=None, catkin_cmake_args=None, catkin_skip_building_tests=False, mixin_files=None, mixin=None, verb_parser=<colcon_mixin.mixin.mixin_argument.MixinArgumentDecorator object at 0x745751087590>, verb_extension=<colcon_core.verb.build.BuildVerb object at 0x745751086bd0>, main=<bound method BuildVerb.main of <colcon_core.verb.build.BuildVerb object at 0x745751086bd0>>, mixin_verb=('build',))
[0.133s] Level 1:colcon.colcon_core.package_discovery:discover_packages(colcon_meta) check parameters
[0.133s] Level 1:colcon.colcon_core.package_discovery:discover_packages(recursive) check parameters
[0.133s] Level 1:colcon.colcon_core.package_discovery:discover_packages(ignore) check parameters
[0.133s] Level 1:colcon.colcon_core.package_discovery:discover_packages(path) check parameters
[0.133s] Level 1:colcon.colcon_core.package_discovery:discover_packages(colcon_meta) discover
[0.133s] Level 1:colcon.colcon_core.package_discovery:discover_packages(recursive) discover
[0.133s] INFO:colcon.colcon_core.package_discovery:Crawling recursively for packages in '/home/gregory3/ros2_ws'
[0.134s] Level 1:colcon.colcon_core.package_identification:_identify(.) by extensions ['ignore', 'ignore_ament_install']
[0.134s] Level 1:colcon.colcon_core.package_identification:_identify(.) by extension 'ignore'
[0.134s] Level 1:colcon.colcon_core.package_identification:_identify(.) by extension 'ignore_ament_install'
[0.134s] Level 1:colcon.colcon_core.package_identification:_identify(.) by extensions ['colcon_pkg']
[0.134s] Level 1:colcon.colcon_core.package_identification:_identify(.) by extension 'colcon_pkg'
[0.134s] Level 1:colcon.colcon_core.package_identification:_identify(.) by extensions ['colcon_meta']
[0.134s] Level 1:colcon.colcon_core.package_identification:_identify(.) by extension 'colcon_meta'
[0.134s] Level 1:colcon.colcon_core.package_identification:_identify(.) by extensions ['ros']
[0.134s] Level 1:colcon.colcon_core.package_identification:_identify(.) by extension 'ros'
[0.157s] Level 1:colcon.colcon_core.package_identification:_identify(.) by extensions ['cmake', 'python']
[0.158s] Level 1:colcon.colcon_core.package_identification:_identify(.) by extension 'cmake'
[0.158s] Level 1:colcon.colcon_core.package_identification:_identify(.) by extension 'python'
[0.158s] Level 1:colcon.colcon_core.package_identification:_identify(.) by extensions ['python_setup_py']
[0.158s] Level 1:colcon.colcon_core.package_identification:_identify(.) by extension 'python_setup_py'
[0.158s] Level 1:colcon.colcon_core.package_identification:_identify(build) by extensions ['ignore', 'ignore_ament_install']
[0.158s] Level 1:colcon.colcon_core.package_identification:_identify(build) by extension 'ignore'
[0.158s] Level 1:colcon.colcon_core.package_identification:_identify(build) ignored
[0.158s] Level 1:colcon.colcon_core.package_identification:_identify(install) by extensions ['ignore', 'ignore_ament_install']
[0.158s] Level 1:colcon.colcon_core.package_identification:_identify(install) by extension 'ignore'
[0.158s] Level 1:colcon.colcon_core.package_identification:_identify(install) ignored
[0.158s] Level 1:colcon.colcon_core.package_identification:_identify(log) by extensions ['ignore', 'ignore_ament_install']
[0.158s] Level 1:colcon.colcon_core.package_identification:_identify(log) by extension 'ignore'
[0.158s] Level 1:colcon.colcon_core.package_identification:_identify(log) ignored
[0.158s] Level 1:colcon.colcon_core.package_identification:_identify(src) by extensions ['ignore', 'ignore_ament_install']
[0.158s] Level 1:colcon.colcon_core.package_identification:_identify(src) by extension 'ignore'
[0.159s] Level 1:colcon.colcon_core.package_identification:_identify(src) by extension 'ignore_ament_install'
[0.159s] Level 1:colcon.colcon_core.package_identification:_identify(src) by extensions ['colcon_pkg']
[0.159s] Level 1:colcon.colcon_core.package_identification:_identify(src) by extension 'colcon_pkg'
[0.159s] Level 1:colcon.colcon_core.package_identification:_identify(src) by extensions ['colcon_meta']
[0.159s] Level 1:colcon.colcon_core.package_identification:_identify(src) by extension 'colcon_meta'
[0.159s] Level 1:colcon.colcon_core.package_identification:_identify(src) by extensions ['ros']
[0.159s] Level 1:colcon.colcon_core.package_identification:_identify(src) by extension 'ros'
[0.159s] Level 1:colcon.colcon_core.package_identification:_identify(src) by extensions ['cmake', 'python']
[0.159s] Level 1:colcon.colcon_core.package_identification:_identify(src) by extension 'cmake'
[0.159s] Level 1:colcon.colcon_core.package_identification:_identify(src) by extension 'python'
[0.159s] Level 1:colcon.colcon_core.package_identification:_identify(src) by extensions ['python_setup_py']
[0.159s] Level 1:colcon.colcon_core.package_identification:_identify(src) by extension 'python_setup_py'
[0.159s] Level 1:colcon.colcon_core.package_identification:_identify(src/my_robot_bringup) by extensions ['ignore', 'ignore_ament_install']
[0.159s] Level 1:colcon.colcon_core.package_identification:_identify(src/my_robot_bringup) by extension 'ignore'
[0.159s] Level 1:colcon.colcon_core.package_identification:_identify(src/my_robot_bringup) by extension 'ignore_ament_install'
[0.159s] Level 1:colcon.colcon_core.package_identification:_identify(src/my_robot_bringup) by extensions ['colcon_pkg']
[0.159s] Level 1:colcon.colcon_core.package_identification:_identify(src/my_robot_bringup) by extension 'colcon_pkg'
[0.159s] Level 1:colcon.colcon_core.package_identification:_identify(src/my_robot_bringup) by extensions ['colcon_meta']
[0.159s] Level 1:colcon.colcon_core.package_identification:_identify(src/my_robot_bringup) by extension 'colcon_meta'
[0.159s] Level 1:colcon.colcon_core.package_identification:_identify(src/my_robot_bringup) by extensions ['ros']
[0.159s] Level 1:colcon.colcon_core.package_identification:_identify(src/my_robot_bringup) by extension 'ros'
[0.161s] DEBUG:colcon.colcon_core.package_identification:Package 'src/my_robot_bringup' with type 'ros.ament_cmake' and name 'my_robot_bringup'
[0.161s] Level 1:colcon.colcon_core.package_identification:_identify(src/my_robot_controller) by extensions ['ignore', 'ignore_ament_install']
[0.162s] Level 1:colcon.colcon_core.package_identification:_identify(src/my_robot_controller) by extension 'ignore'
[0.162s] Level 1:colcon.colcon_core.package_identification:_identify(src/my_robot_controller) by extension 'ignore_ament_install'
[0.162s] Level 1:colcon.colcon_core.package_identification:_identify(src/my_robot_controller) by extensions ['colcon_pkg']
[0.162s] Level 1:colcon.colcon_core.package_identification:_identify(src/my_robot_controller) by extension 'colcon_pkg'
[0.162s] Level 1:colcon.colcon_core.package_identification:_identify(src/my_robot_controller) by extensions ['colcon_meta']
[0.162s] Level 1:colcon.colcon_core.package_identification:_identify(src/my_robot_controller) by extension 'colcon_meta'
[0.162s] Level 1:colcon.colcon_core.package_identification:_identify(src/my_robot_controller) by extensions ['ros']
[0.162s] Level 1:colcon.colcon_core.package_identification:_identify(src/my_robot_controller) by extension 'ros'
[0.162s] DEBUG:colcon.colcon_core.package_identification:Package 'src/my_robot_controller' with type 'ros.ament_python' and name 'my_robot_controller'
[0.163s] Level 1:colcon.colcon_core.package_identification:_identify(src/my_robot_description) by extensions ['ignore', 'ignore_ament_install']
[0.163s] Level 1:colcon.colcon_core.package_identification:_identify(src/my_robot_description) by extension 'ignore'
[0.163s] Level 1:colcon.colcon_core.package_identification:_identify(src/my_robot_description) by extension 'ignore_ament_install'
[0.163s] Level 1:colcon.colcon_core.package_identification:_identify(src/my_robot_description) by extensions ['colcon_pkg']
[0.163s] Level 1:colcon.colcon_core.package_identification:_identify(src/my_robot_description) by extension 'colcon_pkg'
[0.163s] Level 1:colcon.colcon_core.package_identification:_identify(src/my_robot_description) by extensions ['colcon_meta']
[0.163s] Level 1:colcon.colcon_core.package_identification:_identify(src/my_robot_description) by extension 'colcon_meta'
[0.163s] Level 1:colcon.colcon_core.package_identification:_identify(src/my_robot_description) by extensions ['ros']
[0.163s] Level 1:colcon.colcon_core.package_identification:_identify(src/my_robot_description) by extension 'ros'
[0.163s] DEBUG:colcon.colcon_core.package_identification:Package 'src/my_robot_description' with type 'ros.ament_cmake' and name 'my_robot_description'
[0.163s] Level 1:colcon.colcon_core.package_discovery:discover_packages(recursive) using defaults
[0.163s] Level 1:colcon.colcon_core.package_discovery:discover_packages(ignore) discover
[0.163s] Level 1:colcon.colcon_core.package_discovery:discover_packages(ignore) using defaults
[0.163s] Level 1:colcon.colcon_core.package_discovery:discover_packages(path) discover
[0.163s] Level 1:colcon.colcon_core.package_discovery:discover_packages(path) using defaults
[0.179s] Level 1:colcon.colcon_core.package_discovery:discover_packages(prefix_path) check parameters
[0.179s] Level 1:colcon.colcon_core.package_discovery:discover_packages(prefix_path) discover
[0.181s] DEBUG:colcon.colcon_installed_package_information.package_discovery:Found 3 installed packages in /home/gregory3/ros2_ws/install
[0.181s] DEBUG:colcon.colcon_installed_package_information.package_discovery:Found 1 installed packages in /home/gregory3/led_control/install
[0.183s] DEBUG:colcon.colcon_installed_package_information.package_discovery:Found 351 installed packages in /opt/ros/jazzy
[0.184s] Level 1:colcon.colcon_core.package_discovery:discover_packages(prefix_path) using defaults
[0.225s] Level 5:colcon.colcon_core.verb:set package 'my_robot_bringup' build argument 'cmake_args' from command line to 'None'
[0.225s] Level 5:colcon.colcon_core.verb:set package 'my_robot_bringup' build argument 'cmake_target' from command line to 'None'
[0.225s] Level 5:colcon.colcon_core.verb:set package 'my_robot_bringup' build argument 'cmake_target_skip_unavailable' from command line to 'False'
[0.225s] Level 5:colcon.colcon_core.verb:set package 'my_robot_bringup' build argument 'cmake_clean_cache' from command line to 'False'
[0.225s] Level 5:colcon.colcon_core.verb:set package 'my_robot_bringup' build argument 'cmake_clean_first' from command line to 'False'
[0.225s] Level 5:colcon.colcon_core.verb:set package 'my_robot_bringup' build argument 'cmake_force_configure' from command line to 'False'
[0.225s] Level 5:colcon.colcon_core.verb:set package 'my_robot_bringup' build argument 'ament_cmake_args' from command line to 'None'
[0.225s] Level 5:colcon.colcon_core.verb:set package 'my_robot_bringup' build argument 'catkin_cmake_args' from command line to 'None'
[0.225s] Level 5:colcon.colcon_core.verb:set package 'my_robot_bringup' build argument 'catkin_skip_building_tests' from command line to 'False'
[0.225s] DEBUG:colcon.colcon_core.verb:Building package 'my_robot_bringup' with the following arguments: {'ament_cmake_args': None, 'build_base': '/home/gregory3/ros2_ws/build/my_robot_bringup', 'catkin_cmake_args': None, 'catkin_skip_building_tests': False, 'cmake_args': None, 'cmake_clean_cache': False, 'cmake_clean_first': False, 'cmake_force_configure': False, 'cmake_target': None, 'cmake_target_skip_unavailable': False, 'install_base': '/home/gregory3/ros2_ws/install/my_robot_bringup', 'merge_install': False, 'path': '/home/gregory3/ros2_ws/src/my_robot_bringup', 'symlink_install': False, 'test_result_base': None}
[0.225s] Level 5:colcon.colcon_core.verb:set package 'my_robot_controller' build argument 'cmake_args' from command line to 'None'
[0.225s] Level 5:colcon.colcon_core.verb:set package 'my_robot_controller' build argument 'cmake_target' from command line to 'None'
[0.225s] Level 5:colcon.colcon_core.verb:set package 'my_robot_controller' build argument 'cmake_target_skip_unavailable' from command line to 'False'
[0.225s] Level 5:colcon.colcon_core.verb:set package 'my_robot_controller' build argument 'cmake_clean_cache' from command line to 'False'
[0.225s] Level 5:colcon.colcon_core.verb:set package 'my_robot_controller' build argument 'cmake_clean_first' from command line to 'False'
[0.225s] Level 5:colcon.colcon_core.verb:set package 'my_robot_controller' build argument 'cmake_force_configure' from command line to 'False'
[0.225s] Level 5:colcon.colcon_core.verb:set package 'my_robot_controller' build argument 'ament_cmake_args' from command line to 'None'
[0.225s] Level 5:colcon.colcon_core.verb:set package 'my_robot_controller' build argument 'catkin_cmake_args' from command line to 'None'
[0.225s] Level 5:colcon.colcon_core.verb:set package 'my_robot_controller' build argument 'catkin_skip_building_tests' from command line to 'False'
[0.225s] DEBUG:colcon.colcon_core.verb:Building package 'my_robot_controller' with the following arguments: {'ament_cmake_args': None, 'build_base': '/home/gregory3/ros2_ws/build/my_robot_controller', 'catkin_cmake_args': None, 'catkin_skip_building_tests': False, 'cmake_args': None, 'cmake_clean_cache': False, 'cmake_clean_first': False, 'cmake_force_configure': False, 'cmake_target': None, 'cmake_target_skip_unavailable': False, 'install_base': '/home/gregory3/ros2_ws/install/my_robot_controller', 'merge_install': False, 'path': '/home/gregory3/ros2_ws/src/my_robot_controller', 'symlink_install': False, 'test_result_base': None}
[0.226s] Level 5:colcon.colcon_core.verb:set package 'my_robot_description' build argument 'cmake_args' from command line to 'None'
[0.226s] Level 5:colcon.colcon_core.verb:set package 'my_robot_description' build argument 'cmake_target' from command line to 'None'
[0.226s] Level 5:colcon.colcon_core.verb:set package 'my_robot_description' build argument 'cmake_target_skip_unavailable' from command line to 'False'
[0.226s] Level 5:colcon.colcon_core.verb:set package 'my_robot_description' build argument 'cmake_clean_cache' from command line to 'False'
[0.226s] Level 5:colcon.colcon_core.verb:set package 'my_robot_description' build argument 'cmake_clean_first' from command line to 'False'
[0.226s] Level 5:colcon.colcon_core.verb:set package 'my_robot_description' build argument 'cmake_force_configure' from command line to 'False'
[0.226s] Level 5:colcon.colcon_core.verb:set package 'my_robot_description' build argument 'ament_cmake_args' from command line to 'None'
[0.226s] Level 5:colcon.colcon_core.verb:set package 'my_robot_description' build argument 'catkin_cmake_args' from command line to 'None'
[0.226s] Level 5:colcon.colcon_core.verb:set package 'my_robot_description' build argument 'catkin_skip_building_tests' from command line to 'False'
[0.226s] DEBUG:colcon.colcon_core.verb:Building package 'my_robot_description' with the following arguments: {'ament_cmake_args': None, 'build_base': '/home/gregory3/ros2_ws/build/my_robot_description', 'catkin_cmake_args': None, 'catkin_skip_building_tests': False, 'cmake_args': None, 'cmake_clean_cache': False, 'cmake_clean_first': False, 'cmake_force_configure': False, 'cmake_target': None, 'cmake_target_skip_unavailable': False, 'install_base': '/home/gregory3/ros2_ws/install/my_robot_description', 'merge_install': False, 'path': '/home/gregory3/ros2_ws/src/my_robot_description', 'symlink_install': False, 'test_result_base': None}
[0.226s] INFO:colcon.colcon_core.executor:Executing jobs using 'parallel' executor
[0.227s] DEBUG:colcon.colcon_parallel_executor.executor.parallel:run_until_complete
[0.227s] INFO:colcon.colcon_ros.task.ament_cmake.build:Building ROS package in '/home/gregory3/ros2_ws/src/my_robot_bringup' with build type 'ament_cmake'
[0.227s] INFO:colcon.colcon_cmake.task.cmake.build:Building CMake package in '/home/gregory3/ros2_ws/src/my_robot_bringup'
[0.229s] INFO:colcon.colcon_core.plugin_system:Skipping extension 'colcon_core.shell.bat': Not used on non-Windows systems
[0.230s] INFO:colcon.colcon_core.shell:Skip shell extension 'powershell' for command environment: Not usable outside of PowerShell
[0.230s] DEBUG:colcon.colcon_core.shell:Skip shell extension 'dsv' for command environment
[0.237s] INFO:colcon.colcon_ros.task.ament_python.build:Building ROS package in '/home/gregory3/ros2_ws/src/my_robot_controller' with build type 'ament_python'
[0.237s] Level 1:colcon.colcon_core.shell:create_environment_hook('my_robot_controller', 'ament_prefix_path')
[0.237s] INFO:colcon.colcon_core.shell:Creating environment hook '/home/gregory3/ros2_ws/install/my_robot_controller/share/my_robot_controller/hook/ament_prefix_path.ps1'
[0.238s] INFO:colcon.colcon_core.shell:Creating environment descriptor '/home/gregory3/ros2_ws/install/my_robot_controller/share/my_robot_controller/hook/ament_prefix_path.dsv'
[0.238s] INFO:colcon.colcon_core.shell:Creating environment hook '/home/gregory3/ros2_ws/install/my_robot_controller/share/my_robot_controller/hook/ament_prefix_path.sh'
[0.239s] INFO:colcon.colcon_core.shell:Skip shell extension 'powershell' for command environment: Not usable outside of PowerShell
[0.239s] DEBUG:colcon.colcon_core.shell:Skip shell extension 'dsv' for command environment
[0.242s] INFO:colcon.colcon_ros.task.ament_cmake.build:Building ROS package in '/home/gregory3/ros2_ws/src/my_robot_description' with build type 'ament_cmake'
[0.242s] INFO:colcon.colcon_cmake.task.cmake.build:Building CMake package in '/home/gregory3/ros2_ws/src/my_robot_description'
[0.243s] INFO:colcon.colcon_core.shell:Skip shell extension 'powershell' for command environment: Not usable outside of PowerShell
[0.243s] DEBUG:colcon.colcon_core.shell:Skip shell extension 'dsv' for command environment
[0.251s] DEBUG:colcon.colcon_core.event_handler.log_command:Invoking command in '/home/gregory3/ros2_ws/build/my_robot_bringup': CMAKE_PREFIX_PATH=${CMAKE_PREFIX_PATH}:/home/gregory3/ros2_ws/install/my_robot_controller:/home/gregory3/led_control/install/led_control:/opt/ros/jazzy DEBUGINFOD_URLS=https://debuginfod.ubuntu.com /usr/bin/cmake --build /home/gregory3/ros2_ws/build/my_robot_bringup -- -j4 -l4
[0.469s] INFO:colcon.colcon_core.task.python.build:Building Python package in '/home/gregory3/ros2_ws/src/my_robot_controller'
[0.469s] INFO:colcon.colcon_core.shell:Skip shell extension 'powershell' for command environment: Not usable outside of PowerShell
[0.469s] DEBUG:colcon.colcon_core.shell:Skip shell extension 'dsv' for command environment
[0.474s] DEBUG:colcon.colcon_core.event_handler.log_command:Invoked command in '/home/gregory3/ros2_ws/build/my_robot_bringup' returned '0': CMAKE_PREFIX_PATH=${CMAKE_PREFIX_PATH}:/home/gregory3/ros2_ws/install/my_robot_controller:/home/gregory3/led_control/install/led_control:/opt/ros/jazzy DEBUGINFOD_URLS=https://debuginfod.ubuntu.com /usr/bin/cmake --build /home/gregory3/ros2_ws/build/my_robot_bringup -- -j4 -l4
[0.477s] DEBUG:colcon.colcon_core.event_handler.log_command:Invoking command in '/home/gregory3/ros2_ws/build/my_robot_description': CMAKE_PREFIX_PATH=${CMAKE_PREFIX_PATH}:/home/gregory3/ros2_ws/install/my_robot_controller:/home/gregory3/led_control/install/led_control:/opt/ros/jazzy DEBUGINFOD_URLS=https://debuginfod.ubuntu.com /usr/bin/cmake --build /home/gregory3/ros2_ws/build/my_robot_description -- -j4 -l4
[0.511s] DEBUG:colcon.colcon_core.event_handler.log_command:Invoking command in '/home/gregory3/ros2_ws/build/my_robot_bringup': CMAKE_PREFIX_PATH=${CMAKE_PREFIX_PATH}:/home/gregory3/ros2_ws/install/my_robot_controller:/home/gregory3/led_control/install/led_control:/opt/ros/jazzy DEBUGINFOD_URLS=https://debuginfod.ubuntu.com /usr/bin/cmake --install /home/gregory3/ros2_ws/build/my_robot_bringup
[0.524s] DEBUG:colcon.colcon_core.event_handler.log_command:Invoked command in '/home/gregory3/ros2_ws/build/my_robot_description' returned '0': CMAKE_PREFIX_PATH=${CMAKE_PREFIX_PATH}:/home/gregory3/ros2_ws/install/my_robot_controller:/home/gregory3/led_control/install/led_control:/opt/ros/jazzy DEBUGINFOD_URLS=https://debuginfod.ubuntu.com /usr/bin/cmake --build /home/gregory3/ros2_ws/build/my_robot_description -- -j4 -l4
[0.525s] Level 1:colcon.colcon_core.environment:create_environment_scripts_only(my_robot_bringup)
[0.526s] DEBUG:colcon.colcon_core.event_handler.log_command:Invoked command in '/home/gregory3/ros2_ws/build/my_robot_bringup' returned '0': CMAKE_PREFIX_PATH=${CMAKE_PREFIX_PATH}:/home/gregory3/ros2_ws/install/my_robot_controller:/home/gregory3/led_control/install/led_control:/opt/ros/jazzy DEBUGINFOD_URLS=https://debuginfod.ubuntu.com /usr/bin/cmake --install /home/gregory3/ros2_ws/build/my_robot_bringup
[0.529s] Level 1:colcon.colcon_core.environment:checking '/home/gregory3/ros2_ws/install/my_robot_bringup' for CMake module files
[0.531s] Level 1:colcon.colcon_core.environment:checking '/home/gregory3/ros2_ws/install/my_robot_bringup' for CMake config files
[0.531s] Level 1:colcon.colcon_core.shell:create_environment_hook('my_robot_bringup', 'cmake_prefix_path')
[0.532s] INFO:colcon.colcon_core.shell:Creating environment hook '/home/gregory3/ros2_ws/install/my_robot_bringup/share/my_robot_bringup/hook/cmake_prefix_path.ps1'
[0.533s] INFO:colcon.colcon_core.shell:Creating environment descriptor '/home/gregory3/ros2_ws/install/my_robot_bringup/share/my_robot_bringup/hook/cmake_prefix_path.dsv'
[0.534s] INFO:colcon.colcon_core.shell:Creating environment hook '/home/gregory3/ros2_ws/install/my_robot_bringup/share/my_robot_bringup/hook/cmake_prefix_path.sh'
[0.536s] Level 1:colcon.colcon_core.environment:checking '/home/gregory3/ros2_ws/install/my_robot_bringup/bin'
[0.536s] Level 1:colcon.colcon_core.environment:checking '/home/gregory3/ros2_ws/install/my_robot_bringup/lib/pkgconfig/my_robot_bringup.pc'
[0.536s] Level 1:colcon.colcon_core.environment:checking '/home/gregory3/ros2_ws/install/my_robot_bringup/lib/python3.12/site-packages'
[0.537s] Level 1:colcon.colcon_core.environment:checking '/home/gregory3/ros2_ws/install/my_robot_bringup/bin'
[0.537s] INFO:colcon.colcon_core.shell:Creating package script '/home/gregory3/ros2_ws/install/my_robot_bringup/share/my_robot_bringup/package.ps1'
[0.538s] INFO:colcon.colcon_core.shell:Creating package descriptor '/home/gregory3/ros2_ws/install/my_robot_bringup/share/my_robot_bringup/package.dsv'
[0.539s] INFO:colcon.colcon_core.shell:Creating package script '/home/gregory3/ros2_ws/install/my_robot_bringup/share/my_robot_bringup/package.sh'
[0.540s] INFO:colcon.colcon_core.shell:Creating package script '/home/gregory3/ros2_ws/install/my_robot_bringup/share/my_robot_bringup/package.bash'
[0.541s] INFO:colcon.colcon_core.shell:Creating package script '/home/gregory3/ros2_ws/install/my_robot_bringup/share/my_robot_bringup/package.zsh'
[0.543s] Level 1:colcon.colcon_core.environment:create_file_with_runtime_dependencies(/home/gregory3/ros2_ws/install/my_robot_bringup/share/colcon-core/packages/my_robot_bringup)
[0.555s] DEBUG:colcon.colcon_core.event_handler.log_command:Invoking command in '/home/gregory3/ros2_ws/build/my_robot_description': CMAKE_PREFIX_PATH=${CMAKE_PREFIX_PATH}:/home/gregory3/ros2_ws/install/my_robot_controller:/home/gregory3/led_control/install/led_control:/opt/ros/jazzy DEBUGINFOD_URLS=https://debuginfod.ubuntu.com /usr/bin/cmake --install /home/gregory3/ros2_ws/build/my_robot_description
[0.570s] Level 1:colcon.colcon_core.environment:create_environment_scripts_only(my_robot_description)
[0.570s] Level 1:colcon.colcon_core.environment:checking '/home/gregory3/ros2_ws/install/my_robot_description' for CMake module files
[0.570s] DEBUG:colcon.colcon_core.event_handler.log_command:Invoked command in '/home/gregory3/ros2_ws/build/my_robot_description' returned '0': CMAKE_PREFIX_PATH=${CMAKE_PREFIX_PATH}:/home/gregory3/ros2_ws/install/my_robot_controller:/home/gregory3/led_control/install/led_control:/opt/ros/jazzy DEBUGINFOD_URLS=https://debuginfod.ubuntu.com /usr/bin/cmake --install /home/gregory3/ros2_ws/build/my_robot_description
[0.571s] Level 1:colcon.colcon_core.environment:checking '/home/gregory3/ros2_ws/install/my_robot_description' for CMake config files
[0.572s] Level 1:colcon.colcon_core.shell:create_environment_hook('my_robot_description', 'cmake_prefix_path')
[0.572s] INFO:colcon.colcon_core.shell:Creating environment hook '/home/gregory3/ros2_ws/install/my_robot_description/share/my_robot_description/hook/cmake_prefix_path.ps1'
[0.573s] INFO:colcon.colcon_core.shell:Creating environment descriptor '/home/gregory3/ros2_ws/install/my_robot_description/share/my_robot_description/hook/cmake_prefix_path.dsv'
[0.573s] INFO:colcon.colcon_core.shell:Creating environment hook '/home/gregory3/ros2_ws/install/my_robot_description/share/my_robot_description/hook/cmake_prefix_path.sh'
[0.574s] Level 1:colcon.colcon_core.environment:checking '/home/gregory3/ros2_ws/install/my_robot_description/bin'
[0.574s] Level 1:colcon.colcon_core.environment:checking '/home/gregory3/ros2_ws/install/my_robot_description/lib/pkgconfig/my_robot_description.pc'
[0.574s] Level 1:colcon.colcon_core.environment:checking '/home/gregory3/ros2_ws/install/my_robot_description/lib/python3.12/site-packages'
[0.574s] Level 1:colcon.colcon_core.environment:checking '/home/gregory3/ros2_ws/install/my_robot_description/bin'
[0.575s] INFO:colcon.colcon_core.shell:Creating package script '/home/gregory3/ros2_ws/install/my_robot_description/share/my_robot_description/package.ps1'
[0.575s] INFO:colcon.colcon_core.shell:Creating package descriptor '/home/gregory3/ros2_ws/install/my_robot_description/share/my_robot_description/package.dsv'
[0.576s] INFO:colcon.colcon_core.shell:Creating package script '/home/gregory3/ros2_ws/install/my_robot_description/share/my_robot_description/package.sh'
[0.576s] INFO:colcon.colcon_core.shell:Creating package script '/home/gregory3/ros2_ws/install/my_robot_description/share/my_robot_description/package.bash'
[0.576s] INFO:colcon.colcon_core.shell:Creating package script '/home/gregory3/ros2_ws/install/my_robot_description/share/my_robot_description/package.zsh'
[0.577s] Level 1:colcon.colcon_core.environment:create_file_with_runtime_dependencies(/home/gregory3/ros2_ws/install/my_robot_description/share/colcon-core/packages/my_robot_description)
[0.578s] Level 1:colcon.colcon_core.environment:create_environment_scripts_only(my_robot_bringup)
[0.579s] Level 1:colcon.colcon_core.environment:checking '/home/gregory3/ros2_ws/install/my_robot_bringup' for CMake module files
[0.579s] Level 1:colcon.colcon_core.environment:checking '/home/gregory3/ros2_ws/install/my_robot_bringup' for CMake config files
[0.580s] Level 1:colcon.colcon_core.shell:create_environment_hook('my_robot_bringup', 'cmake_prefix_path')
[0.580s] INFO:colcon.colcon_core.shell:Creating environment hook '/home/gregory3/ros2_ws/install/my_robot_bringup/share/my_robot_bringup/hook/cmake_prefix_path.ps1'
[0.580s] INFO:colcon.colcon_core.shell:Creating environment descriptor '/home/gregory3/ros2_ws/install/my_robot_bringup/share/my_robot_bringup/hook/cmake_prefix_path.dsv'
[0.581s] INFO:colcon.colcon_core.shell:Creating environment hook '/home/gregory3/ros2_ws/install/my_robot_bringup/share/my_robot_bringup/hook/cmake_prefix_path.sh'
[0.582s] Level 1:colcon.colcon_core.environment:checking '/home/gregory3/ros2_ws/install/my_robot_bringup/bin'
[0.582s] Level 1:colcon.colcon_core.environment:checking '/home/gregory3/ros2_ws/install/my_robot_bringup/lib/pkgconfig/my_robot_bringup.pc'
[0.582s] Level 1:colcon.colcon_core.environment:checking '/home/gregory3/ros2_ws/install/my_robot_bringup/lib/python3.12/site-packages'
[0.582s] Level 1:colcon.colcon_core.environment:checking '/home/gregory3/ros2_ws/install/my_robot_bringup/bin'
[0.583s] INFO:colcon.colcon_core.shell:Creating package script '/home/gregory3/ros2_ws/install/my_robot_bringup/share/my_robot_bringup/package.ps1'
[0.583s] INFO:colcon.colcon_core.shell:Creating package descriptor '/home/gregory3/ros2_ws/install/my_robot_bringup/share/my_robot_bringup/package.dsv'
[0.584s] INFO:colcon.colcon_core.shell:Creating package script '/home/gregory3/ros2_ws/install/my_robot_bringup/share/my_robot_bringup/package.sh'
[0.585s] INFO:colcon.colcon_core.shell:Creating package script '/home/gregory3/ros2_ws/install/my_robot_bringup/share/my_robot_bringup/package.bash'
[0.585s] INFO:colcon.colcon_core.shell:Creating package script '/home/gregory3/ros2_ws/install/my_robot_bringup/share/my_robot_bringup/package.zsh'
[0.586s] Level 1:colcon.colcon_core.environment:create_file_with_runtime_dependencies(/home/gregory3/ros2_ws/install/my_robot_bringup/share/colcon-core/packages/my_robot_bringup)
[0.603s] Level 1:colcon.colcon_core.environment:create_environment_scripts_only(my_robot_description)
[0.603s] Level 1:colcon.colcon_core.environment:checking '/home/gregory3/ros2_ws/install/my_robot_description' for CMake module files
[0.604s] Level 1:colcon.colcon_core.environment:checking '/home/gregory3/ros2_ws/install/my_robot_description' for CMake config files
[0.604s] Level 1:colcon.colcon_core.shell:create_environment_hook('my_robot_description', 'cmake_prefix_path')
[0.604s] INFO:colcon.colcon_core.shell:Creating environment hook '/home/gregory3/ros2_ws/install/my_robot_description/share/my_robot_description/hook/cmake_prefix_path.ps1'
[0.605s] INFO:colcon.colcon_core.shell:Creating environment descriptor '/home/gregory3/ros2_ws/install/my_robot_description/share/my_robot_description/hook/cmake_prefix_path.dsv'
[0.605s] INFO:colcon.colcon_core.shell:Creating environment hook '/home/gregory3/ros2_ws/install/my_robot_description/share/my_robot_description/hook/cmake_prefix_path.sh'
[0.606s] Level 1:colcon.colcon_core.environment:checking '/home/gregory3/ros2_ws/install/my_robot_description/bin'
[0.606s] Level 1:colcon.colcon_core.environment:checking '/home/gregory3/ros2_ws/install/my_robot_description/lib/pkgconfig/my_robot_description.pc'
[0.606s] Level 1:colcon.colcon_core.environment:checking '/home/gregory3/ros2_ws/install/my_robot_description/lib/python3.12/site-packages'
[0.607s] Level 1:colcon.colcon_core.environment:checking '/home/gregory3/ros2_ws/install/my_robot_description/bin'
[0.607s] INFO:colcon.colcon_core.shell:Creating package script '/home/gregory3/ros2_ws/install/my_robot_description/share/my_robot_description/package.ps1'
[0.608s] INFO:colcon.colcon_core.shell:Creating package descriptor '/home/gregory3/ros2_ws/install/my_robot_description/share/my_robot_description/package.dsv'
[0.608s] INFO:colcon.colcon_core.shell:Creating package script '/home/gregory3/ros2_ws/install/my_robot_description/share/my_robot_description/package.sh'
[0.609s] INFO:colcon.colcon_core.shell:Creating package script '/home/gregory3/ros2_ws/install/my_robot_description/share/my_robot_description/package.bash'
[0.609s] INFO:colcon.colcon_core.shell:Creating package script '/home/gregory3/ros2_ws/install/my_robot_description/share/my_robot_description/package.zsh'
[0.609s] Level 1:colcon.colcon_core.environment:create_file_with_runtime_dependencies(/home/gregory3/ros2_ws/install/my_robot_description/share/colcon-core/packages/my_robot_description)
[1.106s] DEBUG:colcon.colcon_core.event_handler.log_command:Invoking command in '/home/gregory3/ros2_ws/src/my_robot_controller': DEBUGINFOD_URLS=https://debuginfod.ubuntu.com PYTHONPATH=/home/gregory3/ros2_ws/build/my_robot_controller/prefix_override:/usr/lib/python3/dist-packages/colcon_core/task/python/colcon_distutils_commands:/home/gregory3/ros2_ws/install/my_robot_controller/lib/python3.12/site-packages:${PYTHONPATH} /usr/bin/python3 -W ignore:setup.py install is deprecated setup.py egg_info --egg-base ../../build/my_robot_controller build --build-base /home/gregory3/ros2_ws/build/my_robot_controller/build install --record /home/gregory3/ros2_ws/build/my_robot_controller/install.log --single-version-externally-managed install_data
[1.655s] Level 1:colcon.colcon_core.environment:checking '/home/gregory3/ros2_ws/install/my_robot_controller' for CMake module files
[1.655s] DEBUG:colcon.colcon_core.event_handler.log_command:Invoked command in '/home/gregory3/ros2_ws/src/my_robot_controller' returned '0': DEBUGINFOD_URLS=https://debuginfod.ubuntu.com PYTHONPATH=/home/gregory3/ros2_ws/build/my_robot_controller/prefix_override:/usr/lib/python3/dist-packages/colcon_core/task/python/colcon_distutils_commands:/home/gregory3/ros2_ws/install/my_robot_controller/lib/python3.12/site-packages:${PYTHONPATH} /usr/bin/python3 -W ignore:setup.py install is deprecated setup.py egg_info --egg-base ../../build/my_robot_controller build --build-base /home/gregory3/ros2_ws/build/my_robot_controller/build install --record /home/gregory3/ros2_ws/build/my_robot_controller/install.log --single-version-externally-managed install_data
[1.655s] Level 1:colcon.colcon_core.environment:checking '/home/gregory3/ros2_ws/install/my_robot_controller' for CMake config files
[1.656s] Level 1:colcon.colcon_core.environment:checking '/home/gregory3/ros2_ws/install/my_robot_controller/lib'
[1.656s] Level 1:colcon.colcon_core.environment:checking '/home/gregory3/ros2_ws/install/my_robot_controller/bin'
[1.656s] Level 1:colcon.colcon_core.environment:checking '/home/gregory3/ros2_ws/install/my_robot_controller/lib/pkgconfig/my_robot_controller.pc'
[1.656s] Level 1:colcon.colcon_core.environment:checking '/home/gregory3/ros2_ws/install/my_robot_controller/lib/python3.12/site-packages'
[1.656s] Level 1:colcon.colcon_core.shell:create_environment_hook('my_robot_controller', 'pythonpath')
[1.656s] INFO:colcon.colcon_core.shell:Creating environment hook '/home/gregory3/ros2_ws/install/my_robot_controller/share/my_robot_controller/hook/pythonpath.ps1'
[1.657s] INFO:colcon.colcon_core.shell:Creating environment descriptor '/home/gregory3/ros2_ws/install/my_robot_controller/share/my_robot_controller/hook/pythonpath.dsv'
[1.657s] INFO:colcon.colcon_core.shell:Creating environment hook '/home/gregory3/ros2_ws/install/my_robot_controller/share/my_robot_controller/hook/pythonpath.sh'
[1.657s] Level 1:colcon.colcon_core.environment:checking '/home/gregory3/ros2_ws/install/my_robot_controller/bin'
[1.657s] Level 1:colcon.colcon_core.environment:create_environment_scripts_only(my_robot_controller)
[1.658s] INFO:colcon.colcon_core.shell:Creating package script '/home/gregory3/ros2_ws/install/my_robot_controller/share/my_robot_controller/package.ps1'
[1.658s] INFO:colcon.colcon_core.shell:Creating package descriptor '/home/gregory3/ros2_ws/install/my_robot_controller/share/my_robot_controller/package.dsv'
[1.658s] INFO:colcon.colcon_core.shell:Creating package script '/home/gregory3/ros2_ws/install/my_robot_controller/share/my_robot_controller/package.sh'
[1.659s] INFO:colcon.colcon_core.shell:Creating package script '/home/gregory3/ros2_ws/install/my_robot_controller/share/my_robot_controller/package.bash'
[1.659s] INFO:colcon.colcon_core.shell:Creating package script '/home/gregory3/ros2_ws/install/my_robot_controller/share/my_robot_controller/package.zsh'
[1.659s] Level 1:colcon.colcon_core.environment:create_file_with_runtime_dependencies(/home/gregory3/ros2_ws/install/my_robot_controller/share/colcon-core/packages/my_robot_controller)
[1.659s] DEBUG:colcon.colcon_parallel_executor.executor.parallel:closing loop
[1.660s] DEBUG:colcon.colcon_parallel_executor.executor.parallel:loop closed
[1.660s] DEBUG:colcon.colcon_parallel_executor.executor.parallel:run_until_complete finished with '0'
[1.660s] DEBUG:colcon.colcon_core.event_reactor:joining thread
[1.668s] INFO:colcon.colcon_core.plugin_system:Skipping extension 'colcon_notification.desktop_notification.terminal_notifier': Not used on non-Darwin systems
[1.669s] INFO:colcon.colcon_core.plugin_system:Skipping extension 'colcon_notification.desktop_notification.win32': Not used on non-Windows systems
[1.669s] INFO:colcon.colcon_notification.desktop_notification:Sending desktop notification using 'notify2'
[1.683s] DEBUG:colcon.colcon_core.event_reactor:joined thread
[1.683s] INFO:colcon.colcon_core.shell:Creating prefix script '/home/gregory3/ros2_ws/install/local_setup.ps1'
[1.684s] INFO:colcon.colcon_core.shell:Creating prefix util module '/home/gregory3/ros2_ws/install/_local_setup_util_ps1.py'
[1.686s] INFO:colcon.colcon_core.shell:Creating prefix chain script '/home/gregory3/ros2_ws/install/setup.ps1'
[1.688s] INFO:colcon.colcon_core.shell:Creating prefix script '/home/gregory3/ros2_ws/install/local_setup.sh'
[1.689s] INFO:colcon.colcon_core.shell:Creating prefix util module '/home/gregory3/ros2_ws/install/_local_setup_util_sh.py'
[1.689s] INFO:colcon.colcon_core.shell:Creating prefix chain script '/home/gregory3/ros2_ws/install/setup.sh'
[1.690s] INFO:colcon.colcon_core.shell:Creating prefix script '/home/gregory3/ros2_ws/install/local_setup.bash'
[1.691s] INFO:colcon.colcon_core.shell:Creating prefix chain script '/home/gregory3/ros2_ws/install/setup.bash'
[1.692s] INFO:colcon.colcon_core.shell:Creating prefix script '/home/gregory3/ros2_ws/install/local_setup.zsh'
[1.692s] INFO:colcon.colcon_core.shell:Creating prefix chain script '/home/gregory3/ros2_ws/install/setup.zsh'
