[0.871s] Invoking command in '/home/gregory3/ros2_ws/src/my_robot_controller': DEBUGINFOD_URLS=https://debuginfod.ubuntu.com PYTHONPATH=/home/gregory3/ros2_ws/build/my_robot_controller/prefix_override:/usr/lib/python3/dist-packages/colcon_core/task/python/colcon_distutils_commands:/home/gregory3/ros2_ws/install/my_robot_controller/lib/python3.12/site-packages:${PYTHONPATH} /usr/bin/python3 -W ignore:setup.py install is deprecated setup.py egg_info --egg-base ../../build/my_robot_controller build --build-base /home/gregory3/ros2_ws/build/my_robot_controller/build install --record /home/gregory3/ros2_ws/build/my_robot_controller/install.log --single-version-externally-managed install_data
[1.133s] running egg_info
[1.154s] writing ../../build/my_robot_controller/my_robot_controller.egg-info/PKG-INFO
[1.154s] writing dependency_links to ../../build/my_robot_controller/my_robot_controller.egg-info/dependency_links.txt
[1.154s] writing entry points to ../../build/my_robot_controller/my_robot_controller.egg-info/entry_points.txt
[1.155s] writing requirements to ../../build/my_robot_controller/my_robot_controller.egg-info/requires.txt
[1.155s] writing top-level names to ../../build/my_robot_controller/my_robot_controller.egg-info/top_level.txt
[1.197s] reading manifest file '../../build/my_robot_controller/my_robot_controller.egg-info/SOURCES.txt'
[1.198s] writing manifest file '../../build/my_robot_controller/my_robot_controller.egg-info/SOURCES.txt'
[1.198s] running build
[1.198s] running build_py
[1.198s] copying my_robot_controller/diff_drive_robot.py -> /home/gregory3/ros2_ws/build/my_robot_controller/build/lib/my_robot_controller
[1.199s] running install
[1.206s] running install_lib
[1.225s] copying /home/gregory3/ros2_ws/build/my_robot_controller/build/lib/my_robot_controller/diff_drive_robot.py -> /home/gregory3/ros2_ws/install/my_robot_controller/lib/python3.12/site-packages/my_robot_controller
[1.225s] byte-compiling /home/gregory3/ros2_ws/install/my_robot_controller/lib/python3.12/site-packages/my_robot_controller/diff_drive_robot.py to diff_drive_robot.cpython-312.pyc
[1.227s] running install_data
[1.228s] running install_egg_info
[1.247s] removing '/home/gregory3/ros2_ws/install/my_robot_controller/lib/python3.12/site-packages/my_robot_controller-0.0.1-py3.12.egg-info' (and everything under it)
[1.247s] Copying ../../build/my_robot_controller/my_robot_controller.egg-info to /home/gregory3/ros2_ws/install/my_robot_controller/lib/python3.12/site-packages/my_robot_controller-0.0.1-py3.12.egg-info
[1.248s] running install_scripts
[1.375s] Installing diff_drive_robot script to /home/gregory3/ros2_ws/install/my_robot_controller/lib/my_robot_controller
[1.376s] writing list of installed files to '/home/gregory3/ros2_ws/build/my_robot_controller/install.log'
[1.411s] Invoked command in '/home/gregory3/ros2_ws/src/my_robot_controller' returned '0': DEBUGINFOD_URLS=https://debuginfod.ubuntu.com PYTHONPATH=/home/gregory3/ros2_ws/build/my_robot_controller/prefix_override:/usr/lib/python3/dist-packages/colcon_core/task/python/colcon_distutils_commands:/home/gregory3/ros2_ws/install/my_robot_controller/lib/python3.12/site-packages:${PYTHONPATH} /usr/bin/python3 -W ignore:setup.py install is deprecated setup.py egg_info --egg-base ../../build/my_robot_controller build --build-base /home/gregory3/ros2_ws/build/my_robot_controller/build install --record /home/gregory3/ros2_ws/build/my_robot_controller/install.log --single-version-externally-managed install_data
