[0.886s] Invoking command in '/home/gregory3/camera_feed': DEBUGINFOD_URLS=https://debuginfod.ubuntu.com PYTHONPATH=/home/gregory3/camera_feed/build/camera_feed/prefix_override:/usr/lib/python3/dist-packages/colcon_core/task/python/colcon_distutils_commands:/home/gregory3/camera_feed/install/camera_feed/lib/python3.12/site-packages:${PYTHONPATH} /usr/bin/python3 -W ignore:setup.py install is deprecated setup.py egg_info --egg-base build/camera_feed build --build-base /home/gregory3/camera_feed/build/camera_feed/build install --record /home/gregory3/camera_feed/build/camera_feed/install.log --single-version-externally-managed install_data
[1.167s] running egg_info
[1.188s] writing build/camera_feed/camera_feed.egg-info/PKG-INFO
[1.189s] writing dependency_links to build/camera_feed/camera_feed.egg-info/dependency_links.txt
[1.189s] writing entry points to build/camera_feed/camera_feed.egg-info/entry_points.txt
[1.189s] writing requirements to build/camera_feed/camera_feed.egg-info/requires.txt
[1.189s] writing top-level names to build/camera_feed/camera_feed.egg-info/top_level.txt
[1.236s] reading manifest file 'build/camera_feed/camera_feed.egg-info/SOURCES.txt'
[1.237s] writing manifest file 'build/camera_feed/camera_feed.egg-info/SOURCES.txt'
[1.237s] running build
[1.237s] running build_py
[1.237s] copying camera_feed/camera_stream.py -> /home/gregory3/camera_feed/build/camera_feed/build/lib/camera_feed
[1.237s] running install
[1.244s] running install_lib
[1.264s] copying /home/gregory3/camera_feed/build/camera_feed/build/lib/camera_feed/camera_stream.py -> /home/gregory3/camera_feed/install/camera_feed/lib/python3.12/site-packages/camera_feed
[1.265s] byte-compiling /home/gregory3/camera_feed/install/camera_feed/lib/python3.12/site-packages/camera_feed/camera_stream.py to camera_stream.cpython-312.pyc
[1.266s] running install_data
[1.266s] running install_egg_info
[1.288s] removing '/home/gregory3/camera_feed/install/camera_feed/lib/python3.12/site-packages/camera_feed-0.0.1-py3.12.egg-info' (and everything under it)
[1.289s] Copying build/camera_feed/camera_feed.egg-info to /home/gregory3/camera_feed/install/camera_feed/lib/python3.12/site-packages/camera_feed-0.0.1-py3.12.egg-info
[1.289s] running install_scripts
[1.427s] Installing camera_stream script to /home/gregory3/camera_feed/install/camera_feed/lib/camera_feed
[1.427s] writing list of installed files to '/home/gregory3/camera_feed/build/camera_feed/install.log'
[1.465s] Invoked command in '/home/gregory3/camera_feed' returned '0': DEBUGINFOD_URLS=https://debuginfod.ubuntu.com PYTHONPATH=/home/gregory3/camera_feed/build/camera_feed/prefix_override:/usr/lib/python3/dist-packages/colcon_core/task/python/colcon_distutils_commands:/home/gregory3/camera_feed/install/camera_feed/lib/python3.12/site-packages:${PYTHONPATH} /usr/bin/python3 -W ignore:setup.py install is deprecated setup.py egg_info --egg-base build/camera_feed build --build-base /home/gregory3/camera_feed/build/camera_feed/build install --record /home/gregory3/camera_feed/build/camera_feed/install.log --single-version-externally-managed install_data
