[0.814s] Invoking command in '/home/gregory3/camera_feed': DEBUGINFOD_URLS=https://debuginfod.ubuntu.com PYTHONPATH=/home/gregory3/camera_feed/build/camera_feed/prefix_override:/usr/lib/python3/dist-packages/colcon_core/task/python/colcon_distutils_commands:/home/gregory3/camera_feed/install/camera_feed/lib/python3.12/site-packages:${PYTHONPATH} /usr/bin/python3 -W ignore:setup.py install is deprecated setup.py egg_info --egg-base build/camera_feed build --build-base /home/gregory3/camera_feed/build/camera_feed/build install --record /home/gregory3/camera_feed/build/camera_feed/install.log --single-version-externally-managed install_data
[1.079s] running egg_info
[1.079s] creating build/camera_feed/camera_feed.egg-info
[1.097s] writing build/camera_feed/camera_feed.egg-info/PKG-INFO
[1.098s] writing dependency_links to build/camera_feed/camera_feed.egg-info/dependency_links.txt
[1.098s] writing entry points to build/camera_feed/camera_feed.egg-info/entry_points.txt
[1.098s] writing requirements to build/camera_feed/camera_feed.egg-info/requires.txt
[1.098s] writing top-level names to build/camera_feed/camera_feed.egg-info/top_level.txt
[1.098s] writing manifest file 'build/camera_feed/camera_feed.egg-info/SOURCES.txt'
[1.140s] reading manifest file 'build/camera_feed/camera_feed.egg-info/SOURCES.txt'
[1.140s] writing manifest file 'build/camera_feed/camera_feed.egg-info/SOURCES.txt'
[1.141s] running build
[1.141s] running build_py
[1.141s] creating /home/gregory3/camera_feed/build/camera_feed/build
[1.141s] creating /home/gregory3/camera_feed/build/camera_feed/build/lib
[1.141s] creating /home/gregory3/camera_feed/build/camera_feed/build/lib/camera_feed
[1.141s] copying camera_feed/camera_stream.py -> /home/gregory3/camera_feed/build/camera_feed/build/lib/camera_feed
[1.141s] copying camera_feed/__init__.py -> /home/gregory3/camera_feed/build/camera_feed/build/lib/camera_feed
[1.142s] running install
[1.147s] running install_lib
[1.166s] creating /home/gregory3/camera_feed/install/camera_feed/lib/python3.12/site-packages/camera_feed
[1.166s] copying /home/gregory3/camera_feed/build/camera_feed/build/lib/camera_feed/camera_stream.py -> /home/gregory3/camera_feed/install/camera_feed/lib/python3.12/site-packages/camera_feed
[1.167s] copying /home/gregory3/camera_feed/build/camera_feed/build/lib/camera_feed/__init__.py -> /home/gregory3/camera_feed/install/camera_feed/lib/python3.12/site-packages/camera_feed
[1.167s] byte-compiling /home/gregory3/camera_feed/install/camera_feed/lib/python3.12/site-packages/camera_feed/camera_stream.py to camera_stream.cpython-312.pyc
[1.168s] byte-compiling /home/gregory3/camera_feed/install/camera_feed/lib/python3.12/site-packages/camera_feed/__init__.py to __init__.cpython-312.pyc
[1.168s] running install_data
[1.168s] creating /home/gregory3/camera_feed/install/camera_feed/share/ament_index
[1.168s] creating /home/gregory3/camera_feed/install/camera_feed/share/ament_index/resource_index
[1.168s] creating /home/gregory3/camera_feed/install/camera_feed/share/ament_index/resource_index/packages
[1.168s] copying resource/camera_feed -> /home/gregory3/camera_feed/install/camera_feed/share/ament_index/resource_index/packages
[1.168s] copying package.xml -> /home/gregory3/camera_feed/install/camera_feed/share/camera_feed
[1.169s] running install_egg_info
[1.189s] Copying build/camera_feed/camera_feed.egg-info to /home/gregory3/camera_feed/install/camera_feed/lib/python3.12/site-packages/camera_feed-0.0.1-py3.12.egg-info
[1.189s] running install_scripts
[1.321s] Installing camera_stream script to /home/gregory3/camera_feed/install/camera_feed/lib/camera_feed
[1.322s] writing list of installed files to '/home/gregory3/camera_feed/build/camera_feed/install.log'
[1.353s] Invoked command in '/home/gregory3/camera_feed' returned '0': DEBUGINFOD_URLS=https://debuginfod.ubuntu.com PYTHONPATH=/home/gregory3/camera_feed/build/camera_feed/prefix_override:/usr/lib/python3/dist-packages/colcon_core/task/python/colcon_distutils_commands:/home/gregory3/camera_feed/install/camera_feed/lib/python3.12/site-packages:${PYTHONPATH} /usr/bin/python3 -W ignore:setup.py install is deprecated setup.py egg_info --egg-base build/camera_feed build --build-base /home/gregory3/camera_feed/build/camera_feed/build install --record /home/gregory3/camera_feed/build/camera_feed/install.log --single-version-externally-managed install_data
