[0.024s] Invoking command in '/home/gregory3/ros2_ws/build/my_robot_bringup': CMAKE_PREFIX_PATH=${CMAKE_PREFIX_PATH}:/home/gregory3/ros2_ws/install/my_robot_controller:/home/gregory3/led_control/install/led_control:/opt/ros/jazzy DEBUGINFOD_URLS=https://debuginfod.ubuntu.com /usr/bin/cmake --build /home/gregory3/ros2_ws/build/my_robot_bringup -- -j4 -l4
[0.242s] Invoked command in '/home/gregory3/ros2_ws/build/my_robot_bringup' returned '0': CMAKE_PREFIX_PATH=${CMAKE_PREFIX_PATH}:/home/gregory3/ros2_ws/install/my_robot_controller:/home/gregory3/led_control/install/led_control:/opt/ros/jazzy DEBUGINFOD_URLS=https://debuginfod.ubuntu.com /usr/bin/cmake --build /home/gregory3/ros2_ws/build/my_robot_bringup -- -j4 -l4
[0.280s] Invoking command in '/home/gregory3/ros2_ws/build/my_robot_bringup': CMAKE_PREFIX_PATH=${CMAKE_PREFIX_PATH}:/home/gregory3/ros2_ws/install/my_robot_controller:/home/gregory3/led_control/install/led_control:/opt/ros/jazzy DEBUGINFOD_URLS=https://debuginfod.ubuntu.com /usr/bin/cmake --install /home/gregory3/ros2_ws/build/my_robot_bringup
[0.290s] -- Install configuration: ""
[0.290s] -- Up-to-date: /home/gregory3/ros2_ws/install/my_robot_bringup/share/ament_index/resource_index/package_run_dependencies/my_robot_bringup
[0.290s] -- Up-to-date: /home/gregory3/ros2_ws/install/my_robot_bringup/share/ament_index/resource_index/parent_prefix_path/my_robot_bringup
[0.290s] -- Up-to-date: /home/gregory3/ros2_ws/install/my_robot_bringup/share/my_robot_bringup/environment/ament_prefix_path.sh
[0.291s] -- Up-to-date: /home/gregory3/ros2_ws/install/my_robot_bringup/share/my_robot_bringup/environment/ament_prefix_path.dsv
[0.291s] -- Up-to-date: /home/gregory3/ros2_ws/install/my_robot_bringup/share/my_robot_bringup/environment/path.sh
[0.291s] -- Up-to-date: /home/gregory3/ros2_ws/install/my_robot_bringup/share/my_robot_bringup/environment/path.dsv
[0.291s] -- Up-to-date: /home/gregory3/ros2_ws/install/my_robot_bringup/share/my_robot_bringup/local_setup.bash
[0.291s] -- Up-to-date: /home/gregory3/ros2_ws/install/my_robot_bringup/share/my_robot_bringup/local_setup.sh
[0.291s] -- Up-to-date: /home/gregory3/ros2_ws/install/my_robot_bringup/share/my_robot_bringup/local_setup.zsh
[0.291s] -- Up-to-date: /home/gregory3/ros2_ws/install/my_robot_bringup/share/my_robot_bringup/local_setup.dsv
[0.291s] -- Up-to-date: /home/gregory3/ros2_ws/install/my_robot_bringup/share/my_robot_bringup/package.dsv
[0.291s] -- Up-to-date: /home/gregory3/ros2_ws/install/my_robot_bringup/share/ament_index/resource_index/packages/my_robot_bringup
[0.292s] -- Up-to-date: /home/gregory3/ros2_ws/install/my_robot_bringup/share/my_robot_bringup/cmake/my_robot_bringupConfig.cmake
[0.292s] -- Up-to-date: /home/gregory3/ros2_ws/install/my_robot_bringup/share/my_robot_bringup/cmake/my_robot_bringupConfig-version.cmake
[0.292s] -- Up-to-date: /home/gregory3/ros2_ws/install/my_robot_bringup/share/my_robot_bringup/package.xml
[0.295s] Invoked command in '/home/gregory3/ros2_ws/build/my_robot_bringup' returned '0': CMAKE_PREFIX_PATH=${CMAKE_PREFIX_PATH}:/home/gregory3/ros2_ws/install/my_robot_controller:/home/gregory3/led_control/install/led_control:/opt/ros/jazzy DEBUGINFOD_URLS=https://debuginfod.ubuntu.com /usr/bin/cmake --install /home/gregory3/ros2_ws/build/my_robot_bringup
