[0.014s] Invoking command in '/home/gregory3/ros2_ws/build/my_robot_bringup': AMENT_PREFIX_PATH=/home/gregory3/ros2_ws/install/my_robot_controller:/home/gregory3/ros2_ws/install/rplidar_ros:/home/gregory3/rplidar_ros/install/rplidar_ros:/home/gregory3/ros2_ws/install/my_robot_description:/home/gregory3/ros2_ws/install/my_robot_bringup:/home/gregory3/led_control/install/led_control:/opt/ros/jazzy CMAKE_PREFIX_PATH=/home/gregory3/ros2_ws/install/my_robot_description:/home/gregory3/ros2_ws/install/rplidar_ros:/home/gregory3/rplidar_ros/install/rplidar_ros:/home/gregory3/ros2_ws/install/my_robot_bringup:/opt/ros/jazzy/opt/gz_sim_vendor:/opt/ros/jazzy/opt/gz_sensors_vendor:/opt/ros/jazzy/opt/gz_physics_vendor:/opt/ros/jazzy/opt/sdformat_vendor:/opt/ros/jazzy/opt/gz_gui_vendor:/opt/ros/jazzy/opt/gz_transport_vendor:/opt/ros/jazzy/opt/gz_rendering_vendor:/opt/ros/jazzy/opt/gz_plugin_vendor:/opt/ros/jazzy/opt/gz_fuel_tools_vendor:/opt/ros/jazzy/opt/gz_msgs_vendor:/opt/ros/jazzy/opt/gz_common_vendor:/opt/ros/jazzy/opt/gz_math_vendor:/opt/ros/jazzy/opt/gz_utils_vendor:/opt/ros/jazzy/opt/gz_tools_vendor:/opt/ros/jazzy/opt/gz_ogre_next_vendor:/opt/ros/jazzy/opt/gz_dartsim_vendor:/opt/ros/jazzy/opt/gz_cmake_vendor:/home/gregory3/ros2_ws/install/my_robot_controller:/home/gregory3/led_control/install/led_control:/opt/ros/jazzy DEBUGINFOD_URLS=https://debuginfod.ubuntu.com /usr/bin/cmake /home/gregory3/ros2_ws/src/my_robot_bringup -DCMAKE_INSTALL_PREFIX=/home/gregory3/ros2_ws/install/my_robot_bringup
[0.076s] -- The C compiler identification is GNU 13.2.0
[0.137s] -- The CXX compiler identification is GNU 13.2.0
[0.152s] -- Detecting C compiler ABI info
[0.372s] -- Detecting C compiler ABI info - done
[0.407s] -- Check for working C compiler: /usr/bin/cc - skipped
[0.408s] -- Detecting C compile features
[0.408s] -- Detecting C compile features - done
[0.424s] -- Detecting CXX compiler ABI info
[0.574s] -- Detecting CXX compiler ABI info - done
[0.598s] -- Check for working CXX compiler: /usr/bin/c++ - skipped
[0.599s] -- Detecting CXX compile features
[0.601s] -- Detecting CXX compile features - done
[0.607s] -- Found ament_cmake: 2.5.2 (/opt/ros/jazzy/share/ament_cmake/cmake)
[0.905s] -- Found Python3: /usr/bin/python3 (found version "3.12.3") found components: Interpreter 
[1.315s] -- Configuring done (1.3s)
[1.319s] -- Generating done (0.0s)
[1.321s] -- Build files have been written to: /home/gregory3/ros2_ws/build/my_robot_bringup
[1.330s] Invoked command in '/home/gregory3/ros2_ws/build/my_robot_bringup' returned '0': AMENT_PREFIX_PATH=/home/gregory3/ros2_ws/install/my_robot_controller:/home/gregory3/ros2_ws/install/rplidar_ros:/home/gregory3/rplidar_ros/install/rplidar_ros:/home/gregory3/ros2_ws/install/my_robot_description:/home/gregory3/ros2_ws/install/my_robot_bringup:/home/gregory3/led_control/install/led_control:/opt/ros/jazzy CMAKE_PREFIX_PATH=/home/gregory3/ros2_ws/install/my_robot_description:/home/gregory3/ros2_ws/install/rplidar_ros:/home/gregory3/rplidar_ros/install/rplidar_ros:/home/gregory3/ros2_ws/install/my_robot_bringup:/opt/ros/jazzy/opt/gz_sim_vendor:/opt/ros/jazzy/opt/gz_sensors_vendor:/opt/ros/jazzy/opt/gz_physics_vendor:/opt/ros/jazzy/opt/sdformat_vendor:/opt/ros/jazzy/opt/gz_gui_vendor:/opt/ros/jazzy/opt/gz_transport_vendor:/opt/ros/jazzy/opt/gz_rendering_vendor:/opt/ros/jazzy/opt/gz_plugin_vendor:/opt/ros/jazzy/opt/gz_fuel_tools_vendor:/opt/ros/jazzy/opt/gz_msgs_vendor:/opt/ros/jazzy/opt/gz_common_vendor:/opt/ros/jazzy/opt/gz_math_vendor:/opt/ros/jazzy/opt/gz_utils_vendor:/opt/ros/jazzy/opt/gz_tools_vendor:/opt/ros/jazzy/opt/gz_ogre_next_vendor:/opt/ros/jazzy/opt/gz_dartsim_vendor:/opt/ros/jazzy/opt/gz_cmake_vendor:/home/gregory3/ros2_ws/install/my_robot_controller:/home/gregory3/led_control/install/led_control:/opt/ros/jazzy DEBUGINFOD_URLS=https://debuginfod.ubuntu.com /usr/bin/cmake /home/gregory3/ros2_ws/src/my_robot_bringup -DCMAKE_INSTALL_PREFIX=/home/gregory3/ros2_ws/install/my_robot_bringup
[1.332s] Invoking command in '/home/gregory3/ros2_ws/build/my_robot_bringup': AMENT_PREFIX_PATH=/home/gregory3/ros2_ws/install/my_robot_controller:/home/gregory3/ros2_ws/install/rplidar_ros:/home/gregory3/rplidar_ros/install/rplidar_ros:/home/gregory3/ros2_ws/install/my_robot_description:/home/gregory3/ros2_ws/install/my_robot_bringup:/home/gregory3/led_control/install/led_control:/opt/ros/jazzy CMAKE_PREFIX_PATH=/home/gregory3/ros2_ws/install/my_robot_description:/home/gregory3/ros2_ws/install/rplidar_ros:/home/gregory3/rplidar_ros/install/rplidar_ros:/home/gregory3/ros2_ws/install/my_robot_bringup:/opt/ros/jazzy/opt/gz_sim_vendor:/opt/ros/jazzy/opt/gz_sensors_vendor:/opt/ros/jazzy/opt/gz_physics_vendor:/opt/ros/jazzy/opt/sdformat_vendor:/opt/ros/jazzy/opt/gz_gui_vendor:/opt/ros/jazzy/opt/gz_transport_vendor:/opt/ros/jazzy/opt/gz_rendering_vendor:/opt/ros/jazzy/opt/gz_plugin_vendor:/opt/ros/jazzy/opt/gz_fuel_tools_vendor:/opt/ros/jazzy/opt/gz_msgs_vendor:/opt/ros/jazzy/opt/gz_common_vendor:/opt/ros/jazzy/opt/gz_math_vendor:/opt/ros/jazzy/opt/gz_utils_vendor:/opt/ros/jazzy/opt/gz_tools_vendor:/opt/ros/jazzy/opt/gz_ogre_next_vendor:/opt/ros/jazzy/opt/gz_dartsim_vendor:/opt/ros/jazzy/opt/gz_cmake_vendor:/home/gregory3/ros2_ws/install/my_robot_controller:/home/gregory3/led_control/install/led_control:/opt/ros/jazzy DEBUGINFOD_URLS=https://debuginfod.ubuntu.com /usr/bin/cmake --build /home/gregory3/ros2_ws/build/my_robot_bringup -- -j4 -l4
[1.386s] Invoked command in '/home/gregory3/ros2_ws/build/my_robot_bringup' returned '0': AMENT_PREFIX_PATH=/home/gregory3/ros2_ws/install/my_robot_controller:/home/gregory3/ros2_ws/install/rplidar_ros:/home/gregory3/rplidar_ros/install/rplidar_ros:/home/gregory3/ros2_ws/install/my_robot_description:/home/gregory3/ros2_ws/install/my_robot_bringup:/home/gregory3/led_control/install/led_control:/opt/ros/jazzy CMAKE_PREFIX_PATH=/home/gregory3/ros2_ws/install/my_robot_description:/home/gregory3/ros2_ws/install/rplidar_ros:/home/gregory3/rplidar_ros/install/rplidar_ros:/home/gregory3/ros2_ws/install/my_robot_bringup:/opt/ros/jazzy/opt/gz_sim_vendor:/opt/ros/jazzy/opt/gz_sensors_vendor:/opt/ros/jazzy/opt/gz_physics_vendor:/opt/ros/jazzy/opt/sdformat_vendor:/opt/ros/jazzy/opt/gz_gui_vendor:/opt/ros/jazzy/opt/gz_transport_vendor:/opt/ros/jazzy/opt/gz_rendering_vendor:/opt/ros/jazzy/opt/gz_plugin_vendor:/opt/ros/jazzy/opt/gz_fuel_tools_vendor:/opt/ros/jazzy/opt/gz_msgs_vendor:/opt/ros/jazzy/opt/gz_common_vendor:/opt/ros/jazzy/opt/gz_math_vendor:/opt/ros/jazzy/opt/gz_utils_vendor:/opt/ros/jazzy/opt/gz_tools_vendor:/opt/ros/jazzy/opt/gz_ogre_next_vendor:/opt/ros/jazzy/opt/gz_dartsim_vendor:/opt/ros/jazzy/opt/gz_cmake_vendor:/home/gregory3/ros2_ws/install/my_robot_controller:/home/gregory3/led_control/install/led_control:/opt/ros/jazzy DEBUGINFOD_URLS=https://debuginfod.ubuntu.com /usr/bin/cmake --build /home/gregory3/ros2_ws/build/my_robot_bringup -- -j4 -l4
[1.426s] Invoking command in '/home/gregory3/ros2_ws/build/my_robot_bringup': AMENT_PREFIX_PATH=/home/gregory3/ros2_ws/install/my_robot_controller:/home/gregory3/ros2_ws/install/rplidar_ros:/home/gregory3/rplidar_ros/install/rplidar_ros:/home/gregory3/ros2_ws/install/my_robot_description:/home/gregory3/ros2_ws/install/my_robot_bringup:/home/gregory3/led_control/install/led_control:/opt/ros/jazzy CMAKE_PREFIX_PATH=/home/gregory3/ros2_ws/install/my_robot_description:/home/gregory3/ros2_ws/install/rplidar_ros:/home/gregory3/rplidar_ros/install/rplidar_ros:/home/gregory3/ros2_ws/install/my_robot_bringup:/opt/ros/jazzy/opt/gz_sim_vendor:/opt/ros/jazzy/opt/gz_sensors_vendor:/opt/ros/jazzy/opt/gz_physics_vendor:/opt/ros/jazzy/opt/sdformat_vendor:/opt/ros/jazzy/opt/gz_gui_vendor:/opt/ros/jazzy/opt/gz_transport_vendor:/opt/ros/jazzy/opt/gz_rendering_vendor:/opt/ros/jazzy/opt/gz_plugin_vendor:/opt/ros/jazzy/opt/gz_fuel_tools_vendor:/opt/ros/jazzy/opt/gz_msgs_vendor:/opt/ros/jazzy/opt/gz_common_vendor:/opt/ros/jazzy/opt/gz_math_vendor:/opt/ros/jazzy/opt/gz_utils_vendor:/opt/ros/jazzy/opt/gz_tools_vendor:/opt/ros/jazzy/opt/gz_ogre_next_vendor:/opt/ros/jazzy/opt/gz_dartsim_vendor:/opt/ros/jazzy/opt/gz_cmake_vendor:/home/gregory3/ros2_ws/install/my_robot_controller:/home/gregory3/led_control/install/led_control:/opt/ros/jazzy DEBUGINFOD_URLS=https://debuginfod.ubuntu.com /usr/bin/cmake --install /home/gregory3/ros2_ws/build/my_robot_bringup
[1.441s] -- Install configuration: ""
[1.441s] -- Installing: /home/gregory3/ros2_ws/install/my_robot_bringup/share/my_robot_bringup/launch
[1.441s] -- Installing: /home/gregory3/ros2_ws/install/my_robot_bringup/share/my_robot_bringup/launch/my_robot.launch.py
[1.442s] -- Installing: /home/gregory3/ros2_ws/install/my_robot_bringup/share/ament_index/resource_index/package_run_dependencies/my_robot_bringup
[1.443s] -- Installing: /home/gregory3/ros2_ws/install/my_robot_bringup/share/ament_index/resource_index/parent_prefix_path/my_robot_bringup
[1.444s] -- Installing: /home/gregory3/ros2_ws/install/my_robot_bringup/share/my_robot_bringup/environment/ament_prefix_path.sh
[1.444s] -- Installing: /home/gregory3/ros2_ws/install/my_robot_bringup/share/my_robot_bringup/environment/ament_prefix_path.dsv
[1.445s] -- Installing: /home/gregory3/ros2_ws/install/my_robot_bringup/share/my_robot_bringup/environment/path.sh
[1.445s] -- Installing: /home/gregory3/ros2_ws/install/my_robot_bringup/share/my_robot_bringup/environment/path.dsv
[1.445s] -- Installing: /home/gregory3/ros2_ws/install/my_robot_bringup/share/my_robot_bringup/local_setup.bash
[1.446s] -- Installing: /home/gregory3/ros2_ws/install/my_robot_bringup/share/my_robot_bringup/local_setup.sh
[1.446s] -- Installing: /home/gregory3/ros2_ws/install/my_robot_bringup/share/my_robot_bringup/local_setup.zsh
[1.447s] -- Installing: /home/gregory3/ros2_ws/install/my_robot_bringup/share/my_robot_bringup/local_setup.dsv
[1.447s] -- Installing: /home/gregory3/ros2_ws/install/my_robot_bringup/share/my_robot_bringup/package.dsv
[1.447s] -- Installing: /home/gregory3/ros2_ws/install/my_robot_bringup/share/ament_index/resource_index/packages/my_robot_bringup
[1.448s] -- Installing: /home/gregory3/ros2_ws/install/my_robot_bringup/share/my_robot_bringup/cmake/my_robot_bringupConfig.cmake
[1.448s] -- Installing: /home/gregory3/ros2_ws/install/my_robot_bringup/share/my_robot_bringup/cmake/my_robot_bringupConfig-version.cmake
[1.448s] -- Installing: /home/gregory3/ros2_ws/install/my_robot_bringup/share/my_robot_bringup/package.xml
[1.462s] Invoked command in '/home/gregory3/ros2_ws/build/my_robot_bringup' returned '0': AMENT_PREFIX_PATH=/home/gregory3/ros2_ws/install/my_robot_controller:/home/gregory3/ros2_ws/install/rplidar_ros:/home/gregory3/rplidar_ros/install/rplidar_ros:/home/gregory3/ros2_ws/install/my_robot_description:/home/gregory3/ros2_ws/install/my_robot_bringup:/home/gregory3/led_control/install/led_control:/opt/ros/jazzy CMAKE_PREFIX_PATH=/home/gregory3/ros2_ws/install/my_robot_description:/home/gregory3/ros2_ws/install/rplidar_ros:/home/gregory3/rplidar_ros/install/rplidar_ros:/home/gregory3/ros2_ws/install/my_robot_bringup:/opt/ros/jazzy/opt/gz_sim_vendor:/opt/ros/jazzy/opt/gz_sensors_vendor:/opt/ros/jazzy/opt/gz_physics_vendor:/opt/ros/jazzy/opt/sdformat_vendor:/opt/ros/jazzy/opt/gz_gui_vendor:/opt/ros/jazzy/opt/gz_transport_vendor:/opt/ros/jazzy/opt/gz_rendering_vendor:/opt/ros/jazzy/opt/gz_plugin_vendor:/opt/ros/jazzy/opt/gz_fuel_tools_vendor:/opt/ros/jazzy/opt/gz_msgs_vendor:/opt/ros/jazzy/opt/gz_common_vendor:/opt/ros/jazzy/opt/gz_math_vendor:/opt/ros/jazzy/opt/gz_utils_vendor:/opt/ros/jazzy/opt/gz_tools_vendor:/opt/ros/jazzy/opt/gz_ogre_next_vendor:/opt/ros/jazzy/opt/gz_dartsim_vendor:/opt/ros/jazzy/opt/gz_cmake_vendor:/home/gregory3/ros2_ws/install/my_robot_controller:/home/gregory3/led_control/install/led_control:/opt/ros/jazzy DEBUGINFOD_URLS=https://debuginfod.ubuntu.com /usr/bin/cmake --install /home/gregory3/ros2_ws/build/my_robot_bringup
